CRITICAL - 2020-06-23 20:03:44 --> Invalid file: v_header.php
#0 C:\xampp\htdocs\trusur_dashboards\vendor\codeigniter4\framework\system\View\View.php(228): CodeIgniter\Exceptions\FrameworkException::forInvalidFile('v_header.php')
#1 C:\xampp\htdocs\trusur_dashboards\vendor\codeigniter4\framework\system\Common.php(1087): CodeIgniter\View\View->render('v_header', Array, true)
#2 C:\xampp\htdocs\trusur_dashboards\app\Controllers\Home.php(9): view('v_header')
#3 C:\xampp\htdocs\trusur_dashboards\vendor\codeigniter4\framework\system\CodeIgniter.php(914): App\Controllers\Home->index()
#4 C:\xampp\htdocs\trusur_dashboards\vendor\codeigniter4\framework\system\CodeIgniter.php(400): CodeIgniter\CodeIgniter->runController(Object(App\Controllers\Home))
#5 C:\xampp\htdocs\trusur_dashboards\vendor\codeigniter4\framework\system\CodeIgniter.php(308): CodeIgniter\CodeIgniter->handleRequest(NULL, Object(Config\Cache), false)
#6 C:\xampp\htdocs\trusur_dashboards\public\index.php(45): CodeIgniter\CodeIgniter->run()
#7 C:\xampp\htdocs\trusur_dashboards\vendor\codeigniter4\framework\system\Commands\Server\rewrite.php(34): require_once('C:\\xampp\\htdocs...')
#8 {main}
CRITICAL - 2020-06-23 23:11:59 --> Undefined variable: users
#0 C:\xampp\htdocs\trusur_dashboards\app\Views\v_menu.php(135): CodeIgniter\Debug\Exceptions->errorHandler(8, 'Undefined varia...', 'C:\\xampp\\htdocs...', 135, Array)
#1 C:\xampp\htdocs\trusur_dashboards\vendor\codeigniter4\framework\system\View\View.php(246): include('C:\\xampp\\htdocs...')
#2 C:\xampp\htdocs\trusur_dashboards\vendor\codeigniter4\framework\system\Common.php(1087): CodeIgniter\View\View->render('v_menu', Array, true)
#3 C:\xampp\htdocs\trusur_dashboards\app\Controllers\Home.php(10): view('v_menu')
#4 C:\xampp\htdocs\trusur_dashboards\vendor\codeigniter4\framework\system\CodeIgniter.php(914): App\Controllers\Home->index()
#5 C:\xampp\htdocs\trusur_dashboards\vendor\codeigniter4\framework\system\CodeIgniter.php(400): CodeIgniter\CodeIgniter->runController(Object(App\Controllers\Home))
#6 C:\xampp\htdocs\trusur_dashboards\vendor\codeigniter4\framework\system\CodeIgniter.php(308): CodeIgniter\CodeIgniter->handleRequest(NULL, Object(Config\Cache), false)
#7 C:\xampp\htdocs\trusur_dashboards\public\index.php(45): CodeIgniter\CodeIgniter->run()
#8 C:\xampp\htdocs\trusur_dashboards\vendor\codeigniter4\framework\system\Commands\Server\rewrite.php(34): require_once('C:\\xampp\\htdocs...')
#9 {main}
CRITICAL - 2020-06-23 23:12:47 --> syntax error, unexpected 'echo' (T_ECHO)
#0 C:\xampp\htdocs\trusur_dashboards\vendor\codeigniter4\framework\system\Autoloader\Autoloader.php(296): CodeIgniter\Autoloader\Autoloader->requireFile('C:\\xampp\\htdocs...')
#1 C:\xampp\htdocs\trusur_dashboards\vendor\codeigniter4\framework\system\Autoloader\Autoloader.php(258): CodeIgniter\Autoloader\Autoloader->loadInNamespace('App\\Controllers...')
#2 [internal function]: CodeIgniter\Autoloader\Autoloader->loadClass('App\\Controllers...')
#3 [internal function]: spl_autoload_call('App\\Controllers...')
#4 C:\xampp\htdocs\trusur_dashboards\vendor\codeigniter4\framework\system\CodeIgniter.php(865): class_exists('\\App\\Controller...', true)
#5 C:\xampp\htdocs\trusur_dashboards\vendor\codeigniter4\framework\system\CodeIgniter.php(390): CodeIgniter\CodeIgniter->startController()
#6 C:\xampp\htdocs\trusur_dashboards\vendor\codeigniter4\framework\system\CodeIgniter.php(308): CodeIgniter\CodeIgniter->handleRequest(NULL, Object(Config\Cache), false)
#7 C:\xampp\htdocs\trusur_dashboards\public\index.php(45): CodeIgniter\CodeIgniter->run()
#8 C:\xampp\htdocs\trusur_dashboards\vendor\codeigniter4\framework\system\Commands\Server\rewrite.php(34): require_once('C:\\xampp\\htdocs...')
#9 {main}
CRITICAL - 2020-06-23 23:43:15 --> Undefined variable: __modulename
#0 C:\xampp\htdocs\trusur_dashboards\app\Views\v_menu.php(409): CodeIgniter\Debug\Exceptions->errorHandler(8, 'Undefined varia...', 'C:\\xampp\\htdocs...', 409, Array)
#1 C:\xampp\htdocs\trusur_dashboards\vendor\codeigniter4\framework\system\View\View.php(246): include('C:\\xampp\\htdocs...')
#2 C:\xampp\htdocs\trusur_dashboards\vendor\codeigniter4\framework\system\Common.php(1087): CodeIgniter\View\View->render('v_menu', Array, true)
#3 C:\xampp\htdocs\trusur_dashboards\app\Controllers\Home.php(12): view('v_menu')
#4 C:\xampp\htdocs\trusur_dashboards\vendor\codeigniter4\framework\system\CodeIgniter.php(914): App\Controllers\Home->index()
#5 C:\xampp\htdocs\trusur_dashboards\vendor\codeigniter4\framework\system\CodeIgniter.php(400): CodeIgniter\CodeIgniter->runController(Object(App\Controllers\Home))
#6 C:\xampp\htdocs\trusur_dashboards\vendor\codeigniter4\framework\system\CodeIgniter.php(308): CodeIgniter\CodeIgniter->handleRequest(NULL, Object(Config\Cache), false)
#7 C:\xampp\htdocs\trusur_dashboards\public\index.php(45): CodeIgniter\CodeIgniter->run()
#8 C:\xampp\htdocs\trusur_dashboards\vendor\codeigniter4\framework\system\Commands\Server\rewrite.php(34): require_once('C:\\xampp\\htdocs...')
#9 {main}
