CRITICAL - 2020-06-24 03:07:27 --> Cannot use object of type stdClass as array
#0 C:\xampp\htdocs\trusur_dashboards\vendor\codeigniter4\framework\system\View\View.php(246): include()
#1 C:\xampp\htdocs\trusur_dashboards\vendor\codeigniter4\framework\system\Common.php(1087): CodeIgniter\View\View->render('v_menu', Array, true)
#2 C:\xampp\htdocs\trusur_dashboards\app\Controllers\Home.php(12): view('v_menu')
#3 C:\xampp\htdocs\trusur_dashboards\vendor\codeigniter4\framework\system\CodeIgniter.php(914): App\Controllers\Home->index()
#4 C:\xampp\htdocs\trusur_dashboards\vendor\codeigniter4\framework\system\CodeIgniter.php(400): CodeIgniter\CodeIgniter->runController(Object(App\Controllers\Home))
#5 C:\xampp\htdocs\trusur_dashboards\vendor\codeigniter4\framework\system\CodeIgniter.php(308): CodeIgniter\CodeIgniter->handleRequest(NULL, Object(Config\Cache), false)
#6 C:\xampp\htdocs\trusur_dashboards\public\index.php(45): CodeIgniter\CodeIgniter->run()
#7 C:\xampp\htdocs\trusur_dashboards\vendor\codeigniter4\framework\system\Commands\Server\rewrite.php(34): require_once('C:\\xampp\\htdocs...')
#8 {main}
CRITICAL - 2020-06-24 03:07:41 --> Cannot use object of type stdClass as array
#0 C:\xampp\htdocs\trusur_dashboards\vendor\codeigniter4\framework\system\View\View.php(246): include()
#1 C:\xampp\htdocs\trusur_dashboards\vendor\codeigniter4\framework\system\Common.php(1087): CodeIgniter\View\View->render('v_menu', Array, true)
#2 C:\xampp\htdocs\trusur_dashboards\app\Controllers\Home.php(12): view('v_menu')
#3 C:\xampp\htdocs\trusur_dashboards\vendor\codeigniter4\framework\system\CodeIgniter.php(914): App\Controllers\Home->index()
#4 C:\xampp\htdocs\trusur_dashboards\vendor\codeigniter4\framework\system\CodeIgniter.php(400): CodeIgniter\CodeIgniter->runController(Object(App\Controllers\Home))
#5 C:\xampp\htdocs\trusur_dashboards\vendor\codeigniter4\framework\system\CodeIgniter.php(308): CodeIgniter\CodeIgniter->handleRequest(NULL, Object(Config\Cache), false)
#6 C:\xampp\htdocs\trusur_dashboards\public\index.php(45): CodeIgniter\CodeIgniter->run()
#7 C:\xampp\htdocs\trusur_dashboards\vendor\codeigniter4\framework\system\Commands\Server\rewrite.php(34): require_once('C:\\xampp\\htdocs...')
#8 {main}
CRITICAL - 2020-06-24 04:05:30 --> Undefined offset: 1
#0 C:\xampp\htdocs\trusur_dashboards\app\Views\v_menu.php(160): CodeIgniter\Debug\Exceptions->errorHandler(8, 'Undefined offse...', 'C:\\xampp\\htdocs...', 160, Array)
#1 C:\xampp\htdocs\trusur_dashboards\vendor\codeigniter4\framework\system\View\View.php(246): include('C:\\xampp\\htdocs...')
#2 C:\xampp\htdocs\trusur_dashboards\vendor\codeigniter4\framework\system\Common.php(1087): CodeIgniter\View\View->render('v_menu', Array, true)
#3 C:\xampp\htdocs\trusur_dashboards\app\Controllers\Home.php(12): view('v_menu')
#4 C:\xampp\htdocs\trusur_dashboards\vendor\codeigniter4\framework\system\CodeIgniter.php(914): App\Controllers\Home->index()
#5 C:\xampp\htdocs\trusur_dashboards\vendor\codeigniter4\framework\system\CodeIgniter.php(400): CodeIgniter\CodeIgniter->runController(Object(App\Controllers\Home))
#6 C:\xampp\htdocs\trusur_dashboards\vendor\codeigniter4\framework\system\CodeIgniter.php(308): CodeIgniter\CodeIgniter->handleRequest(NULL, Object(Config\Cache), false)
#7 C:\xampp\htdocs\trusur_dashboards\public\index.php(45): CodeIgniter\CodeIgniter->run()
#8 C:\xampp\htdocs\trusur_dashboards\vendor\codeigniter4\framework\system\Commands\Server\rewrite.php(34): require_once('C:\\xampp\\htdocs...')
#9 {main}
CRITICAL - 2020-06-24 04:05:57 --> Undefined offset: 1
#0 C:\xampp\htdocs\trusur_dashboards\app\Views\v_menu.php(160): CodeIgniter\Debug\Exceptions->errorHandler(8, 'Undefined offse...', 'C:\\xampp\\htdocs...', 160, Array)
#1 C:\xampp\htdocs\trusur_dashboards\vendor\codeigniter4\framework\system\View\View.php(246): include('C:\\xampp\\htdocs...')
#2 C:\xampp\htdocs\trusur_dashboards\vendor\codeigniter4\framework\system\Common.php(1087): CodeIgniter\View\View->render('v_menu', Array, true)
#3 C:\xampp\htdocs\trusur_dashboards\app\Controllers\Home.php(12): view('v_menu')
#4 C:\xampp\htdocs\trusur_dashboards\vendor\codeigniter4\framework\system\CodeIgniter.php(914): App\Controllers\Home->index()
#5 C:\xampp\htdocs\trusur_dashboards\vendor\codeigniter4\framework\system\CodeIgniter.php(400): CodeIgniter\CodeIgniter->runController(Object(App\Controllers\Home))
#6 C:\xampp\htdocs\trusur_dashboards\vendor\codeigniter4\framework\system\CodeIgniter.php(308): CodeIgniter\CodeIgniter->handleRequest(NULL, Object(Config\Cache), false)
#7 C:\xampp\htdocs\trusur_dashboards\public\index.php(45): CodeIgniter\CodeIgniter->run()
#8 C:\xampp\htdocs\trusur_dashboards\vendor\codeigniter4\framework\system\Commands\Server\rewrite.php(34): require_once('C:\\xampp\\htdocs...')
#9 {main}
CRITICAL - 2020-06-24 04:10:16 --> Undefined offset: 1
#0 C:\xampp\htdocs\trusur_dashboards\app\Views\v_menu.php(160): CodeIgniter\Debug\Exceptions->errorHandler(8, 'Undefined offse...', 'C:\\xampp\\htdocs...', 160, Array)
#1 C:\xampp\htdocs\trusur_dashboards\vendor\codeigniter4\framework\system\View\View.php(246): include('C:\\xampp\\htdocs...')
#2 C:\xampp\htdocs\trusur_dashboards\vendor\codeigniter4\framework\system\Common.php(1087): CodeIgniter\View\View->render('v_menu', Array, true)
#3 C:\xampp\htdocs\trusur_dashboards\app\Controllers\Home.php(12): view('v_menu')
#4 C:\xampp\htdocs\trusur_dashboards\vendor\codeigniter4\framework\system\CodeIgniter.php(914): App\Controllers\Home->index()
#5 C:\xampp\htdocs\trusur_dashboards\vendor\codeigniter4\framework\system\CodeIgniter.php(400): CodeIgniter\CodeIgniter->runController(Object(App\Controllers\Home))
#6 C:\xampp\htdocs\trusur_dashboards\vendor\codeigniter4\framework\system\CodeIgniter.php(308): CodeIgniter\CodeIgniter->handleRequest(NULL, Object(Config\Cache), false)
#7 C:\xampp\htdocs\trusur_dashboards\public\index.php(45): CodeIgniter\CodeIgniter->run()
#8 C:\xampp\htdocs\trusur_dashboards\vendor\codeigniter4\framework\system\Commands\Server\rewrite.php(34): require_once('C:\\xampp\\htdocs...')
#9 {main}
CRITICAL - 2020-06-24 04:10:55 --> Undefined offset: 1
#0 C:\xampp\htdocs\trusur_dashboards\app\Views\v_menu.php(160): CodeIgniter\Debug\Exceptions->errorHandler(8, 'Undefined offse...', 'C:\\xampp\\htdocs...', 160, Array)
#1 C:\xampp\htdocs\trusur_dashboards\vendor\codeigniter4\framework\system\View\View.php(246): include('C:\\xampp\\htdocs...')
#2 C:\xampp\htdocs\trusur_dashboards\vendor\codeigniter4\framework\system\Common.php(1087): CodeIgniter\View\View->render('v_menu', Array, true)
#3 C:\xampp\htdocs\trusur_dashboards\app\Controllers\Home.php(12): view('v_menu')
#4 C:\xampp\htdocs\trusur_dashboards\vendor\codeigniter4\framework\system\CodeIgniter.php(914): App\Controllers\Home->index()
#5 C:\xampp\htdocs\trusur_dashboards\vendor\codeigniter4\framework\system\CodeIgniter.php(400): CodeIgniter\CodeIgniter->runController(Object(App\Controllers\Home))
#6 C:\xampp\htdocs\trusur_dashboards\vendor\codeigniter4\framework\system\CodeIgniter.php(308): CodeIgniter\CodeIgniter->handleRequest(NULL, Object(Config\Cache), false)
#7 C:\xampp\htdocs\trusur_dashboards\public\index.php(45): CodeIgniter\CodeIgniter->run()
#8 C:\xampp\htdocs\trusur_dashboards\vendor\codeigniter4\framework\system\Commands\Server\rewrite.php(34): require_once('C:\\xampp\\htdocs...')
#9 {main}
CRITICAL - 2020-06-24 04:12:59 --> Cannot use object of type stdClass as array
#0 C:\xampp\htdocs\trusur_dashboards\vendor\codeigniter4\framework\system\View\View.php(246): include()
#1 C:\xampp\htdocs\trusur_dashboards\vendor\codeigniter4\framework\system\Common.php(1087): CodeIgniter\View\View->render('v_menu', Array, true)
#2 C:\xampp\htdocs\trusur_dashboards\app\Controllers\Home.php(12): view('v_menu')
#3 C:\xampp\htdocs\trusur_dashboards\vendor\codeigniter4\framework\system\CodeIgniter.php(914): App\Controllers\Home->index()
#4 C:\xampp\htdocs\trusur_dashboards\vendor\codeigniter4\framework\system\CodeIgniter.php(400): CodeIgniter\CodeIgniter->runController(Object(App\Controllers\Home))
#5 C:\xampp\htdocs\trusur_dashboards\vendor\codeigniter4\framework\system\CodeIgniter.php(308): CodeIgniter\CodeIgniter->handleRequest(NULL, Object(Config\Cache), false)
#6 C:\xampp\htdocs\trusur_dashboards\public\index.php(45): CodeIgniter\CodeIgniter->run()
#7 C:\xampp\htdocs\trusur_dashboards\vendor\codeigniter4\framework\system\Commands\Server\rewrite.php(34): require_once('C:\\xampp\\htdocs...')
#8 {main}
CRITICAL - 2020-06-24 04:13:36 --> Cannot use object of type stdClass as array
#0 C:\xampp\htdocs\trusur_dashboards\vendor\codeigniter4\framework\system\View\View.php(246): include()
#1 C:\xampp\htdocs\trusur_dashboards\vendor\codeigniter4\framework\system\Common.php(1087): CodeIgniter\View\View->render('v_menu', Array, true)
#2 C:\xampp\htdocs\trusur_dashboards\app\Controllers\Home.php(12): view('v_menu')
#3 C:\xampp\htdocs\trusur_dashboards\vendor\codeigniter4\framework\system\CodeIgniter.php(914): App\Controllers\Home->index()
#4 C:\xampp\htdocs\trusur_dashboards\vendor\codeigniter4\framework\system\CodeIgniter.php(400): CodeIgniter\CodeIgniter->runController(Object(App\Controllers\Home))
#5 C:\xampp\htdocs\trusur_dashboards\vendor\codeigniter4\framework\system\CodeIgniter.php(308): CodeIgniter\CodeIgniter->handleRequest(NULL, Object(Config\Cache), false)
#6 C:\xampp\htdocs\trusur_dashboards\public\index.php(45): CodeIgniter\CodeIgniter->run()
#7 C:\xampp\htdocs\trusur_dashboards\vendor\codeigniter4\framework\system\Commands\Server\rewrite.php(34): require_once('C:\\xampp\\htdocs...')
#8 {main}
CRITICAL - 2020-06-24 04:32:16 --> Argument 1 passed to CodeIgniter\Model::findAll() must be of the type integer, array given, called in C:\xampp\htdocs\trusur_dashboards\app\Controllers\BaseController.php on line 58
#0 C:\xampp\htdocs\trusur_dashboards\app\Controllers\BaseController.php(58): CodeIgniter\Model->findAll(Array)
#1 C:\xampp\htdocs\trusur_dashboards\app\Controllers\Home.php(10): App\Controllers\BaseController->common()
#2 C:\xampp\htdocs\trusur_dashboards\vendor\codeigniter4\framework\system\CodeIgniter.php(914): App\Controllers\Home->index()
#3 C:\xampp\htdocs\trusur_dashboards\vendor\codeigniter4\framework\system\CodeIgniter.php(400): CodeIgniter\CodeIgniter->runController(Object(App\Controllers\Home))
#4 C:\xampp\htdocs\trusur_dashboards\vendor\codeigniter4\framework\system\CodeIgniter.php(308): CodeIgniter\CodeIgniter->handleRequest(NULL, Object(Config\Cache), false)
#5 C:\xampp\htdocs\trusur_dashboards\public\index.php(45): CodeIgniter\CodeIgniter->run()
#6 C:\xampp\htdocs\trusur_dashboards\vendor\codeigniter4\framework\system\Commands\Server\rewrite.php(34): require_once('C:\\xampp\\htdocs...')
#7 {main}
CRITICAL - 2020-06-24 20:12:07 --> Undefined property: App\Controllers\Journal::$menus
#0 C:\xampp\htdocs\trusur_dashboards\app\Controllers\BaseController.php(58): CodeIgniter\Debug\Exceptions->errorHandler(8, 'Undefined prope...', 'C:\\xampp\\htdocs...', 58, Array)
#1 C:\xampp\htdocs\trusur_dashboards\app\Controllers\Journal.php(28): App\Controllers\BaseController->common()
#2 C:\xampp\htdocs\trusur_dashboards\vendor\codeigniter4\framework\system\CodeIgniter.php(914): App\Controllers\Journal->index()
#3 C:\xampp\htdocs\trusur_dashboards\vendor\codeigniter4\framework\system\CodeIgniter.php(400): CodeIgniter\CodeIgniter->runController(Object(App\Controllers\Journal))
#4 C:\xampp\htdocs\trusur_dashboards\vendor\codeigniter4\framework\system\CodeIgniter.php(308): CodeIgniter\CodeIgniter->handleRequest(NULL, Object(Config\Cache), false)
#5 C:\xampp\htdocs\trusur_dashboards\public\index.php(45): CodeIgniter\CodeIgniter->run()
#6 C:\xampp\htdocs\trusur_dashboards\vendor\codeigniter4\framework\system\Commands\Server\rewrite.php(34): require_once('C:\\xampp\\htdocs...')
#7 {main}
CRITICAL - 2020-06-24 20:13:00 --> Undefined property: App\Controllers\Journal::$menus
#0 C:\xampp\htdocs\trusur_dashboards\app\Controllers\BaseController.php(58): CodeIgniter\Debug\Exceptions->errorHandler(8, 'Undefined prope...', 'C:\\xampp\\htdocs...', 58, Array)
#1 C:\xampp\htdocs\trusur_dashboards\app\Controllers\Journal.php(28): App\Controllers\BaseController->common()
#2 C:\xampp\htdocs\trusur_dashboards\vendor\codeigniter4\framework\system\CodeIgniter.php(914): App\Controllers\Journal->index()
#3 C:\xampp\htdocs\trusur_dashboards\vendor\codeigniter4\framework\system\CodeIgniter.php(400): CodeIgniter\CodeIgniter->runController(Object(App\Controllers\Journal))
#4 C:\xampp\htdocs\trusur_dashboards\vendor\codeigniter4\framework\system\CodeIgniter.php(308): CodeIgniter\CodeIgniter->handleRequest(NULL, Object(Config\Cache), false)
#5 C:\xampp\htdocs\trusur_dashboards\public\index.php(45): CodeIgniter\CodeIgniter->run()
#6 C:\xampp\htdocs\trusur_dashboards\vendor\codeigniter4\framework\system\Commands\Server\rewrite.php(34): require_once('C:\\xampp\\htdocs...')
#7 {main}
CRITICAL - 2020-06-24 20:13:26 --> Undefined property: App\Controllers\Journal::$menus
#0 C:\xampp\htdocs\trusur_dashboards\app\Controllers\BaseController.php(58): CodeIgniter\Debug\Exceptions->errorHandler(8, 'Undefined prope...', 'C:\\xampp\\htdocs...', 58, Array)
#1 C:\xampp\htdocs\trusur_dashboards\app\Controllers\Journal.php(28): App\Controllers\BaseController->common()
#2 C:\xampp\htdocs\trusur_dashboards\vendor\codeigniter4\framework\system\CodeIgniter.php(914): App\Controllers\Journal->index()
#3 C:\xampp\htdocs\trusur_dashboards\vendor\codeigniter4\framework\system\CodeIgniter.php(400): CodeIgniter\CodeIgniter->runController(Object(App\Controllers\Journal))
#4 C:\xampp\htdocs\trusur_dashboards\vendor\codeigniter4\framework\system\CodeIgniter.php(308): CodeIgniter\CodeIgniter->handleRequest(NULL, Object(Config\Cache), false)
#5 C:\xampp\htdocs\trusur_dashboards\public\index.php(45): CodeIgniter\CodeIgniter->run()
#6 C:\xampp\htdocs\trusur_dashboards\vendor\codeigniter4\framework\system\Commands\Server\rewrite.php(34): require_once('C:\\xampp\\htdocs...')
#7 {main}
CRITICAL - 2020-06-24 20:13:40 --> Undefined variable: startrow
#0 C:\xampp\htdocs\trusur_dashboards\app\Views\journals\v_journals.php(36): CodeIgniter\Debug\Exceptions->errorHandler(8, 'Undefined varia...', 'C:\\xampp\\htdocs...', 36, Array)
#1 C:\xampp\htdocs\trusur_dashboards\vendor\codeigniter4\framework\system\View\View.php(246): include('C:\\xampp\\htdocs...')
#2 C:\xampp\htdocs\trusur_dashboards\vendor\codeigniter4\framework\system\Common.php(1087): CodeIgniter\View\View->render('journals/v_jour...', Array, true)
#3 C:\xampp\htdocs\trusur_dashboards\app\Controllers\Journal.php(31): view('journals/v_jour...')
#4 C:\xampp\htdocs\trusur_dashboards\vendor\codeigniter4\framework\system\CodeIgniter.php(914): App\Controllers\Journal->index()
#5 C:\xampp\htdocs\trusur_dashboards\vendor\codeigniter4\framework\system\CodeIgniter.php(400): CodeIgniter\CodeIgniter->runController(Object(App\Controllers\Journal))
#6 C:\xampp\htdocs\trusur_dashboards\vendor\codeigniter4\framework\system\CodeIgniter.php(308): CodeIgniter\CodeIgniter->handleRequest(NULL, Object(Config\Cache), false)
#7 C:\xampp\htdocs\trusur_dashboards\public\index.php(45): CodeIgniter\CodeIgniter->run()
#8 C:\xampp\htdocs\trusur_dashboards\vendor\codeigniter4\framework\system\Commands\Server\rewrite.php(34): require_once('C:\\xampp\\htdocs...')
#9 {main}
CRITICAL - 2020-06-24 20:13:52 --> Undefined property: App\Controllers\Journal::$menus
#0 C:\xampp\htdocs\trusur_dashboards\app\Controllers\BaseController.php(58): CodeIgniter\Debug\Exceptions->errorHandler(8, 'Undefined prope...', 'C:\\xampp\\htdocs...', 58, Array)
#1 C:\xampp\htdocs\trusur_dashboards\app\Controllers\Journal.php(27): App\Controllers\BaseController->common()
#2 C:\xampp\htdocs\trusur_dashboards\vendor\codeigniter4\framework\system\CodeIgniter.php(914): App\Controllers\Journal->index()
#3 C:\xampp\htdocs\trusur_dashboards\vendor\codeigniter4\framework\system\CodeIgniter.php(400): CodeIgniter\CodeIgniter->runController(Object(App\Controllers\Journal))
#4 C:\xampp\htdocs\trusur_dashboards\vendor\codeigniter4\framework\system\CodeIgniter.php(308): CodeIgniter\CodeIgniter->handleRequest(NULL, Object(Config\Cache), false)
#5 C:\xampp\htdocs\trusur_dashboards\public\index.php(45): CodeIgniter\CodeIgniter->run()
#6 C:\xampp\htdocs\trusur_dashboards\vendor\codeigniter4\framework\system\Commands\Server\rewrite.php(34): require_once('C:\\xampp\\htdocs...')
#7 {main}
CRITICAL - 2020-06-24 20:14:00 --> Undefined property: App\Controllers\Journal::$menus
#0 C:\xampp\htdocs\trusur_dashboards\app\Controllers\BaseController.php(58): CodeIgniter\Debug\Exceptions->errorHandler(8, 'Undefined prope...', 'C:\\xampp\\htdocs...', 58, Array)
#1 C:\xampp\htdocs\trusur_dashboards\app\Controllers\Journal.php(28): App\Controllers\BaseController->common()
#2 C:\xampp\htdocs\trusur_dashboards\vendor\codeigniter4\framework\system\CodeIgniter.php(914): App\Controllers\Journal->index()
#3 C:\xampp\htdocs\trusur_dashboards\vendor\codeigniter4\framework\system\CodeIgniter.php(400): CodeIgniter\CodeIgniter->runController(Object(App\Controllers\Journal))
#4 C:\xampp\htdocs\trusur_dashboards\vendor\codeigniter4\framework\system\CodeIgniter.php(308): CodeIgniter\CodeIgniter->handleRequest(NULL, Object(Config\Cache), false)
#5 C:\xampp\htdocs\trusur_dashboards\public\index.php(45): CodeIgniter\CodeIgniter->run()
#6 C:\xampp\htdocs\trusur_dashboards\vendor\codeigniter4\framework\system\Commands\Server\rewrite.php(34): require_once('C:\\xampp\\htdocs...')
#7 {main}
CRITICAL - 2020-06-24 20:14:07 --> Undefined property: App\Controllers\Journal::$journals
#0 C:\xampp\htdocs\trusur_dashboards\app\Controllers\Journal.php(24): CodeIgniter\Debug\Exceptions->errorHandler(8, 'Undefined prope...', 'C:\\xampp\\htdocs...', 24, Array)
#1 C:\xampp\htdocs\trusur_dashboards\vendor\codeigniter4\framework\system\CodeIgniter.php(914): App\Controllers\Journal->index()
#2 C:\xampp\htdocs\trusur_dashboards\vendor\codeigniter4\framework\system\CodeIgniter.php(400): CodeIgniter\CodeIgniter->runController(Object(App\Controllers\Journal))
#3 C:\xampp\htdocs\trusur_dashboards\vendor\codeigniter4\framework\system\CodeIgniter.php(308): CodeIgniter\CodeIgniter->handleRequest(NULL, Object(Config\Cache), false)
#4 C:\xampp\htdocs\trusur_dashboards\public\index.php(45): CodeIgniter\CodeIgniter->run()
#5 C:\xampp\htdocs\trusur_dashboards\vendor\codeigniter4\framework\system\Commands\Server\rewrite.php(34): require_once('C:\\xampp\\htdocs...')
#6 {main}
CRITICAL - 2020-06-24 20:14:20 --> Undefined variable: startrow
#0 C:\xampp\htdocs\trusur_dashboards\app\Views\journals\v_journals.php(36): CodeIgniter\Debug\Exceptions->errorHandler(8, 'Undefined varia...', 'C:\\xampp\\htdocs...', 36, Array)
#1 C:\xampp\htdocs\trusur_dashboards\vendor\codeigniter4\framework\system\View\View.php(246): include('C:\\xampp\\htdocs...')
#2 C:\xampp\htdocs\trusur_dashboards\vendor\codeigniter4\framework\system\Common.php(1087): CodeIgniter\View\View->render('journals/v_jour...', Array, true)
#3 C:\xampp\htdocs\trusur_dashboards\app\Controllers\Journal.php(31): view('journals/v_jour...')
#4 C:\xampp\htdocs\trusur_dashboards\vendor\codeigniter4\framework\system\CodeIgniter.php(914): App\Controllers\Journal->index()
#5 C:\xampp\htdocs\trusur_dashboards\vendor\codeigniter4\framework\system\CodeIgniter.php(400): CodeIgniter\CodeIgniter->runController(Object(App\Controllers\Journal))
#6 C:\xampp\htdocs\trusur_dashboards\vendor\codeigniter4\framework\system\CodeIgniter.php(308): CodeIgniter\CodeIgniter->handleRequest(NULL, Object(Config\Cache), false)
#7 C:\xampp\htdocs\trusur_dashboards\public\index.php(45): CodeIgniter\CodeIgniter->run()
#8 C:\xampp\htdocs\trusur_dashboards\vendor\codeigniter4\framework\system\Commands\Server\rewrite.php(34): require_once('C:\\xampp\\htdocs...')
#9 {main}
CRITICAL - 2020-06-24 20:14:34 --> Undefined property: App\Controllers\Journal::$menus
#0 C:\xampp\htdocs\trusur_dashboards\app\Controllers\BaseController.php(58): CodeIgniter\Debug\Exceptions->errorHandler(8, 'Undefined prope...', 'C:\\xampp\\htdocs...', 58, Array)
#1 C:\xampp\htdocs\trusur_dashboards\app\Controllers\Journal.php(28): App\Controllers\BaseController->common()
#2 C:\xampp\htdocs\trusur_dashboards\vendor\codeigniter4\framework\system\CodeIgniter.php(914): App\Controllers\Journal->index()
#3 C:\xampp\htdocs\trusur_dashboards\vendor\codeigniter4\framework\system\CodeIgniter.php(400): CodeIgniter\CodeIgniter->runController(Object(App\Controllers\Journal))
#4 C:\xampp\htdocs\trusur_dashboards\vendor\codeigniter4\framework\system\CodeIgniter.php(308): CodeIgniter\CodeIgniter->handleRequest(NULL, Object(Config\Cache), false)
#5 C:\xampp\htdocs\trusur_dashboards\public\index.php(45): CodeIgniter\CodeIgniter->run()
#6 C:\xampp\htdocs\trusur_dashboards\vendor\codeigniter4\framework\system\Commands\Server\rewrite.php(34): require_once('C:\\xampp\\htdocs...')
#7 {main}
CRITICAL - 2020-06-24 20:14:42 --> Undefined variable: startrow
#0 C:\xampp\htdocs\trusur_dashboards\app\Views\journals\v_journals.php(36): CodeIgniter\Debug\Exceptions->errorHandler(8, 'Undefined varia...', 'C:\\xampp\\htdocs...', 36, Array)
#1 C:\xampp\htdocs\trusur_dashboards\vendor\codeigniter4\framework\system\View\View.php(246): include('C:\\xampp\\htdocs...')
#2 C:\xampp\htdocs\trusur_dashboards\vendor\codeigniter4\framework\system\Common.php(1087): CodeIgniter\View\View->render('journals/v_jour...', Array, true)
#3 C:\xampp\htdocs\trusur_dashboards\app\Controllers\Journal.php(31): view('journals/v_jour...')
#4 C:\xampp\htdocs\trusur_dashboards\vendor\codeigniter4\framework\system\CodeIgniter.php(914): App\Controllers\Journal->index()
#5 C:\xampp\htdocs\trusur_dashboards\vendor\codeigniter4\framework\system\CodeIgniter.php(400): CodeIgniter\CodeIgniter->runController(Object(App\Controllers\Journal))
#6 C:\xampp\htdocs\trusur_dashboards\vendor\codeigniter4\framework\system\CodeIgniter.php(308): CodeIgniter\CodeIgniter->handleRequest(NULL, Object(Config\Cache), false)
#7 C:\xampp\htdocs\trusur_dashboards\public\index.php(45): CodeIgniter\CodeIgniter->run()
#8 C:\xampp\htdocs\trusur_dashboards\vendor\codeigniter4\framework\system\Commands\Server\rewrite.php(34): require_once('C:\\xampp\\htdocs...')
#9 {main}
CRITICAL - 2020-06-24 20:14:46 --> Undefined variable: startrow
#0 C:\xampp\htdocs\trusur_dashboards\app\Views\journals\v_journals.php(36): CodeIgniter\Debug\Exceptions->errorHandler(8, 'Undefined varia...', 'C:\\xampp\\htdocs...', 36, Array)
#1 C:\xampp\htdocs\trusur_dashboards\vendor\codeigniter4\framework\system\View\View.php(246): include('C:\\xampp\\htdocs...')
#2 C:\xampp\htdocs\trusur_dashboards\vendor\codeigniter4\framework\system\Common.php(1087): CodeIgniter\View\View->render('journals/v_jour...', Array, true)
#3 C:\xampp\htdocs\trusur_dashboards\app\Controllers\Journal.php(30): view('journals/v_jour...')
#4 C:\xampp\htdocs\trusur_dashboards\vendor\codeigniter4\framework\system\CodeIgniter.php(914): App\Controllers\Journal->index()
#5 C:\xampp\htdocs\trusur_dashboards\vendor\codeigniter4\framework\system\CodeIgniter.php(400): CodeIgniter\CodeIgniter->runController(Object(App\Controllers\Journal))
#6 C:\xampp\htdocs\trusur_dashboards\vendor\codeigniter4\framework\system\CodeIgniter.php(308): CodeIgniter\CodeIgniter->handleRequest(NULL, Object(Config\Cache), false)
#7 C:\xampp\htdocs\trusur_dashboards\public\index.php(45): CodeIgniter\CodeIgniter->run()
#8 C:\xampp\htdocs\trusur_dashboards\vendor\codeigniter4\framework\system\Commands\Server\rewrite.php(34): require_once('C:\\xampp\\htdocs...')
#9 {main}
CRITICAL - 2020-06-24 20:14:58 --> Undefined property: App\Controllers\Journal::$menus
#0 C:\xampp\htdocs\trusur_dashboards\app\Controllers\BaseController.php(58): CodeIgniter\Debug\Exceptions->errorHandler(8, 'Undefined prope...', 'C:\\xampp\\htdocs...', 58, Array)
#1 C:\xampp\htdocs\trusur_dashboards\app\Controllers\Journal.php(27): App\Controllers\BaseController->common()
#2 C:\xampp\htdocs\trusur_dashboards\vendor\codeigniter4\framework\system\CodeIgniter.php(914): App\Controllers\Journal->index()
#3 C:\xampp\htdocs\trusur_dashboards\vendor\codeigniter4\framework\system\CodeIgniter.php(400): CodeIgniter\CodeIgniter->runController(Object(App\Controllers\Journal))
#4 C:\xampp\htdocs\trusur_dashboards\vendor\codeigniter4\framework\system\CodeIgniter.php(308): CodeIgniter\CodeIgniter->handleRequest(NULL, Object(Config\Cache), false)
#5 C:\xampp\htdocs\trusur_dashboards\public\index.php(45): CodeIgniter\CodeIgniter->run()
#6 C:\xampp\htdocs\trusur_dashboards\vendor\codeigniter4\framework\system\Commands\Server\rewrite.php(34): require_once('C:\\xampp\\htdocs...')
#7 {main}
CRITICAL - 2020-06-24 20:15:40 --> Undefined variable: startrow
#0 C:\xampp\htdocs\trusur_dashboards\app\Views\journals\v_journals.php(36): CodeIgniter\Debug\Exceptions->errorHandler(8, 'Undefined varia...', 'C:\\xampp\\htdocs...', 36, Array)
#1 C:\xampp\htdocs\trusur_dashboards\vendor\codeigniter4\framework\system\View\View.php(246): include('C:\\xampp\\htdocs...')
#2 C:\xampp\htdocs\trusur_dashboards\vendor\codeigniter4\framework\system\Common.php(1087): CodeIgniter\View\View->render('journals/v_jour...', Array, true)
#3 C:\xampp\htdocs\trusur_dashboards\app\Controllers\Journal.php(33): view('journals/v_jour...')
#4 C:\xampp\htdocs\trusur_dashboards\vendor\codeigniter4\framework\system\CodeIgniter.php(914): App\Controllers\Journal->index()
#5 C:\xampp\htdocs\trusur_dashboards\vendor\codeigniter4\framework\system\CodeIgniter.php(400): CodeIgniter\CodeIgniter->runController(Object(App\Controllers\Journal))
#6 C:\xampp\htdocs\trusur_dashboards\vendor\codeigniter4\framework\system\CodeIgniter.php(308): CodeIgniter\CodeIgniter->handleRequest(NULL, Object(Config\Cache), false)
#7 C:\xampp\htdocs\trusur_dashboards\public\index.php(45): CodeIgniter\CodeIgniter->run()
#8 C:\xampp\htdocs\trusur_dashboards\vendor\codeigniter4\framework\system\Commands\Server\rewrite.php(34): require_once('C:\\xampp\\htdocs...')
#9 {main}
CRITICAL - 2020-06-24 21:46:24 --> Allowed memory size of 536870912 bytes exhausted (tried to allocate 266354688 bytes)
#0 [internal function]: CodeIgniter\Debug\Exceptions->shutdownHandler()
#1 {main}
CRITICAL - 2020-06-24 21:48:25 --> Undefined index: page
#0 C:\xampp\htdocs\trusur_dashboards\app\Controllers\Journal.php(22): CodeIgniter\Debug\Exceptions->errorHandler(8, 'Undefined index...', 'C:\\xampp\\htdocs...', 22, Array)
#1 C:\xampp\htdocs\trusur_dashboards\vendor\codeigniter4\framework\system\CodeIgniter.php(914): App\Controllers\Journal->index()
#2 C:\xampp\htdocs\trusur_dashboards\vendor\codeigniter4\framework\system\CodeIgniter.php(400): CodeIgniter\CodeIgniter->runController(Object(App\Controllers\Journal))
#3 C:\xampp\htdocs\trusur_dashboards\vendor\codeigniter4\framework\system\CodeIgniter.php(308): CodeIgniter\CodeIgniter->handleRequest(NULL, Object(Config\Cache), false)
#4 C:\xampp\htdocs\trusur_dashboards\public\index.php(45): CodeIgniter\CodeIgniter->run()
#5 C:\xampp\htdocs\trusur_dashboards\vendor\codeigniter4\framework\system\Commands\Server\rewrite.php(34): require_once('C:\\xampp\\htdocs...')
#6 {main}
CRITICAL - 2020-06-24 21:50:31 --> You have an error in your SQL syntax; check the manual that corresponds to your MariaDB server version for the right syntax to use near '-2, 2' at line 3
#0 C:\xampp\htdocs\trusur_dashboards\vendor\codeigniter4\framework\system\Database\MySQLi\Connection.php(331): mysqli->query('SELECT *\nFROM `...')
#1 C:\xampp\htdocs\trusur_dashboards\vendor\codeigniter4\framework\system\Database\BaseConnection.php(738): CodeIgniter\Database\MySQLi\Connection->execute('SELECT *\nFROM `...')
#2 C:\xampp\htdocs\trusur_dashboards\vendor\codeigniter4\framework\system\Database\BaseConnection.php(666): CodeIgniter\Database\BaseConnection->simpleQuery('SELECT *\nFROM `...')
#3 C:\xampp\htdocs\trusur_dashboards\vendor\codeigniter4\framework\system\Database\BaseBuilder.php(1845): CodeIgniter\Database\BaseConnection->query('SELECT *\nFROM `...', Array, false)
#4 C:\xampp\htdocs\trusur_dashboards\vendor\codeigniter4\framework\system\Model.php(445): CodeIgniter\Database\BaseBuilder->get()
#5 C:\xampp\htdocs\trusur_dashboards\app\Controllers\Journal.php(27): CodeIgniter\Model->findAll(2, -2)
#6 C:\xampp\htdocs\trusur_dashboards\vendor\codeigniter4\framework\system\CodeIgniter.php(914): App\Controllers\Journal->index()
#7 C:\xampp\htdocs\trusur_dashboards\vendor\codeigniter4\framework\system\CodeIgniter.php(400): CodeIgniter\CodeIgniter->runController(Object(App\Controllers\Journal))
#8 C:\xampp\htdocs\trusur_dashboards\vendor\codeigniter4\framework\system\CodeIgniter.php(308): CodeIgniter\CodeIgniter->handleRequest(NULL, Object(Config\Cache), false)
#9 C:\xampp\htdocs\trusur_dashboards\public\index.php(45): CodeIgniter\CodeIgniter->run()
#10 C:\xampp\htdocs\trusur_dashboards\vendor\codeigniter4\framework\system\Commands\Server\rewrite.php(34): require_once('C:\\xampp\\htdocs...')
#11 {main}
CRITICAL - 2020-06-24 21:50:49 --> You have an error in your SQL syntax; check the manual that corresponds to your MariaDB server version for the right syntax to use near '-2, 2' at line 3
#0 C:\xampp\htdocs\trusur_dashboards\vendor\codeigniter4\framework\system\Database\MySQLi\Connection.php(331): mysqli->query('SELECT *\nFROM `...')
#1 C:\xampp\htdocs\trusur_dashboards\vendor\codeigniter4\framework\system\Database\BaseConnection.php(738): CodeIgniter\Database\MySQLi\Connection->execute('SELECT *\nFROM `...')
#2 C:\xampp\htdocs\trusur_dashboards\vendor\codeigniter4\framework\system\Database\BaseConnection.php(666): CodeIgniter\Database\BaseConnection->simpleQuery('SELECT *\nFROM `...')
#3 C:\xampp\htdocs\trusur_dashboards\vendor\codeigniter4\framework\system\Database\BaseBuilder.php(1845): CodeIgniter\Database\BaseConnection->query('SELECT *\nFROM `...', Array, false)
#4 C:\xampp\htdocs\trusur_dashboards\vendor\codeigniter4\framework\system\Model.php(445): CodeIgniter\Database\BaseBuilder->get()
#5 C:\xampp\htdocs\trusur_dashboards\app\Controllers\Journal.php(27): CodeIgniter\Model->findAll(2, -2)
#6 C:\xampp\htdocs\trusur_dashboards\vendor\codeigniter4\framework\system\CodeIgniter.php(914): App\Controllers\Journal->index()
#7 C:\xampp\htdocs\trusur_dashboards\vendor\codeigniter4\framework\system\CodeIgniter.php(400): CodeIgniter\CodeIgniter->runController(Object(App\Controllers\Journal))
#8 C:\xampp\htdocs\trusur_dashboards\vendor\codeigniter4\framework\system\CodeIgniter.php(308): CodeIgniter\CodeIgniter->handleRequest(NULL, Object(Config\Cache), false)
#9 C:\xampp\htdocs\trusur_dashboards\public\index.php(45): CodeIgniter\CodeIgniter->run()
#10 C:\xampp\htdocs\trusur_dashboards\vendor\codeigniter4\framework\system\Commands\Server\rewrite.php(34): require_once('C:\\xampp\\htdocs...')
#11 {main}
CRITICAL - 2020-06-24 22:16:05 --> A non-numeric value encountered
#0 C:\xampp\htdocs\trusur_dashboards\app\Controllers\Journal.php(22): CodeIgniter\Debug\Exceptions->errorHandler(2, 'A non-numeric v...', 'C:\\xampp\\htdocs...', 22, Array)
#1 C:\xampp\htdocs\trusur_dashboards\vendor\codeigniter4\framework\system\CodeIgniter.php(914): App\Controllers\Journal->index()
#2 C:\xampp\htdocs\trusur_dashboards\vendor\codeigniter4\framework\system\CodeIgniter.php(400): CodeIgniter\CodeIgniter->runController(Object(App\Controllers\Journal))
#3 C:\xampp\htdocs\trusur_dashboards\vendor\codeigniter4\framework\system\CodeIgniter.php(308): CodeIgniter\CodeIgniter->handleRequest(NULL, Object(Config\Cache), false)
#4 C:\xampp\htdocs\trusur_dashboards\public\index.php(45): CodeIgniter\CodeIgniter->run()
#5 C:\xampp\htdocs\trusur_dashboards\vendor\codeigniter4\framework\system\Commands\Server\rewrite.php(34): require_once('C:\\xampp\\htdocs...')
#6 {main}
CRITICAL - 2020-06-24 22:16:16 --> A non-numeric value encountered
#0 C:\xampp\htdocs\trusur_dashboards\app\Controllers\Journal.php(22): CodeIgniter\Debug\Exceptions->errorHandler(2, 'A non-numeric v...', 'C:\\xampp\\htdocs...', 22, Array)
#1 C:\xampp\htdocs\trusur_dashboards\vendor\codeigniter4\framework\system\CodeIgniter.php(914): App\Controllers\Journal->index()
#2 C:\xampp\htdocs\trusur_dashboards\vendor\codeigniter4\framework\system\CodeIgniter.php(400): CodeIgniter\CodeIgniter->runController(Object(App\Controllers\Journal))
#3 C:\xampp\htdocs\trusur_dashboards\vendor\codeigniter4\framework\system\CodeIgniter.php(308): CodeIgniter\CodeIgniter->handleRequest(NULL, Object(Config\Cache), false)
#4 C:\xampp\htdocs\trusur_dashboards\public\index.php(45): CodeIgniter\CodeIgniter->run()
#5 C:\xampp\htdocs\trusur_dashboards\vendor\codeigniter4\framework\system\Commands\Server\rewrite.php(34): require_once('C:\\xampp\\htdocs...')
#6 {main}
CRITICAL - 2020-06-24 22:27:08 --> Call to a member function getLastQuery() on array
#0 C:\xampp\htdocs\trusur_dashboards\vendor\codeigniter4\framework\system\CodeIgniter.php(914): App\Controllers\Journal->index()
#1 C:\xampp\htdocs\trusur_dashboards\vendor\codeigniter4\framework\system\CodeIgniter.php(400): CodeIgniter\CodeIgniter->runController(Object(App\Controllers\Journal))
#2 C:\xampp\htdocs\trusur_dashboards\vendor\codeigniter4\framework\system\CodeIgniter.php(308): CodeIgniter\CodeIgniter->handleRequest(NULL, Object(Config\Cache), false)
#3 C:\xampp\htdocs\trusur_dashboards\public\index.php(45): CodeIgniter\CodeIgniter->run()
#4 C:\xampp\htdocs\trusur_dashboards\vendor\codeigniter4\framework\system\Commands\Server\rewrite.php(34): require_once('C:\\xampp\\htdocs...')
#5 {main}
CRITICAL - 2020-06-24 22:28:02 --> Call to a member function getLastQuery() on array
#0 C:\xampp\htdocs\trusur_dashboards\vendor\codeigniter4\framework\system\CodeIgniter.php(914): App\Controllers\Journal->index()
#1 C:\xampp\htdocs\trusur_dashboards\vendor\codeigniter4\framework\system\CodeIgniter.php(400): CodeIgniter\CodeIgniter->runController(Object(App\Controllers\Journal))
#2 C:\xampp\htdocs\trusur_dashboards\vendor\codeigniter4\framework\system\CodeIgniter.php(308): CodeIgniter\CodeIgniter->handleRequest(NULL, Object(Config\Cache), false)
#3 C:\xampp\htdocs\trusur_dashboards\public\index.php(45): CodeIgniter\CodeIgniter->run()
#4 C:\xampp\htdocs\trusur_dashboards\vendor\codeigniter4\framework\system\Commands\Server\rewrite.php(34): require_once('C:\\xampp\\htdocs...')
#5 {main}
CRITICAL - 2020-06-24 22:28:28 --> Call to a member function getLastQuery() on array
#0 C:\xampp\htdocs\trusur_dashboards\vendor\codeigniter4\framework\system\CodeIgniter.php(914): App\Controllers\Journal->index()
#1 C:\xampp\htdocs\trusur_dashboards\vendor\codeigniter4\framework\system\CodeIgniter.php(400): CodeIgniter\CodeIgniter->runController(Object(App\Controllers\Journal))
#2 C:\xampp\htdocs\trusur_dashboards\vendor\codeigniter4\framework\system\CodeIgniter.php(308): CodeIgniter\CodeIgniter->handleRequest(NULL, Object(Config\Cache), false)
#3 C:\xampp\htdocs\trusur_dashboards\public\index.php(45): CodeIgniter\CodeIgniter->run()
#4 C:\xampp\htdocs\trusur_dashboards\vendor\codeigniter4\framework\system\Commands\Server\rewrite.php(34): require_once('C:\\xampp\\htdocs...')
#5 {main}
CRITICAL - 2020-06-24 22:28:39 --> Undefined variable: db
#0 C:\xampp\htdocs\trusur_dashboards\app\Controllers\Journal.php(33): CodeIgniter\Debug\Exceptions->errorHandler(8, 'Undefined varia...', 'C:\\xampp\\htdocs...', 33, Array)
#1 C:\xampp\htdocs\trusur_dashboards\vendor\codeigniter4\framework\system\CodeIgniter.php(914): App\Controllers\Journal->index()
#2 C:\xampp\htdocs\trusur_dashboards\vendor\codeigniter4\framework\system\CodeIgniter.php(400): CodeIgniter\CodeIgniter->runController(Object(App\Controllers\Journal))
#3 C:\xampp\htdocs\trusur_dashboards\vendor\codeigniter4\framework\system\CodeIgniter.php(308): CodeIgniter\CodeIgniter->handleRequest(NULL, Object(Config\Cache), false)
#4 C:\xampp\htdocs\trusur_dashboards\public\index.php(45): CodeIgniter\CodeIgniter->run()
#5 C:\xampp\htdocs\trusur_dashboards\vendor\codeigniter4\framework\system\Commands\Server\rewrite.php(34): require_once('C:\\xampp\\htdocs...')
#6 {main}
CRITICAL - 2020-06-24 22:29:11 --> Call to a member function getQuery() on array
#0 C:\xampp\htdocs\trusur_dashboards\vendor\codeigniter4\framework\system\CodeIgniter.php(914): App\Controllers\Journal->index()
#1 C:\xampp\htdocs\trusur_dashboards\vendor\codeigniter4\framework\system\CodeIgniter.php(400): CodeIgniter\CodeIgniter->runController(Object(App\Controllers\Journal))
#2 C:\xampp\htdocs\trusur_dashboards\vendor\codeigniter4\framework\system\CodeIgniter.php(308): CodeIgniter\CodeIgniter->handleRequest(NULL, Object(Config\Cache), false)
#3 C:\xampp\htdocs\trusur_dashboards\public\index.php(45): CodeIgniter\CodeIgniter->run()
#4 C:\xampp\htdocs\trusur_dashboards\vendor\codeigniter4\framework\system\Commands\Server\rewrite.php(34): require_once('C:\\xampp\\htdocs...')
#5 {main}
CRITICAL - 2020-06-24 22:29:18 --> Call to a member function getQuery() on array
#0 C:\xampp\htdocs\trusur_dashboards\vendor\codeigniter4\framework\system\CodeIgniter.php(914): App\Controllers\Journal->index()
#1 C:\xampp\htdocs\trusur_dashboards\vendor\codeigniter4\framework\system\CodeIgniter.php(400): CodeIgniter\CodeIgniter->runController(Object(App\Controllers\Journal))
#2 C:\xampp\htdocs\trusur_dashboards\vendor\codeigniter4\framework\system\CodeIgniter.php(308): CodeIgniter\CodeIgniter->handleRequest(NULL, Object(Config\Cache), false)
#3 C:\xampp\htdocs\trusur_dashboards\public\index.php(45): CodeIgniter\CodeIgniter->run()
#4 C:\xampp\htdocs\trusur_dashboards\vendor\codeigniter4\framework\system\Commands\Server\rewrite.php(34): require_once('C:\\xampp\\htdocs...')
#5 {main}
CRITICAL - 2020-06-24 22:31:57 --> Call to a member function last_query() on array
#0 C:\xampp\htdocs\trusur_dashboards\vendor\codeigniter4\framework\system\CodeIgniter.php(914): App\Controllers\Journal->index()
#1 C:\xampp\htdocs\trusur_dashboards\vendor\codeigniter4\framework\system\CodeIgniter.php(400): CodeIgniter\CodeIgniter->runController(Object(App\Controllers\Journal))
#2 C:\xampp\htdocs\trusur_dashboards\vendor\codeigniter4\framework\system\CodeIgniter.php(308): CodeIgniter\CodeIgniter->handleRequest(NULL, Object(Config\Cache), false)
#3 C:\xampp\htdocs\trusur_dashboards\public\index.php(45): CodeIgniter\CodeIgniter->run()
#4 C:\xampp\htdocs\trusur_dashboards\vendor\codeigniter4\framework\system\Commands\Server\rewrite.php(34): require_once('C:\\xampp\\htdocs...')
#5 {main}
CRITICAL - 2020-06-24 22:35:55 --> Call to a member function getQuery() on array
#0 C:\xampp\htdocs\trusur_dashboards\vendor\codeigniter4\framework\system\CodeIgniter.php(914): App\Controllers\Journal->index()
#1 C:\xampp\htdocs\trusur_dashboards\vendor\codeigniter4\framework\system\CodeIgniter.php(400): CodeIgniter\CodeIgniter->runController(Object(App\Controllers\Journal))
#2 C:\xampp\htdocs\trusur_dashboards\vendor\codeigniter4\framework\system\CodeIgniter.php(308): CodeIgniter\CodeIgniter->handleRequest(NULL, Object(Config\Cache), false)
#3 C:\xampp\htdocs\trusur_dashboards\public\index.php(45): CodeIgniter\CodeIgniter->run()
#4 C:\xampp\htdocs\trusur_dashboards\vendor\codeigniter4\framework\system\Commands\Server\rewrite.php(34): require_once('C:\\xampp\\htdocs...')
#5 {main}
CRITICAL - 2020-06-24 22:36:18 --> Call to a member function getQuery() on array
#0 C:\xampp\htdocs\trusur_dashboards\vendor\codeigniter4\framework\system\CodeIgniter.php(914): App\Controllers\Journal->index()
#1 C:\xampp\htdocs\trusur_dashboards\vendor\codeigniter4\framework\system\CodeIgniter.php(400): CodeIgniter\CodeIgniter->runController(Object(App\Controllers\Journal))
#2 C:\xampp\htdocs\trusur_dashboards\vendor\codeigniter4\framework\system\CodeIgniter.php(308): CodeIgniter\CodeIgniter->handleRequest(NULL, Object(Config\Cache), false)
#3 C:\xampp\htdocs\trusur_dashboards\public\index.php(45): CodeIgniter\CodeIgniter->run()
#4 C:\xampp\htdocs\trusur_dashboards\vendor\codeigniter4\framework\system\Commands\Server\rewrite.php(34): require_once('C:\\xampp\\htdocs...')
#5 {main}
CRITICAL - 2020-06-24 22:36:21 --> Call to a member function getQuery() on array
#0 C:\xampp\htdocs\trusur_dashboards\vendor\codeigniter4\framework\system\CodeIgniter.php(914): App\Controllers\Journal->index()
#1 C:\xampp\htdocs\trusur_dashboards\vendor\codeigniter4\framework\system\CodeIgniter.php(400): CodeIgniter\CodeIgniter->runController(Object(App\Controllers\Journal))
#2 C:\xampp\htdocs\trusur_dashboards\vendor\codeigniter4\framework\system\CodeIgniter.php(308): CodeIgniter\CodeIgniter->handleRequest(NULL, Object(Config\Cache), false)
#3 C:\xampp\htdocs\trusur_dashboards\public\index.php(45): CodeIgniter\CodeIgniter->run()
#4 C:\xampp\htdocs\trusur_dashboards\vendor\codeigniter4\framework\system\Commands\Server\rewrite.php(34): require_once('C:\\xampp\\htdocs...')
#5 {main}
CRITICAL - 2020-06-24 22:41:27 --> syntax error, unexpected ')'
#0 C:\xampp\htdocs\trusur_dashboards\vendor\codeigniter4\framework\system\Autoloader\Autoloader.php(296): CodeIgniter\Autoloader\Autoloader->requireFile('C:\\xampp\\htdocs...')
#1 C:\xampp\htdocs\trusur_dashboards\vendor\codeigniter4\framework\system\Autoloader\Autoloader.php(258): CodeIgniter\Autoloader\Autoloader->loadInNamespace('App\\Controllers...')
#2 [internal function]: CodeIgniter\Autoloader\Autoloader->loadClass('App\\Controllers...')
#3 [internal function]: spl_autoload_call('App\\Controllers...')
#4 C:\xampp\htdocs\trusur_dashboards\vendor\codeigniter4\framework\system\CodeIgniter.php(865): class_exists('\\App\\Controller...', true)
#5 C:\xampp\htdocs\trusur_dashboards\vendor\codeigniter4\framework\system\CodeIgniter.php(390): CodeIgniter\CodeIgniter->startController()
#6 C:\xampp\htdocs\trusur_dashboards\vendor\codeigniter4\framework\system\CodeIgniter.php(308): CodeIgniter\CodeIgniter->handleRequest(NULL, Object(Config\Cache), false)
#7 C:\xampp\htdocs\trusur_dashboards\public\index.php(45): CodeIgniter\CodeIgniter->run()
#8 C:\xampp\htdocs\trusur_dashboards\vendor\codeigniter4\framework\system\Commands\Server\rewrite.php(34): require_once('C:\\xampp\\htdocs...')
#9 {main}
CRITICAL - 2020-06-24 22:41:33 --> syntax error, unexpected ')'
#0 C:\xampp\htdocs\trusur_dashboards\vendor\codeigniter4\framework\system\Autoloader\Autoloader.php(296): CodeIgniter\Autoloader\Autoloader->requireFile('C:\\xampp\\htdocs...')
#1 C:\xampp\htdocs\trusur_dashboards\vendor\codeigniter4\framework\system\Autoloader\Autoloader.php(258): CodeIgniter\Autoloader\Autoloader->loadInNamespace('App\\Controllers...')
#2 [internal function]: CodeIgniter\Autoloader\Autoloader->loadClass('App\\Controllers...')
#3 [internal function]: spl_autoload_call('App\\Controllers...')
#4 C:\xampp\htdocs\trusur_dashboards\vendor\codeigniter4\framework\system\CodeIgniter.php(865): class_exists('\\App\\Controller...', true)
#5 C:\xampp\htdocs\trusur_dashboards\vendor\codeigniter4\framework\system\CodeIgniter.php(390): CodeIgniter\CodeIgniter->startController()
#6 C:\xampp\htdocs\trusur_dashboards\vendor\codeigniter4\framework\system\CodeIgniter.php(308): CodeIgniter\CodeIgniter->handleRequest(NULL, Object(Config\Cache), false)
#7 C:\xampp\htdocs\trusur_dashboards\public\index.php(45): CodeIgniter\CodeIgniter->run()
#8 C:\xampp\htdocs\trusur_dashboards\vendor\codeigniter4\framework\system\Commands\Server\rewrite.php(34): require_once('C:\\xampp\\htdocs...')
#9 {main}
CRITICAL - 2020-06-24 22:42:28 --> Call to undefined function App\Controllers\reound()
#0 C:\xampp\htdocs\trusur_dashboards\vendor\codeigniter4\framework\system\CodeIgniter.php(914): App\Controllers\Journal->index()
#1 C:\xampp\htdocs\trusur_dashboards\vendor\codeigniter4\framework\system\CodeIgniter.php(400): CodeIgniter\CodeIgniter->runController(Object(App\Controllers\Journal))
#2 C:\xampp\htdocs\trusur_dashboards\vendor\codeigniter4\framework\system\CodeIgniter.php(308): CodeIgniter\CodeIgniter->handleRequest(NULL, Object(Config\Cache), false)
#3 C:\xampp\htdocs\trusur_dashboards\public\index.php(45): CodeIgniter\CodeIgniter->run()
#4 C:\xampp\htdocs\trusur_dashboards\vendor\codeigniter4\framework\system\Commands\Server\rewrite.php(34): require_once('C:\\xampp\\htdocs...')
#5 {main}
CRITICAL - 2020-06-24 22:43:09 --> Call to undefined method App\Models\m_journal::count
#0 C:\xampp\htdocs\trusur_dashboards\app\Controllers\Journal.php(28): CodeIgniter\Model->__call('count', Array)
#1 C:\xampp\htdocs\trusur_dashboards\vendor\codeigniter4\framework\system\CodeIgniter.php(914): App\Controllers\Journal->index()
#2 C:\xampp\htdocs\trusur_dashboards\vendor\codeigniter4\framework\system\CodeIgniter.php(400): CodeIgniter\CodeIgniter->runController(Object(App\Controllers\Journal))
#3 C:\xampp\htdocs\trusur_dashboards\vendor\codeigniter4\framework\system\CodeIgniter.php(308): CodeIgniter\CodeIgniter->handleRequest(NULL, Object(Config\Cache), false)
#4 C:\xampp\htdocs\trusur_dashboards\public\index.php(45): CodeIgniter\CodeIgniter->run()
#5 C:\xampp\htdocs\trusur_dashboards\vendor\codeigniter4\framework\system\Commands\Server\rewrite.php(34): require_once('C:\\xampp\\htdocs...')
#6 {main}
CRITICAL - 2020-06-24 22:45:02 --> Call to undefined method App\Models\m_journal::getRow
#0 C:\xampp\htdocs\trusur_dashboards\app\Controllers\Journal.php(28): CodeIgniter\Model->__call('getRow', Array)
#1 C:\xampp\htdocs\trusur_dashboards\vendor\codeigniter4\framework\system\CodeIgniter.php(914): App\Controllers\Journal->index()
#2 C:\xampp\htdocs\trusur_dashboards\vendor\codeigniter4\framework\system\CodeIgniter.php(400): CodeIgniter\CodeIgniter->runController(Object(App\Controllers\Journal))
#3 C:\xampp\htdocs\trusur_dashboards\vendor\codeigniter4\framework\system\CodeIgniter.php(308): CodeIgniter\CodeIgniter->handleRequest(NULL, Object(Config\Cache), false)
#4 C:\xampp\htdocs\trusur_dashboards\public\index.php(45): CodeIgniter\CodeIgniter->run()
#5 C:\xampp\htdocs\trusur_dashboards\vendor\codeigniter4\framework\system\Commands\Server\rewrite.php(34): require_once('C:\\xampp\\htdocs...')
#6 {main}
CRITICAL - 2020-06-24 22:50:22 --> Undefined index: journal_at
#0 C:\xampp\htdocs\trusur_dashboards\app\Views\journals\v_journals.php(25): CodeIgniter\Debug\Exceptions->errorHandler(8, 'Undefined index...', 'C:\\xampp\\htdocs...', 25, Array)
#1 C:\xampp\htdocs\trusur_dashboards\vendor\codeigniter4\framework\system\View\View.php(246): include('C:\\xampp\\htdocs...')
#2 C:\xampp\htdocs\trusur_dashboards\vendor\codeigniter4\framework\system\Common.php(1087): CodeIgniter\View\View->render('journals/v_jour...', Array, true)
#3 C:\xampp\htdocs\trusur_dashboards\app\Controllers\Journal.php(42): view('journals/v_jour...')
#4 C:\xampp\htdocs\trusur_dashboards\vendor\codeigniter4\framework\system\CodeIgniter.php(914): App\Controllers\Journal->index()
#5 C:\xampp\htdocs\trusur_dashboards\vendor\codeigniter4\framework\system\CodeIgniter.php(400): CodeIgniter\CodeIgniter->runController(Object(App\Controllers\Journal))
#6 C:\xampp\htdocs\trusur_dashboards\vendor\codeigniter4\framework\system\CodeIgniter.php(308): CodeIgniter\CodeIgniter->handleRequest(NULL, Object(Config\Cache), false)
#7 C:\xampp\htdocs\trusur_dashboards\public\index.php(45): CodeIgniter\CodeIgniter->run()
#8 C:\xampp\htdocs\trusur_dashboards\vendor\codeigniter4\framework\system\Commands\Server\rewrite.php(34): require_once('C:\\xampp\\htdocs...')
#9 {main}
CRITICAL - 2020-06-24 22:50:33 --> Undefined index: journal_at
#0 C:\xampp\htdocs\trusur_dashboards\app\Views\journals\v_journals.php(25): CodeIgniter\Debug\Exceptions->errorHandler(8, 'Undefined index...', 'C:\\xampp\\htdocs...', 25, Array)
#1 C:\xampp\htdocs\trusur_dashboards\vendor\codeigniter4\framework\system\View\View.php(246): include('C:\\xampp\\htdocs...')
#2 C:\xampp\htdocs\trusur_dashboards\vendor\codeigniter4\framework\system\Common.php(1087): CodeIgniter\View\View->render('journals/v_jour...', Array, true)
#3 C:\xampp\htdocs\trusur_dashboards\app\Controllers\Journal.php(42): view('journals/v_jour...')
#4 C:\xampp\htdocs\trusur_dashboards\vendor\codeigniter4\framework\system\CodeIgniter.php(914): App\Controllers\Journal->index()
#5 C:\xampp\htdocs\trusur_dashboards\vendor\codeigniter4\framework\system\CodeIgniter.php(400): CodeIgniter\CodeIgniter->runController(Object(App\Controllers\Journal))
#6 C:\xampp\htdocs\trusur_dashboards\vendor\codeigniter4\framework\system\CodeIgniter.php(308): CodeIgniter\CodeIgniter->handleRequest(NULL, Object(Config\Cache), false)
#7 C:\xampp\htdocs\trusur_dashboards\public\index.php(45): CodeIgniter\CodeIgniter->run()
#8 C:\xampp\htdocs\trusur_dashboards\vendor\codeigniter4\framework\system\Commands\Server\rewrite.php(34): require_once('C:\\xampp\\htdocs...')
#9 {main}
CRITICAL - 2020-06-24 22:52:49 --> Call to a member function findAll() on array
#0 C:\xampp\htdocs\trusur_dashboards\vendor\codeigniter4\framework\system\CodeIgniter.php(914): App\Controllers\Journal->index()
#1 C:\xampp\htdocs\trusur_dashboards\vendor\codeigniter4\framework\system\CodeIgniter.php(400): CodeIgniter\CodeIgniter->runController(Object(App\Controllers\Journal))
#2 C:\xampp\htdocs\trusur_dashboards\vendor\codeigniter4\framework\system\CodeIgniter.php(308): CodeIgniter\CodeIgniter->handleRequest(NULL, Object(Config\Cache), false)
#3 C:\xampp\htdocs\trusur_dashboards\public\index.php(45): CodeIgniter\CodeIgniter->run()
#4 C:\xampp\htdocs\trusur_dashboards\vendor\codeigniter4\framework\system\Commands\Server\rewrite.php(34): require_once('C:\\xampp\\htdocs...')
#5 {main}
CRITICAL - 2020-06-24 22:55:06 --> count(): Parameter must be an array or an object that implements Countable
#0 [internal function]: CodeIgniter\Debug\Exceptions->errorHandler(2, 'count(): Parame...', 'C:\\xampp\\htdocs...', 34, Array)
#1 C:\xampp\htdocs\trusur_dashboards\app\Controllers\Journal.php(34): count(6)
#2 C:\xampp\htdocs\trusur_dashboards\vendor\codeigniter4\framework\system\CodeIgniter.php(914): App\Controllers\Journal->index()
#3 C:\xampp\htdocs\trusur_dashboards\vendor\codeigniter4\framework\system\CodeIgniter.php(400): CodeIgniter\CodeIgniter->runController(Object(App\Controllers\Journal))
#4 C:\xampp\htdocs\trusur_dashboards\vendor\codeigniter4\framework\system\CodeIgniter.php(308): CodeIgniter\CodeIgniter->handleRequest(NULL, Object(Config\Cache), false)
#5 C:\xampp\htdocs\trusur_dashboards\public\index.php(45): CodeIgniter\CodeIgniter->run()
#6 C:\xampp\htdocs\trusur_dashboards\vendor\codeigniter4\framework\system\Commands\Server\rewrite.php(34): require_once('C:\\xampp\\htdocs...')
#7 {main}
CRITICAL - 2020-06-24 22:57:43 --> Undefined variable: numrows
#0 C:\xampp\htdocs\trusur_dashboards\app\Controllers\Journal.php(31): CodeIgniter\Debug\Exceptions->errorHandler(8, 'Undefined varia...', 'C:\\xampp\\htdocs...', 31, Array)
#1 C:\xampp\htdocs\trusur_dashboards\vendor\codeigniter4\framework\system\CodeIgniter.php(914): App\Controllers\Journal->index()
#2 C:\xampp\htdocs\trusur_dashboards\vendor\codeigniter4\framework\system\CodeIgniter.php(400): CodeIgniter\CodeIgniter->runController(Object(App\Controllers\Journal))
#3 C:\xampp\htdocs\trusur_dashboards\vendor\codeigniter4\framework\system\CodeIgniter.php(308): CodeIgniter\CodeIgniter->handleRequest(NULL, Object(Config\Cache), false)
#4 C:\xampp\htdocs\trusur_dashboards\public\index.php(45): CodeIgniter\CodeIgniter->run()
#5 C:\xampp\htdocs\trusur_dashboards\vendor\codeigniter4\framework\system\Commands\Server\rewrite.php(34): require_once('C:\\xampp\\htdocs...')
#6 {main}
CRITICAL - 2020-06-24 23:01:32 --> Call to a member function findAll() on array
#0 C:\xampp\htdocs\trusur_dashboards\vendor\codeigniter4\framework\system\CodeIgniter.php(914): App\Controllers\Journal->index()
#1 C:\xampp\htdocs\trusur_dashboards\vendor\codeigniter4\framework\system\CodeIgniter.php(400): CodeIgniter\CodeIgniter->runController(Object(App\Controllers\Journal))
#2 C:\xampp\htdocs\trusur_dashboards\vendor\codeigniter4\framework\system\CodeIgniter.php(308): CodeIgniter\CodeIgniter->handleRequest(NULL, Object(Config\Cache), false)
#3 C:\xampp\htdocs\trusur_dashboards\public\index.php(45): CodeIgniter\CodeIgniter->run()
#4 C:\xampp\htdocs\trusur_dashboards\vendor\codeigniter4\framework\system\Commands\Server\rewrite.php(34): require_once('C:\\xampp\\htdocs...')
#5 {main}
CRITICAL - 2020-06-24 23:01:52 --> Object of class App\Models\m_journal could not be converted to int
#0 C:\xampp\htdocs\trusur_dashboards\app\Controllers\Journal.php(41): CodeIgniter\Debug\Exceptions->errorHandler(8, 'Object of class...', 'C:\\xampp\\htdocs...', 41, Array)
#1 C:\xampp\htdocs\trusur_dashboards\vendor\codeigniter4\framework\system\CodeIgniter.php(914): App\Controllers\Journal->index()
#2 C:\xampp\htdocs\trusur_dashboards\vendor\codeigniter4\framework\system\CodeIgniter.php(400): CodeIgniter\CodeIgniter->runController(Object(App\Controllers\Journal))
#3 C:\xampp\htdocs\trusur_dashboards\vendor\codeigniter4\framework\system\CodeIgniter.php(308): CodeIgniter\CodeIgniter->handleRequest(NULL, Object(Config\Cache), false)
#4 C:\xampp\htdocs\trusur_dashboards\public\index.php(45): CodeIgniter\CodeIgniter->run()
#5 C:\xampp\htdocs\trusur_dashboards\vendor\codeigniter4\framework\system\Commands\Server\rewrite.php(34): require_once('C:\\xampp\\htdocs...')
#6 {main}
CRITICAL - 2020-06-24 23:06:10 --> Call to a member function countAll() on array
#0 C:\xampp\htdocs\trusur_dashboards\vendor\codeigniter4\framework\system\CodeIgniter.php(914): App\Controllers\Journal->index()
#1 C:\xampp\htdocs\trusur_dashboards\vendor\codeigniter4\framework\system\CodeIgniter.php(400): CodeIgniter\CodeIgniter->runController(Object(App\Controllers\Journal))
#2 C:\xampp\htdocs\trusur_dashboards\vendor\codeigniter4\framework\system\CodeIgniter.php(308): CodeIgniter\CodeIgniter->handleRequest(NULL, Object(Config\Cache), false)
#3 C:\xampp\htdocs\trusur_dashboards\public\index.php(45): CodeIgniter\CodeIgniter->run()
#4 C:\xampp\htdocs\trusur_dashboards\vendor\codeigniter4\framework\system\Commands\Server\rewrite.php(34): require_once('C:\\xampp\\htdocs...')
#5 {main}
CRITICAL - 2020-06-24 23:10:49 --> You have an error in your SQL syntax; check the manual that corresponds to your MariaDB server version for the right syntax to use near 'LIMIT 2' at line 4
#0 C:\xampp\htdocs\trusur_dashboards\vendor\codeigniter4\framework\system\Database\MySQLi\Connection.php(331): mysqli->query('SELECT *\nFROM `...')
#1 C:\xampp\htdocs\trusur_dashboards\vendor\codeigniter4\framework\system\Database\BaseConnection.php(738): CodeIgniter\Database\MySQLi\Connection->execute('SELECT *\nFROM `...')
#2 C:\xampp\htdocs\trusur_dashboards\vendor\codeigniter4\framework\system\Database\BaseConnection.php(666): CodeIgniter\Database\BaseConnection->simpleQuery('SELECT *\nFROM `...')
#3 C:\xampp\htdocs\trusur_dashboards\vendor\codeigniter4\framework\system\Database\BaseBuilder.php(1845): CodeIgniter\Database\BaseConnection->query('SELECT *\nFROM `...', Array, false)
#4 C:\xampp\htdocs\trusur_dashboards\vendor\codeigniter4\framework\system\Model.php(445): CodeIgniter\Database\BaseBuilder->get()
#5 C:\xampp\htdocs\trusur_dashboards\app\Controllers\Journal.php(32): CodeIgniter\Model->findAll(2, 0)
#6 C:\xampp\htdocs\trusur_dashboards\vendor\codeigniter4\framework\system\CodeIgniter.php(914): App\Controllers\Journal->index()
#7 C:\xampp\htdocs\trusur_dashboards\vendor\codeigniter4\framework\system\CodeIgniter.php(400): CodeIgniter\CodeIgniter->runController(Object(App\Controllers\Journal))
#8 C:\xampp\htdocs\trusur_dashboards\vendor\codeigniter4\framework\system\CodeIgniter.php(308): CodeIgniter\CodeIgniter->handleRequest(NULL, Object(Config\Cache), false)
#9 C:\xampp\htdocs\trusur_dashboards\public\index.php(45): CodeIgniter\CodeIgniter->run()
#10 C:\xampp\htdocs\trusur_dashboards\vendor\codeigniter4\framework\system\Commands\Server\rewrite.php(34): require_once('C:\\xampp\\htdocs...')
#11 {main}
CRITICAL - 2020-06-24 23:34:53 --> Object of class CodeIgniter\Database\MySQLi\Result could not be converted to string
#0 C:\xampp\htdocs\trusur_dashboards\app\Views\journals\v_journals.php(113): CodeIgniter\Debug\Exceptions->errorHandler(4096, 'Object of class...', 'C:\\xampp\\htdocs...', 113, Array)
#1 C:\xampp\htdocs\trusur_dashboards\vendor\codeigniter4\framework\system\View\View.php(246): include('C:\\xampp\\htdocs...')
#2 C:\xampp\htdocs\trusur_dashboards\vendor\codeigniter4\framework\system\Common.php(1087): CodeIgniter\View\View->render('journals/v_jour...', Array, true)
#3 C:\xampp\htdocs\trusur_dashboards\app\Controllers\Journal.php(58): view('journals/v_jour...')
#4 C:\xampp\htdocs\trusur_dashboards\vendor\codeigniter4\framework\system\CodeIgniter.php(914): App\Controllers\Journal->index()
#5 C:\xampp\htdocs\trusur_dashboards\vendor\codeigniter4\framework\system\CodeIgniter.php(400): CodeIgniter\CodeIgniter->runController(Object(App\Controllers\Journal))
#6 C:\xampp\htdocs\trusur_dashboards\vendor\codeigniter4\framework\system\CodeIgniter.php(308): CodeIgniter\CodeIgniter->handleRequest(NULL, Object(Config\Cache), false)
#7 C:\xampp\htdocs\trusur_dashboards\public\index.php(45): CodeIgniter\CodeIgniter->run()
#8 C:\xampp\htdocs\trusur_dashboards\vendor\codeigniter4\framework\system\Commands\Server\rewrite.php(34): require_once('C:\\xampp\\htdocs...')
#9 {main}
CRITICAL - 2020-06-24 23:34:56 --> Object of class CodeIgniter\Database\MySQLi\Result could not be converted to string
#0 C:\xampp\htdocs\trusur_dashboards\app\Views\journals\v_journals.php(113): CodeIgniter\Debug\Exceptions->errorHandler(4096, 'Object of class...', 'C:\\xampp\\htdocs...', 113, Array)
#1 C:\xampp\htdocs\trusur_dashboards\vendor\codeigniter4\framework\system\View\View.php(246): include('C:\\xampp\\htdocs...')
#2 C:\xampp\htdocs\trusur_dashboards\vendor\codeigniter4\framework\system\Common.php(1087): CodeIgniter\View\View->render('journals/v_jour...', Array, true)
#3 C:\xampp\htdocs\trusur_dashboards\app\Controllers\Journal.php(58): view('journals/v_jour...')
#4 C:\xampp\htdocs\trusur_dashboards\vendor\codeigniter4\framework\system\CodeIgniter.php(914): App\Controllers\Journal->index()
#5 C:\xampp\htdocs\trusur_dashboards\vendor\codeigniter4\framework\system\CodeIgniter.php(400): CodeIgniter\CodeIgniter->runController(Object(App\Controllers\Journal))
#6 C:\xampp\htdocs\trusur_dashboards\vendor\codeigniter4\framework\system\CodeIgniter.php(308): CodeIgniter\CodeIgniter->handleRequest(NULL, Object(Config\Cache), false)
#7 C:\xampp\htdocs\trusur_dashboards\public\index.php(45): CodeIgniter\CodeIgniter->run()
#8 C:\xampp\htdocs\trusur_dashboards\vendor\codeigniter4\framework\system\Commands\Server\rewrite.php(34): require_once('C:\\xampp\\htdocs...')
#9 {main}
CRITICAL - 2020-06-24 23:35:47 --> Object of class CodeIgniter\Database\MySQLi\Result could not be converted to string
#0 C:\xampp\htdocs\trusur_dashboards\app\Views\journals\v_journals.php(113): CodeIgniter\Debug\Exceptions->errorHandler(4096, 'Object of class...', 'C:\\xampp\\htdocs...', 113, Array)
#1 C:\xampp\htdocs\trusur_dashboards\vendor\codeigniter4\framework\system\View\View.php(246): include('C:\\xampp\\htdocs...')
#2 C:\xampp\htdocs\trusur_dashboards\vendor\codeigniter4\framework\system\Common.php(1087): CodeIgniter\View\View->render('journals/v_jour...', Array, true)
#3 C:\xampp\htdocs\trusur_dashboards\app\Controllers\Journal.php(58): view('journals/v_jour...')
#4 C:\xampp\htdocs\trusur_dashboards\vendor\codeigniter4\framework\system\CodeIgniter.php(914): App\Controllers\Journal->index()
#5 C:\xampp\htdocs\trusur_dashboards\vendor\codeigniter4\framework\system\CodeIgniter.php(400): CodeIgniter\CodeIgniter->runController(Object(App\Controllers\Journal))
#6 C:\xampp\htdocs\trusur_dashboards\vendor\codeigniter4\framework\system\CodeIgniter.php(308): CodeIgniter\CodeIgniter->handleRequest(NULL, Object(Config\Cache), false)
#7 C:\xampp\htdocs\trusur_dashboards\public\index.php(45): CodeIgniter\CodeIgniter->run()
#8 C:\xampp\htdocs\trusur_dashboards\vendor\codeigniter4\framework\system\Commands\Server\rewrite.php(34): require_once('C:\\xampp\\htdocs...')
#9 {main}
CRITICAL - 2020-06-24 23:36:38 --> Object of class CodeIgniter\Database\MySQLi\Result could not be converted to string
#0 C:\xampp\htdocs\trusur_dashboards\app\Views\journals\v_journals.php(113): CodeIgniter\Debug\Exceptions->errorHandler(4096, 'Object of class...', 'C:\\xampp\\htdocs...', 113, Array)
#1 C:\xampp\htdocs\trusur_dashboards\vendor\codeigniter4\framework\system\View\View.php(246): include('C:\\xampp\\htdocs...')
#2 C:\xampp\htdocs\trusur_dashboards\vendor\codeigniter4\framework\system\Common.php(1087): CodeIgniter\View\View->render('journals/v_jour...', Array, true)
#3 C:\xampp\htdocs\trusur_dashboards\app\Controllers\Journal.php(58): view('journals/v_jour...')
#4 C:\xampp\htdocs\trusur_dashboards\vendor\codeigniter4\framework\system\CodeIgniter.php(914): App\Controllers\Journal->index()
#5 C:\xampp\htdocs\trusur_dashboards\vendor\codeigniter4\framework\system\CodeIgniter.php(400): CodeIgniter\CodeIgniter->runController(Object(App\Controllers\Journal))
#6 C:\xampp\htdocs\trusur_dashboards\vendor\codeigniter4\framework\system\CodeIgniter.php(308): CodeIgniter\CodeIgniter->handleRequest(NULL, Object(Config\Cache), false)
#7 C:\xampp\htdocs\trusur_dashboards\public\index.php(45): CodeIgniter\CodeIgniter->run()
#8 C:\xampp\htdocs\trusur_dashboards\vendor\codeigniter4\framework\system\Commands\Server\rewrite.php(34): require_once('C:\\xampp\\htdocs...')
#9 {main}
CRITICAL - 2020-06-24 23:38:45 --> Call to undefined method CodeIgniter\Database\MySQLi\Result::result_array()
#0 C:\xampp\htdocs\trusur_dashboards\vendor\codeigniter4\framework\system\CodeIgniter.php(914): App\Controllers\Journal->index()
#1 C:\xampp\htdocs\trusur_dashboards\vendor\codeigniter4\framework\system\CodeIgniter.php(400): CodeIgniter\CodeIgniter->runController(Object(App\Controllers\Journal))
#2 C:\xampp\htdocs\trusur_dashboards\vendor\codeigniter4\framework\system\CodeIgniter.php(308): CodeIgniter\CodeIgniter->handleRequest(NULL, Object(Config\Cache), false)
#3 C:\xampp\htdocs\trusur_dashboards\public\index.php(45): CodeIgniter\CodeIgniter->run()
#4 C:\xampp\htdocs\trusur_dashboards\vendor\codeigniter4\framework\system\Commands\Server\rewrite.php(34): require_once('C:\\xampp\\htdocs...')
#5 {main}
CRITICAL - 2020-06-24 23:39:02 --> Call to undefined method CodeIgniter\Database\MySQLi\Result::result_array()
#0 C:\xampp\htdocs\trusur_dashboards\vendor\codeigniter4\framework\system\CodeIgniter.php(914): App\Controllers\Journal->index()
#1 C:\xampp\htdocs\trusur_dashboards\vendor\codeigniter4\framework\system\CodeIgniter.php(400): CodeIgniter\CodeIgniter->runController(Object(App\Controllers\Journal))
#2 C:\xampp\htdocs\trusur_dashboards\vendor\codeigniter4\framework\system\CodeIgniter.php(308): CodeIgniter\CodeIgniter->handleRequest(NULL, Object(Config\Cache), false)
#3 C:\xampp\htdocs\trusur_dashboards\public\index.php(45): CodeIgniter\CodeIgniter->run()
#4 C:\xampp\htdocs\trusur_dashboards\vendor\codeigniter4\framework\system\Commands\Server\rewrite.php(34): require_once('C:\\xampp\\htdocs...')
#5 {main}
CRITICAL - 2020-06-24 23:40:24 --> Call to undefined method CodeIgniter\Database\MySQLi\Result::result_array()
#0 C:\xampp\htdocs\trusur_dashboards\vendor\codeigniter4\framework\system\CodeIgniter.php(914): App\Controllers\Journal->index()
#1 C:\xampp\htdocs\trusur_dashboards\vendor\codeigniter4\framework\system\CodeIgniter.php(400): CodeIgniter\CodeIgniter->runController(Object(App\Controllers\Journal))
#2 C:\xampp\htdocs\trusur_dashboards\vendor\codeigniter4\framework\system\CodeIgniter.php(308): CodeIgniter\CodeIgniter->handleRequest(NULL, Object(Config\Cache), false)
#3 C:\xampp\htdocs\trusur_dashboards\public\index.php(45): CodeIgniter\CodeIgniter->run()
#4 C:\xampp\htdocs\trusur_dashboards\vendor\codeigniter4\framework\system\Commands\Server\rewrite.php(34): require_once('C:\\xampp\\htdocs...')
#5 {main}
CRITICAL - 2020-06-24 23:40:35 --> Call to undefined method CodeIgniter\Database\MySQLi\Result::result_array()
#0 C:\xampp\htdocs\trusur_dashboards\vendor\codeigniter4\framework\system\CodeIgniter.php(914): App\Controllers\Journal->index()
#1 C:\xampp\htdocs\trusur_dashboards\vendor\codeigniter4\framework\system\CodeIgniter.php(400): CodeIgniter\CodeIgniter->runController(Object(App\Controllers\Journal))
#2 C:\xampp\htdocs\trusur_dashboards\vendor\codeigniter4\framework\system\CodeIgniter.php(308): CodeIgniter\CodeIgniter->handleRequest(NULL, Object(Config\Cache), false)
#3 C:\xampp\htdocs\trusur_dashboards\public\index.php(45): CodeIgniter\CodeIgniter->run()
#4 C:\xampp\htdocs\trusur_dashboards\vendor\codeigniter4\framework\system\Commands\Server\rewrite.php(34): require_once('C:\\xampp\\htdocs...')
#5 {main}
CRITICAL - 2020-06-24 23:41:13 --> Undefined property: CodeIgniter\Database\MySQLi\Result::$debit
#0 C:\xampp\htdocs\trusur_dashboards\app\Controllers\Journal.php(49): CodeIgniter\Debug\Exceptions->errorHandler(8, 'Undefined prope...', 'C:\\xampp\\htdocs...', 49, Array)
#1 C:\xampp\htdocs\trusur_dashboards\vendor\codeigniter4\framework\system\CodeIgniter.php(914): App\Controllers\Journal->index()
#2 C:\xampp\htdocs\trusur_dashboards\vendor\codeigniter4\framework\system\CodeIgniter.php(400): CodeIgniter\CodeIgniter->runController(Object(App\Controllers\Journal))
#3 C:\xampp\htdocs\trusur_dashboards\vendor\codeigniter4\framework\system\CodeIgniter.php(308): CodeIgniter\CodeIgniter->handleRequest(NULL, Object(Config\Cache), false)
#4 C:\xampp\htdocs\trusur_dashboards\public\index.php(45): CodeIgniter\CodeIgniter->run()
#5 C:\xampp\htdocs\trusur_dashboards\vendor\codeigniter4\framework\system\Commands\Server\rewrite.php(34): require_once('C:\\xampp\\htdocs...')
#6 {main}
CRITICAL - 2020-06-24 23:42:41 --> Trying to get property 'debit' of non-object
#0 C:\xampp\htdocs\trusur_dashboards\app\Controllers\Journal.php(45): CodeIgniter\Debug\Exceptions->errorHandler(8, 'Trying to get p...', 'C:\\xampp\\htdocs...', 45, Array)
#1 C:\xampp\htdocs\trusur_dashboards\vendor\codeigniter4\framework\system\CodeIgniter.php(914): App\Controllers\Journal->index()
#2 C:\xampp\htdocs\trusur_dashboards\vendor\codeigniter4\framework\system\CodeIgniter.php(400): CodeIgniter\CodeIgniter->runController(Object(App\Controllers\Journal))
#3 C:\xampp\htdocs\trusur_dashboards\vendor\codeigniter4\framework\system\CodeIgniter.php(308): CodeIgniter\CodeIgniter->handleRequest(NULL, Object(Config\Cache), false)
#4 C:\xampp\htdocs\trusur_dashboards\public\index.php(45): CodeIgniter\CodeIgniter->run()
#5 C:\xampp\htdocs\trusur_dashboards\vendor\codeigniter4\framework\system\Commands\Server\rewrite.php(34): require_once('C:\\xampp\\htdocs...')
#6 {main}
CRITICAL - 2020-06-24 23:42:44 --> Trying to get property 'debit' of non-object
#0 C:\xampp\htdocs\trusur_dashboards\app\Controllers\Journal.php(45): CodeIgniter\Debug\Exceptions->errorHandler(8, 'Trying to get p...', 'C:\\xampp\\htdocs...', 45, Array)
#1 C:\xampp\htdocs\trusur_dashboards\vendor\codeigniter4\framework\system\CodeIgniter.php(914): App\Controllers\Journal->index()
#2 C:\xampp\htdocs\trusur_dashboards\vendor\codeigniter4\framework\system\CodeIgniter.php(400): CodeIgniter\CodeIgniter->runController(Object(App\Controllers\Journal))
#3 C:\xampp\htdocs\trusur_dashboards\vendor\codeigniter4\framework\system\CodeIgniter.php(308): CodeIgniter\CodeIgniter->handleRequest(NULL, Object(Config\Cache), false)
#4 C:\xampp\htdocs\trusur_dashboards\public\index.php(45): CodeIgniter\CodeIgniter->run()
#5 C:\xampp\htdocs\trusur_dashboards\vendor\codeigniter4\framework\system\Commands\Server\rewrite.php(34): require_once('C:\\xampp\\htdocs...')
#6 {main}
CRITICAL - 2020-06-24 23:42:57 --> Array to string conversion
#0 C:\xampp\htdocs\trusur_dashboards\app\Views\journals\v_journals.php(113): CodeIgniter\Debug\Exceptions->errorHandler(8, 'Array to string...', 'C:\\xampp\\htdocs...', 113, Array)
#1 C:\xampp\htdocs\trusur_dashboards\vendor\codeigniter4\framework\system\View\View.php(246): include('C:\\xampp\\htdocs...')
#2 C:\xampp\htdocs\trusur_dashboards\vendor\codeigniter4\framework\system\Common.php(1087): CodeIgniter\View\View->render('journals/v_jour...', Array, true)
#3 C:\xampp\htdocs\trusur_dashboards\app\Controllers\Journal.php(57): view('journals/v_jour...')
#4 C:\xampp\htdocs\trusur_dashboards\vendor\codeigniter4\framework\system\CodeIgniter.php(914): App\Controllers\Journal->index()
#5 C:\xampp\htdocs\trusur_dashboards\vendor\codeigniter4\framework\system\CodeIgniter.php(400): CodeIgniter\CodeIgniter->runController(Object(App\Controllers\Journal))
#6 C:\xampp\htdocs\trusur_dashboards\vendor\codeigniter4\framework\system\CodeIgniter.php(308): CodeIgniter\CodeIgniter->handleRequest(NULL, Object(Config\Cache), false)
#7 C:\xampp\htdocs\trusur_dashboards\public\index.php(45): CodeIgniter\CodeIgniter->run()
#8 C:\xampp\htdocs\trusur_dashboards\vendor\codeigniter4\framework\system\Commands\Server\rewrite.php(34): require_once('C:\\xampp\\htdocs...')
#9 {main}
CRITICAL - 2020-06-24 23:50:36 --> Undefined variable: journal_detail
#0 C:\xampp\htdocs\trusur_dashboards\app\Controllers\Journal.php(53): CodeIgniter\Debug\Exceptions->errorHandler(8, 'Undefined varia...', 'C:\\xampp\\htdocs...', 53, Array)
#1 C:\xampp\htdocs\trusur_dashboards\vendor\codeigniter4\framework\system\CodeIgniter.php(914): App\Controllers\Journal->index()
#2 C:\xampp\htdocs\trusur_dashboards\vendor\codeigniter4\framework\system\CodeIgniter.php(400): CodeIgniter\CodeIgniter->runController(Object(App\Controllers\Journal))
#3 C:\xampp\htdocs\trusur_dashboards\vendor\codeigniter4\framework\system\CodeIgniter.php(308): CodeIgniter\CodeIgniter->handleRequest(NULL, Object(Config\Cache), false)
#4 C:\xampp\htdocs\trusur_dashboards\public\index.php(45): CodeIgniter\CodeIgniter->run()
#5 C:\xampp\htdocs\trusur_dashboards\vendor\codeigniter4\framework\system\Commands\Server\rewrite.php(34): require_once('C:\\xampp\\htdocs...')
#6 {main}
CRITICAL - 2020-06-24 23:51:04 --> Undefined variable: journal_detail
#0 C:\xampp\htdocs\trusur_dashboards\app\Controllers\Journal.php(53): CodeIgniter\Debug\Exceptions->errorHandler(8, 'Undefined varia...', 'C:\\xampp\\htdocs...', 53, Array)
#1 C:\xampp\htdocs\trusur_dashboards\vendor\codeigniter4\framework\system\CodeIgniter.php(914): App\Controllers\Journal->index()
#2 C:\xampp\htdocs\trusur_dashboards\vendor\codeigniter4\framework\system\CodeIgniter.php(400): CodeIgniter\CodeIgniter->runController(Object(App\Controllers\Journal))
#3 C:\xampp\htdocs\trusur_dashboards\vendor\codeigniter4\framework\system\CodeIgniter.php(308): CodeIgniter\CodeIgniter->handleRequest(NULL, Object(Config\Cache), false)
#4 C:\xampp\htdocs\trusur_dashboards\public\index.php(45): CodeIgniter\CodeIgniter->run()
#5 C:\xampp\htdocs\trusur_dashboards\vendor\codeigniter4\framework\system\Commands\Server\rewrite.php(34): require_once('C:\\xampp\\htdocs...')
#6 {main}
CRITICAL - 2020-06-24 23:53:30 --> 
#0 C:\xampp\htdocs\trusur_dashboards\vendor\codeigniter4\framework\system\HTTP\RedirectResponse.php(92): CodeIgniter\HTTP\Exceptions\HTTPException::forInvalidRedirectRoute('')
#1 C:\xampp\htdocs\trusur_dashboards\app\Controllers\Journal.php(42): CodeIgniter\HTTP\RedirectResponse->route(false)
#2 C:\xampp\htdocs\trusur_dashboards\vendor\codeigniter4\framework\system\CodeIgniter.php(914): App\Controllers\Journal->index()
#3 C:\xampp\htdocs\trusur_dashboards\vendor\codeigniter4\framework\system\CodeIgniter.php(400): CodeIgniter\CodeIgniter->runController(Object(App\Controllers\Journal))
#4 C:\xampp\htdocs\trusur_dashboards\vendor\codeigniter4\framework\system\CodeIgniter.php(308): CodeIgniter\CodeIgniter->handleRequest(NULL, Object(Config\Cache), false)
#5 C:\xampp\htdocs\trusur_dashboards\public\index.php(45): CodeIgniter\CodeIgniter->run()
#6 C:\xampp\htdocs\trusur_dashboards\vendor\codeigniter4\framework\system\Commands\Server\rewrite.php(34): require_once('C:\\xampp\\htdocs...')
#7 {main}
CRITICAL - 2020-06-24 23:56:02 --> Undefined property: stdClass::$credits
#0 C:\xampp\htdocs\trusur_dashboards\app\Controllers\Journal.php(48): CodeIgniter\Debug\Exceptions->errorHandler(8, 'Undefined prope...', 'C:\\xampp\\htdocs...', 48, Array)
#1 C:\xampp\htdocs\trusur_dashboards\vendor\codeigniter4\framework\system\CodeIgniter.php(914): App\Controllers\Journal->index()
#2 C:\xampp\htdocs\trusur_dashboards\vendor\codeigniter4\framework\system\CodeIgniter.php(400): CodeIgniter\CodeIgniter->runController(Object(App\Controllers\Journal))
#3 C:\xampp\htdocs\trusur_dashboards\vendor\codeigniter4\framework\system\CodeIgniter.php(308): CodeIgniter\CodeIgniter->handleRequest(NULL, Object(Config\Cache), false)
#4 C:\xampp\htdocs\trusur_dashboards\public\index.php(45): CodeIgniter\CodeIgniter->run()
#5 C:\xampp\htdocs\trusur_dashboards\vendor\codeigniter4\framework\system\Commands\Server\rewrite.php(34): require_once('C:\\xampp\\htdocs...')
#6 {main}
CRITICAL - 2020-06-24 23:56:40 --> Undefined index: page
#0 C:\xampp\htdocs\trusur_dashboards\app\Views\journals\v_journals.php(68): CodeIgniter\Debug\Exceptions->errorHandler(8, 'Undefined index...', 'C:\\xampp\\htdocs...', 68, Array)
#1 C:\xampp\htdocs\trusur_dashboards\vendor\codeigniter4\framework\system\View\View.php(246): include('C:\\xampp\\htdocs...')
#2 C:\xampp\htdocs\trusur_dashboards\vendor\codeigniter4\framework\system\Common.php(1087): CodeIgniter\View\View->render('journals/v_jour...', Array, true)
#3 C:\xampp\htdocs\trusur_dashboards\app\Controllers\Journal.php(59): view('journals/v_jour...')
#4 C:\xampp\htdocs\trusur_dashboards\vendor\codeigniter4\framework\system\CodeIgniter.php(914): App\Controllers\Journal->index()
#5 C:\xampp\htdocs\trusur_dashboards\vendor\codeigniter4\framework\system\CodeIgniter.php(400): CodeIgniter\CodeIgniter->runController(Object(App\Controllers\Journal))
#6 C:\xampp\htdocs\trusur_dashboards\vendor\codeigniter4\framework\system\CodeIgniter.php(308): CodeIgniter\CodeIgniter->handleRequest(NULL, Object(Config\Cache), false)
#7 C:\xampp\htdocs\trusur_dashboards\public\index.php(45): CodeIgniter\CodeIgniter->run()
#8 C:\xampp\htdocs\trusur_dashboards\vendor\codeigniter4\framework\system\Commands\Server\rewrite.php(34): require_once('C:\\xampp\\htdocs...')
#9 {main}
