CRITICAL - 2020-06-28 08:06:43 --> Undefined variable: customer
#0 C:\xampp\htdocs\trusur_dashboards\app\Views\invoices\v_view.php(29): CodeIgniter\Debug\Exceptions->errorHandler(8, 'Undefined varia...', 'C:\\xampp\\htdocs...', 29, Array)
#1 C:\xampp\htdocs\trusur_dashboards\vendor\codeigniter4\framework\system\View\View.php(246): include('C:\\xampp\\htdocs...')
#2 C:\xampp\htdocs\trusur_dashboards\vendor\codeigniter4\framework\system\Common.php(1087): CodeIgniter\View\View->render('invoices/v_view', Array, true)
#3 C:\xampp\htdocs\trusur_dashboards\app\Controllers\Invoice.php(235): view('invoices/v_view')
#4 C:\xampp\htdocs\trusur_dashboards\vendor\codeigniter4\framework\system\CodeIgniter.php(914): App\Controllers\Invoice->view('1')
#5 C:\xampp\htdocs\trusur_dashboards\vendor\codeigniter4\framework\system\CodeIgniter.php(400): CodeIgniter\CodeIgniter->runController(Object(App\Controllers\Invoice))
#6 C:\xampp\htdocs\trusur_dashboards\vendor\codeigniter4\framework\system\CodeIgniter.php(308): CodeIgniter\CodeIgniter->handleRequest(NULL, Object(Config\Cache), false)
#7 C:\xampp\htdocs\trusur_dashboards\public\index.php(45): CodeIgniter\CodeIgniter->run()
#8 C:\xampp\htdocs\trusur_dashboards\vendor\codeigniter4\framework\system\Commands\Server\rewrite.php(34): require_once('C:\\xampp\\htdocs...')
#9 {main}
CRITICAL - 2020-06-28 08:13:43 --> Trying to get property 'pic' of non-object
#0 C:\xampp\htdocs\trusur_dashboards\app\Views\invoices\v_view.php(29): CodeIgniter\Debug\Exceptions->errorHandler(8, 'Trying to get p...', 'C:\\xampp\\htdocs...', 29, Array)
#1 C:\xampp\htdocs\trusur_dashboards\vendor\codeigniter4\framework\system\View\View.php(246): include('C:\\xampp\\htdocs...')
#2 C:\xampp\htdocs\trusur_dashboards\vendor\codeigniter4\framework\system\Common.php(1087): CodeIgniter\View\View->render('invoices/v_view', Array, true)
#3 C:\xampp\htdocs\trusur_dashboards\app\Controllers\Invoice.php(237): view('invoices/v_view')
#4 C:\xampp\htdocs\trusur_dashboards\vendor\codeigniter4\framework\system\CodeIgniter.php(914): App\Controllers\Invoice->view('1')
#5 C:\xampp\htdocs\trusur_dashboards\vendor\codeigniter4\framework\system\CodeIgniter.php(400): CodeIgniter\CodeIgniter->runController(Object(App\Controllers\Invoice))
#6 C:\xampp\htdocs\trusur_dashboards\vendor\codeigniter4\framework\system\CodeIgniter.php(308): CodeIgniter\CodeIgniter->handleRequest(NULL, Object(Config\Cache), false)
#7 C:\xampp\htdocs\trusur_dashboards\public\index.php(45): CodeIgniter\CodeIgniter->run()
#8 C:\xampp\htdocs\trusur_dashboards\vendor\codeigniter4\framework\system\Commands\Server\rewrite.php(34): require_once('C:\\xampp\\htdocs...')
#9 {main}
CRITICAL - 2020-06-28 08:14:27 --> Trying to get property 'pic' of non-object
#0 C:\xampp\htdocs\trusur_dashboards\app\Views\invoices\v_view.php(29): CodeIgniter\Debug\Exceptions->errorHandler(8, 'Trying to get p...', 'C:\\xampp\\htdocs...', 29, Array)
#1 C:\xampp\htdocs\trusur_dashboards\vendor\codeigniter4\framework\system\View\View.php(246): include('C:\\xampp\\htdocs...')
#2 C:\xampp\htdocs\trusur_dashboards\vendor\codeigniter4\framework\system\Common.php(1087): CodeIgniter\View\View->render('invoices/v_view', Array, true)
#3 C:\xampp\htdocs\trusur_dashboards\app\Controllers\Invoice.php(240): view('invoices/v_view')
#4 C:\xampp\htdocs\trusur_dashboards\vendor\codeigniter4\framework\system\CodeIgniter.php(914): App\Controllers\Invoice->view('1')
#5 C:\xampp\htdocs\trusur_dashboards\vendor\codeigniter4\framework\system\CodeIgniter.php(400): CodeIgniter\CodeIgniter->runController(Object(App\Controllers\Invoice))
#6 C:\xampp\htdocs\trusur_dashboards\vendor\codeigniter4\framework\system\CodeIgniter.php(308): CodeIgniter\CodeIgniter->handleRequest(NULL, Object(Config\Cache), false)
#7 C:\xampp\htdocs\trusur_dashboards\public\index.php(45): CodeIgniter\CodeIgniter->run()
#8 C:\xampp\htdocs\trusur_dashboards\vendor\codeigniter4\framework\system\Commands\Server\rewrite.php(34): require_once('C:\\xampp\\htdocs...')
#9 {main}
CRITICAL - 2020-06-28 08:23:45 --> A non-numeric value encountered
#0 C:\xampp\htdocs\trusur_dashboards\app\Controllers\Invoice.php(254): CodeIgniter\Debug\Exceptions->errorHandler(2, 'A non-numeric v...', 'C:\\xampp\\htdocs...', 254, Array)
#1 C:\xampp\htdocs\trusur_dashboards\app\Controllers\Invoice.php(153): App\Controllers\Invoice->generate_invoice_no()
#2 C:\xampp\htdocs\trusur_dashboards\vendor\codeigniter4\framework\system\CodeIgniter.php(914): App\Controllers\Invoice->add()
#3 C:\xampp\htdocs\trusur_dashboards\vendor\codeigniter4\framework\system\CodeIgniter.php(400): CodeIgniter\CodeIgniter->runController(Object(App\Controllers\Invoice))
#4 C:\xampp\htdocs\trusur_dashboards\vendor\codeigniter4\framework\system\CodeIgniter.php(308): CodeIgniter\CodeIgniter->handleRequest(NULL, Object(Config\Cache), false)
#5 C:\xampp\htdocs\trusur_dashboards\public\index.php(45): CodeIgniter\CodeIgniter->run()
#6 C:\xampp\htdocs\trusur_dashboards\vendor\codeigniter4\framework\system\Commands\Server\rewrite.php(34): require_once('C:\\xampp\\htdocs...')
#7 {main}
CRITICAL - 2020-06-28 08:24:30 --> A non-numeric value encountered
#0 C:\xampp\htdocs\trusur_dashboards\app\Controllers\Invoice.php(254): CodeIgniter\Debug\Exceptions->errorHandler(2, 'A non-numeric v...', 'C:\\xampp\\htdocs...', 254, Array)
#1 C:\xampp\htdocs\trusur_dashboards\app\Controllers\Invoice.php(153): App\Controllers\Invoice->generate_invoice_no()
#2 C:\xampp\htdocs\trusur_dashboards\vendor\codeigniter4\framework\system\CodeIgniter.php(914): App\Controllers\Invoice->add()
#3 C:\xampp\htdocs\trusur_dashboards\vendor\codeigniter4\framework\system\CodeIgniter.php(400): CodeIgniter\CodeIgniter->runController(Object(App\Controllers\Invoice))
#4 C:\xampp\htdocs\trusur_dashboards\vendor\codeigniter4\framework\system\CodeIgniter.php(308): CodeIgniter\CodeIgniter->handleRequest(NULL, Object(Config\Cache), false)
#5 C:\xampp\htdocs\trusur_dashboards\public\index.php(45): CodeIgniter\CodeIgniter->run()
#6 C:\xampp\htdocs\trusur_dashboards\vendor\codeigniter4\framework\system\Commands\Server\rewrite.php(34): require_once('C:\\xampp\\htdocs...')
#7 {main}
CRITICAL - 2020-06-28 08:25:18 --> A non-numeric value encountered
#0 C:\xampp\htdocs\trusur_dashboards\app\Controllers\Invoice.php(254): CodeIgniter\Debug\Exceptions->errorHandler(2, 'A non-numeric v...', 'C:\\xampp\\htdocs...', 254, Array)
#1 C:\xampp\htdocs\trusur_dashboards\app\Controllers\Invoice.php(153): App\Controllers\Invoice->generate_invoice_no()
#2 C:\xampp\htdocs\trusur_dashboards\vendor\codeigniter4\framework\system\CodeIgniter.php(914): App\Controllers\Invoice->add()
#3 C:\xampp\htdocs\trusur_dashboards\vendor\codeigniter4\framework\system\CodeIgniter.php(400): CodeIgniter\CodeIgniter->runController(Object(App\Controllers\Invoice))
#4 C:\xampp\htdocs\trusur_dashboards\vendor\codeigniter4\framework\system\CodeIgniter.php(308): CodeIgniter\CodeIgniter->handleRequest(NULL, Object(Config\Cache), false)
#5 C:\xampp\htdocs\trusur_dashboards\public\index.php(45): CodeIgniter\CodeIgniter->run()
#6 C:\xampp\htdocs\trusur_dashboards\vendor\codeigniter4\framework\system\Commands\Server\rewrite.php(34): require_once('C:\\xampp\\htdocs...')
#7 {main}
CRITICAL - 2020-06-28 08:25:30 --> A non-numeric value encountered
#0 C:\xampp\htdocs\trusur_dashboards\app\Controllers\Invoice.php(254): CodeIgniter\Debug\Exceptions->errorHandler(2, 'A non-numeric v...', 'C:\\xampp\\htdocs...', 254, Array)
#1 C:\xampp\htdocs\trusur_dashboards\app\Controllers\Invoice.php(153): App\Controllers\Invoice->generate_invoice_no()
#2 C:\xampp\htdocs\trusur_dashboards\vendor\codeigniter4\framework\system\CodeIgniter.php(914): App\Controllers\Invoice->add()
#3 C:\xampp\htdocs\trusur_dashboards\vendor\codeigniter4\framework\system\CodeIgniter.php(400): CodeIgniter\CodeIgniter->runController(Object(App\Controllers\Invoice))
#4 C:\xampp\htdocs\trusur_dashboards\vendor\codeigniter4\framework\system\CodeIgniter.php(308): CodeIgniter\CodeIgniter->handleRequest(NULL, Object(Config\Cache), false)
#5 C:\xampp\htdocs\trusur_dashboards\public\index.php(45): CodeIgniter\CodeIgniter->run()
#6 C:\xampp\htdocs\trusur_dashboards\vendor\codeigniter4\framework\system\Commands\Server\rewrite.php(34): require_once('C:\\xampp\\htdocs...')
#7 {main}
CRITICAL - 2020-06-28 08:25:48 --> A non-numeric value encountered
#0 C:\xampp\htdocs\trusur_dashboards\app\Controllers\Invoice.php(254): CodeIgniter\Debug\Exceptions->errorHandler(2, 'A non-numeric v...', 'C:\\xampp\\htdocs...', 254, Array)
#1 C:\xampp\htdocs\trusur_dashboards\app\Controllers\Invoice.php(153): App\Controllers\Invoice->generate_invoice_no()
#2 C:\xampp\htdocs\trusur_dashboards\vendor\codeigniter4\framework\system\CodeIgniter.php(914): App\Controllers\Invoice->add()
#3 C:\xampp\htdocs\trusur_dashboards\vendor\codeigniter4\framework\system\CodeIgniter.php(400): CodeIgniter\CodeIgniter->runController(Object(App\Controllers\Invoice))
#4 C:\xampp\htdocs\trusur_dashboards\vendor\codeigniter4\framework\system\CodeIgniter.php(308): CodeIgniter\CodeIgniter->handleRequest(NULL, Object(Config\Cache), false)
#5 C:\xampp\htdocs\trusur_dashboards\public\index.php(45): CodeIgniter\CodeIgniter->run()
#6 C:\xampp\htdocs\trusur_dashboards\vendor\codeigniter4\framework\system\Commands\Server\rewrite.php(34): require_once('C:\\xampp\\htdocs...')
#7 {main}
CRITICAL - 2020-06-28 08:33:56 --> Illegal offset type
#0 C:\xampp\htdocs\trusur_dashboards\app\Views\invoices\v_view.php(67): CodeIgniter\Debug\Exceptions->errorHandler(2, 'Illegal offset ...', 'C:\\xampp\\htdocs...', 67, Array)
#1 C:\xampp\htdocs\trusur_dashboards\vendor\codeigniter4\framework\system\View\View.php(246): include('C:\\xampp\\htdocs...')
#2 C:\xampp\htdocs\trusur_dashboards\vendor\codeigniter4\framework\system\Common.php(1087): CodeIgniter\View\View->render('invoices/v_view', Array, true)
#3 C:\xampp\htdocs\trusur_dashboards\app\Controllers\Invoice.php(241): view('invoices/v_view')
#4 C:\xampp\htdocs\trusur_dashboards\vendor\codeigniter4\framework\system\CodeIgniter.php(914): App\Controllers\Invoice->view('1')
#5 C:\xampp\htdocs\trusur_dashboards\vendor\codeigniter4\framework\system\CodeIgniter.php(400): CodeIgniter\CodeIgniter->runController(Object(App\Controllers\Invoice))
#6 C:\xampp\htdocs\trusur_dashboards\vendor\codeigniter4\framework\system\CodeIgniter.php(308): CodeIgniter\CodeIgniter->handleRequest(NULL, Object(Config\Cache), false)
#7 C:\xampp\htdocs\trusur_dashboards\public\index.php(45): CodeIgniter\CodeIgniter->run()
#8 C:\xampp\htdocs\trusur_dashboards\vendor\codeigniter4\framework\system\Commands\Server\rewrite.php(34): require_once('C:\\xampp\\htdocs...')
#9 {main}
CRITICAL - 2020-06-28 08:38:53 --> syntax error, unexpected ';', expecting ',' or ')'
#0 C:\xampp\htdocs\trusur_dashboards\vendor\codeigniter4\framework\system\Common.php(1087): CodeIgniter\View\View->render('invoices/v_view', Array, true)
#1 C:\xampp\htdocs\trusur_dashboards\app\Controllers\Invoice.php(242): view('invoices/v_view')
#2 C:\xampp\htdocs\trusur_dashboards\vendor\codeigniter4\framework\system\CodeIgniter.php(914): App\Controllers\Invoice->view('1')
#3 C:\xampp\htdocs\trusur_dashboards\vendor\codeigniter4\framework\system\CodeIgniter.php(400): CodeIgniter\CodeIgniter->runController(Object(App\Controllers\Invoice))
#4 C:\xampp\htdocs\trusur_dashboards\vendor\codeigniter4\framework\system\CodeIgniter.php(308): CodeIgniter\CodeIgniter->handleRequest(NULL, Object(Config\Cache), false)
#5 C:\xampp\htdocs\trusur_dashboards\public\index.php(45): CodeIgniter\CodeIgniter->run()
#6 C:\xampp\htdocs\trusur_dashboards\vendor\codeigniter4\framework\system\Commands\Server\rewrite.php(34): require_once('C:\\xampp\\htdocs...')
#7 {main}
CRITICAL - 2020-06-28 08:40:36 --> Trying to get property 'name' of non-object
#0 C:\xampp\htdocs\trusur_dashboards\app\Views\invoices\v_view.php(71): CodeIgniter\Debug\Exceptions->errorHandler(8, 'Trying to get p...', 'C:\\xampp\\htdocs...', 71, Array)
#1 C:\xampp\htdocs\trusur_dashboards\vendor\codeigniter4\framework\system\View\View.php(246): include('C:\\xampp\\htdocs...')
#2 C:\xampp\htdocs\trusur_dashboards\vendor\codeigniter4\framework\system\Common.php(1087): CodeIgniter\View\View->render('invoices/v_view', Array, true)
#3 C:\xampp\htdocs\trusur_dashboards\app\Controllers\Invoice.php(243): view('invoices/v_view')
#4 C:\xampp\htdocs\trusur_dashboards\vendor\codeigniter4\framework\system\CodeIgniter.php(914): App\Controllers\Invoice->view('1')
#5 C:\xampp\htdocs\trusur_dashboards\vendor\codeigniter4\framework\system\CodeIgniter.php(400): CodeIgniter\CodeIgniter->runController(Object(App\Controllers\Invoice))
#6 C:\xampp\htdocs\trusur_dashboards\vendor\codeigniter4\framework\system\CodeIgniter.php(308): CodeIgniter\CodeIgniter->handleRequest(NULL, Object(Config\Cache), false)
#7 C:\xampp\htdocs\trusur_dashboards\public\index.php(45): CodeIgniter\CodeIgniter->run()
#8 C:\xampp\htdocs\trusur_dashboards\vendor\codeigniter4\framework\system\Commands\Server\rewrite.php(34): require_once('C:\\xampp\\htdocs...')
#9 {main}
CRITICAL - 2020-06-28 08:43:44 --> Call to undefined method CodeIgniter\View\View::amountformat()
#0 C:\xampp\htdocs\trusur_dashboards\vendor\codeigniter4\framework\system\View\View.php(246): include()
#1 C:\xampp\htdocs\trusur_dashboards\vendor\codeigniter4\framework\system\Common.php(1087): CodeIgniter\View\View->render('invoices/v_view', Array, true)
#2 C:\xampp\htdocs\trusur_dashboards\app\Controllers\Invoice.php(243): view('invoices/v_view')
#3 C:\xampp\htdocs\trusur_dashboards\vendor\codeigniter4\framework\system\CodeIgniter.php(914): App\Controllers\Invoice->view('1')
#4 C:\xampp\htdocs\trusur_dashboards\vendor\codeigniter4\framework\system\CodeIgniter.php(400): CodeIgniter\CodeIgniter->runController(Object(App\Controllers\Invoice))
#5 C:\xampp\htdocs\trusur_dashboards\vendor\codeigniter4\framework\system\CodeIgniter.php(308): CodeIgniter\CodeIgniter->handleRequest(NULL, Object(Config\Cache), false)
#6 C:\xampp\htdocs\trusur_dashboards\public\index.php(45): CodeIgniter\CodeIgniter->run()
#7 C:\xampp\htdocs\trusur_dashboards\vendor\codeigniter4\framework\system\Commands\Server\rewrite.php(34): require_once('C:\\xampp\\htdocs...')
#8 {main}
CRITICAL - 2020-06-28 08:50:00 --> Undefined property: App\Controllers\Invoice::$amountformat
#0 C:\xampp\htdocs\trusur_dashboards\app\Controllers\Invoice.php(241): CodeIgniter\Debug\Exceptions->errorHandler(8, 'Undefined prope...', 'C:\\xampp\\htdocs...', 241, Array)
#1 C:\xampp\htdocs\trusur_dashboards\vendor\codeigniter4\framework\system\CodeIgniter.php(914): App\Controllers\Invoice->view('1')
#2 C:\xampp\htdocs\trusur_dashboards\vendor\codeigniter4\framework\system\CodeIgniter.php(400): CodeIgniter\CodeIgniter->runController(Object(App\Controllers\Invoice))
#3 C:\xampp\htdocs\trusur_dashboards\vendor\codeigniter4\framework\system\CodeIgniter.php(308): CodeIgniter\CodeIgniter->handleRequest(NULL, Object(Config\Cache), false)
#4 C:\xampp\htdocs\trusur_dashboards\public\index.php(45): CodeIgniter\CodeIgniter->run()
#5 C:\xampp\htdocs\trusur_dashboards\vendor\codeigniter4\framework\system\Commands\Server\rewrite.php(34): require_once('C:\\xampp\\htdocs...')
#6 {main}
CRITICAL - 2020-06-28 08:51:31 --> Cannot re-assign $this
#0 C:\xampp\htdocs\trusur_dashboards\vendor\codeigniter4\framework\system\View\View.php(238): extract(Array)
#1 C:\xampp\htdocs\trusur_dashboards\vendor\codeigniter4\framework\system\Common.php(1087): CodeIgniter\View\View->render('v_header', Array, true)
#2 C:\xampp\htdocs\trusur_dashboards\app\Controllers\Invoice.php(242): view('v_header', Array)
#3 C:\xampp\htdocs\trusur_dashboards\vendor\codeigniter4\framework\system\CodeIgniter.php(914): App\Controllers\Invoice->view('1')
#4 C:\xampp\htdocs\trusur_dashboards\vendor\codeigniter4\framework\system\CodeIgniter.php(400): CodeIgniter\CodeIgniter->runController(Object(App\Controllers\Invoice))
#5 C:\xampp\htdocs\trusur_dashboards\vendor\codeigniter4\framework\system\CodeIgniter.php(308): CodeIgniter\CodeIgniter->handleRequest(NULL, Object(Config\Cache), false)
#6 C:\xampp\htdocs\trusur_dashboards\public\index.php(45): CodeIgniter\CodeIgniter->run()
#7 C:\xampp\htdocs\trusur_dashboards\vendor\codeigniter4\framework\system\Commands\Server\rewrite.php(34): require_once('C:\\xampp\\htdocs...')
#8 {main}
CRITICAL - 2020-06-28 19:12:18 --> escapeshellarg() has been disabled for security reasons
#0 [internal function]: CodeIgniter\Debug\Exceptions->errorHandler(2, 'escapeshellarg(...', '/var/www/html/t...', 141, Array)
#1 /var/www/html/trusur_dashboards/vendor/codeigniter4/framework/system/Commands/Server/Serve.php(141): escapeshellarg('/opt/cpanel/ea-...')
#2 /var/www/html/trusur_dashboards/vendor/codeigniter4/framework/system/CLI/CommandRunner.php(137): CodeIgniter\Commands\Server\Serve->run(Array)
#3 /var/www/html/trusur_dashboards/vendor/codeigniter4/framework/system/CLI/CommandRunner.php(110): CodeIgniter\CLI\CommandRunner->runCommand('serve', Array)
#4 /var/www/html/trusur_dashboards/vendor/codeigniter4/framework/system/CLI/CommandRunner.php(86): CodeIgniter\CLI\CommandRunner->index(Array)
#5 /var/www/html/trusur_dashboards/vendor/codeigniter4/framework/system/CodeIgniter.php(910): CodeIgniter\CLI\CommandRunner->_remap('index', 'serve')
#6 /var/www/html/trusur_dashboards/vendor/codeigniter4/framework/system/CodeIgniter.php(400): CodeIgniter\CodeIgniter->runController(Object(CodeIgniter\CLI\CommandRunner))
#7 /var/www/html/trusur_dashboards/vendor/codeigniter4/framework/system/CodeIgniter.php(308): CodeIgniter\CodeIgniter->handleRequest(NULL, Object(Config\Cache), false)
#8 /var/www/html/trusur_dashboards/vendor/codeigniter4/framework/system/CLI/Console.php(86): CodeIgniter\CodeIgniter->run()
#9 /var/www/html/trusur_dashboards/spark(57): CodeIgniter\CLI\Console->run()
#10 {main}
CRITICAL - 2020-06-28 19:14:16 --> escapeshellarg() has been disabled for security reasons
#0 [internal function]: CodeIgniter\Debug\Exceptions->errorHandler(2, 'escapeshellarg(...', '/home/ispumaps/...', 141, Array)
#1 /home/ispumaps/public_html/trusur_dashboards/vendor/codeigniter4/framework/system/Commands/Server/Serve.php(141): escapeshellarg('/opt/cpanel/ea-...')
#2 /home/ispumaps/public_html/trusur_dashboards/vendor/codeigniter4/framework/system/CLI/CommandRunner.php(137): CodeIgniter\Commands\Server\Serve->run(Array)
#3 /home/ispumaps/public_html/trusur_dashboards/vendor/codeigniter4/framework/system/CLI/CommandRunner.php(110): CodeIgniter\CLI\CommandRunner->runCommand('serve', Array)
#4 /home/ispumaps/public_html/trusur_dashboards/vendor/codeigniter4/framework/system/CLI/CommandRunner.php(86): CodeIgniter\CLI\CommandRunner->index(Array)
#5 /home/ispumaps/public_html/trusur_dashboards/vendor/codeigniter4/framework/system/CodeIgniter.php(910): CodeIgniter\CLI\CommandRunner->_remap('index', 'serve')
#6 /home/ispumaps/public_html/trusur_dashboards/vendor/codeigniter4/framework/system/CodeIgniter.php(400): CodeIgniter\CodeIgniter->runController(Object(CodeIgniter\CLI\CommandRunner))
#7 /home/ispumaps/public_html/trusur_dashboards/vendor/codeigniter4/framework/system/CodeIgniter.php(308): CodeIgniter\CodeIgniter->handleRequest(NULL, Object(Config\Cache), false)
#8 /home/ispumaps/public_html/trusur_dashboards/vendor/codeigniter4/framework/system/CLI/Console.php(86): CodeIgniter\CodeIgniter->run()
#9 /home/ispumaps/public_html/trusur_dashboards/spark(57): CodeIgniter\CLI\Console->run()
#10 {main}
CRITICAL - 2020-06-28 19:15:02 --> escapeshellarg() has been disabled for security reasons
#0 [internal function]: CodeIgniter\Debug\Exceptions->errorHandler(2, 'escapeshellarg(...', '/home/ispumaps/...', 141, Array)
#1 /home/ispumaps/public_html/trusur_dashboards/vendor/codeigniter4/framework/system/Commands/Server/Serve.php(141): escapeshellarg('/opt/cpanel/ea-...')
#2 /home/ispumaps/public_html/trusur_dashboards/vendor/codeigniter4/framework/system/CLI/CommandRunner.php(137): CodeIgniter\Commands\Server\Serve->run(Array)
#3 /home/ispumaps/public_html/trusur_dashboards/vendor/codeigniter4/framework/system/CLI/CommandRunner.php(110): CodeIgniter\CLI\CommandRunner->runCommand('serve', Array)
#4 /home/ispumaps/public_html/trusur_dashboards/vendor/codeigniter4/framework/system/CLI/CommandRunner.php(86): CodeIgniter\CLI\CommandRunner->index(Array)
#5 /home/ispumaps/public_html/trusur_dashboards/vendor/codeigniter4/framework/system/CodeIgniter.php(910): CodeIgniter\CLI\CommandRunner->_remap('index', 'serve')
#6 /home/ispumaps/public_html/trusur_dashboards/vendor/codeigniter4/framework/system/CodeIgniter.php(400): CodeIgniter\CodeIgniter->runController(Object(CodeIgniter\CLI\CommandRunner))
#7 /home/ispumaps/public_html/trusur_dashboards/vendor/codeigniter4/framework/system/CodeIgniter.php(308): CodeIgniter\CodeIgniter->handleRequest(NULL, Object(Config\Cache), false)
#8 /home/ispumaps/public_html/trusur_dashboards/vendor/codeigniter4/framework/system/CLI/Console.php(86): CodeIgniter\CodeIgniter->run()
#9 /home/ispumaps/public_html/trusur_dashboards/spark(57): CodeIgniter\CLI\Console->run()
#10 {main}
CRITICAL - 2020-06-28 19:15:43 --> Access denied for user '****'@'localhost' (using password: YES)
#0 /home/ispumaps/public_html/trusur_dashboards/vendor/codeigniter4/framework/system/Database/BaseConnection.php(377): CodeIgniter\Database\MySQLi\Connection->connect(false)
#1 /home/ispumaps/public_html/trusur_dashboards/vendor/codeigniter4/framework/system/Database/BaseConnection.php(643): CodeIgniter\Database\BaseConnection->initialize()
#2 /home/ispumaps/public_html/trusur_dashboards/vendor/codeigniter4/framework/system/Database/BaseBuilder.php(1845): CodeIgniter\Database\BaseConnection->query('SELECT *\nFROM `...', Array, false)
#3 /home/ispumaps/public_html/trusur_dashboards/vendor/codeigniter4/framework/system/Model.php(445): CodeIgniter\Database\BaseBuilder->get()
#4 /home/ispumaps/public_html/trusur_dashboards/app/Controllers/BaseController.php(58): CodeIgniter\Model->findAll()
#5 /home/ispumaps/public_html/trusur_dashboards/app/Controllers/Home.php(10): App\Controllers\BaseController->common()
#6 /home/ispumaps/public_html/trusur_dashboards/vendor/codeigniter4/framework/system/CodeIgniter.php(914): App\Controllers\Home->index()
#7 /home/ispumaps/public_html/trusur_dashboards/vendor/codeigniter4/framework/system/CodeIgniter.php(400): CodeIgniter\CodeIgniter->runController(Object(App\Controllers\Home))
#8 /home/ispumaps/public_html/trusur_dashboards/vendor/codeigniter4/framework/system/CodeIgniter.php(308): CodeIgniter\CodeIgniter->handleRequest(NULL, Object(Config\Cache), false)
#9 /home/ispumaps/public_html/trusur_dashboards/public/index.php(45): CodeIgniter\CodeIgniter->run()
#10 {main}
CRITICAL - 2020-06-28 19:15:43 --> Uncaught ErrorException: print_r(): Property access is not allowed yet in /home/ispumaps/public_html/trusur_dashboards/app/Views/errors/html/error_exception.php:100
Stack trace:
#0 [internal function]: CodeIgniter\Debug\Exceptions->errorHandler(2, 'print_r(): Prop...', '/home/ispumaps/...', 100, Array)
#1 /home/ispumaps/public_html/trusur_dashboards/app/Views/errors/html/error_exception.php(100): print_r(Object(App\Controllers\Home), true)
#2 /home/ispumaps/public_html/trusur_dashboards/vendor/codeigniter4/framework/system/Debug/Exceptions.php(299): include('/home/ispumaps/...')
#3 /home/ispumaps/public_html/trusur_dashboards/vendor/codeigniter4/framework/system/Debug/Exceptions.php(172): CodeIgniter\Debug\Exceptions->render(Object(mysqli_sql_exception), 500)
#4 [internal function]: CodeIgniter\Debug\Exceptions->exceptionHandler(Object(mysqli_sql_exception))
#5 {main}
  thrown
#0 [internal function]: CodeIgniter\Debug\Exceptions->shutdownHandler()
#1 {main}
CRITICAL - 2020-06-28 19:16:50 --> Access denied for user '****'@'localhost' (using password: YES)
#0 /home/ispumaps/public_html/trusur_dashboards/vendor/codeigniter4/framework/system/Database/BaseConnection.php(377): CodeIgniter\Database\MySQLi\Connection->connect(false)
#1 /home/ispumaps/public_html/trusur_dashboards/vendor/codeigniter4/framework/system/Database/BaseConnection.php(643): CodeIgniter\Database\BaseConnection->initialize()
#2 /home/ispumaps/public_html/trusur_dashboards/vendor/codeigniter4/framework/system/Database/BaseBuilder.php(1845): CodeIgniter\Database\BaseConnection->query('SELECT *\nFROM `...', Array, false)
#3 /home/ispumaps/public_html/trusur_dashboards/vendor/codeigniter4/framework/system/Model.php(445): CodeIgniter\Database\BaseBuilder->get()
#4 /home/ispumaps/public_html/trusur_dashboards/app/Controllers/BaseController.php(58): CodeIgniter\Model->findAll()
#5 /home/ispumaps/public_html/trusur_dashboards/app/Controllers/Home.php(10): App\Controllers\BaseController->common()
#6 /home/ispumaps/public_html/trusur_dashboards/vendor/codeigniter4/framework/system/CodeIgniter.php(914): App\Controllers\Home->index()
#7 /home/ispumaps/public_html/trusur_dashboards/vendor/codeigniter4/framework/system/CodeIgniter.php(400): CodeIgniter\CodeIgniter->runController(Object(App\Controllers\Home))
#8 /home/ispumaps/public_html/trusur_dashboards/vendor/codeigniter4/framework/system/CodeIgniter.php(308): CodeIgniter\CodeIgniter->handleRequest(NULL, Object(Config\Cache), false)
#9 /home/ispumaps/public_html/trusur_dashboards/public/index.php(45): CodeIgniter\CodeIgniter->run()
#10 {main}
CRITICAL - 2020-06-28 19:16:50 --> Uncaught ErrorException: print_r(): Property access is not allowed yet in /home/ispumaps/public_html/trusur_dashboards/app/Views/errors/html/error_exception.php:100
Stack trace:
#0 [internal function]: CodeIgniter\Debug\Exceptions->errorHandler(2, 'print_r(): Prop...', '/home/ispumaps/...', 100, Array)
#1 /home/ispumaps/public_html/trusur_dashboards/app/Views/errors/html/error_exception.php(100): print_r(Object(App\Controllers\Home), true)
#2 /home/ispumaps/public_html/trusur_dashboards/vendor/codeigniter4/framework/system/Debug/Exceptions.php(299): include('/home/ispumaps/...')
#3 /home/ispumaps/public_html/trusur_dashboards/vendor/codeigniter4/framework/system/Debug/Exceptions.php(172): CodeIgniter\Debug\Exceptions->render(Object(mysqli_sql_exception), 500)
#4 [internal function]: CodeIgniter\Debug\Exceptions->exceptionHandler(Object(mysqli_sql_exception))
#5 {main}
  thrown
#0 [internal function]: CodeIgniter\Debug\Exceptions->shutdownHandler()
#1 {main}
CRITICAL - 2020-06-28 19:27:24 --> passthru() has been disabled for security reasons
#0 [internal function]: CodeIgniter\Debug\Exceptions->errorHandler(2, 'passthru() has ...', '/home/ispumaps/...', 158, Array)
#1 /home/ispumaps/public_html/trusur_dashboards/vendor/codeigniter4/framework/system/Commands/Server/Serve.php(158): passthru(''/opt/cpanel/ea...', NULL)
#2 /home/ispumaps/public_html/trusur_dashboards/vendor/codeigniter4/framework/system/CLI/CommandRunner.php(137): CodeIgniter\Commands\Server\Serve->run(Array)
#3 /home/ispumaps/public_html/trusur_dashboards/vendor/codeigniter4/framework/system/CLI/CommandRunner.php(110): CodeIgniter\CLI\CommandRunner->runCommand('serve', Array)
#4 /home/ispumaps/public_html/trusur_dashboards/vendor/codeigniter4/framework/system/CLI/CommandRunner.php(86): CodeIgniter\CLI\CommandRunner->index(Array)
#5 /home/ispumaps/public_html/trusur_dashboards/vendor/codeigniter4/framework/system/CodeIgniter.php(910): CodeIgniter\CLI\CommandRunner->_remap('index', 'serve')
#6 /home/ispumaps/public_html/trusur_dashboards/vendor/codeigniter4/framework/system/CodeIgniter.php(400): CodeIgniter\CodeIgniter->runController(Object(CodeIgniter\CLI\CommandRunner))
#7 /home/ispumaps/public_html/trusur_dashboards/vendor/codeigniter4/framework/system/CodeIgniter.php(308): CodeIgniter\CodeIgniter->handleRequest(NULL, Object(Config\Cache), false)
#8 /home/ispumaps/public_html/trusur_dashboards/vendor/codeigniter4/framework/system/CLI/Console.php(86): CodeIgniter\CodeIgniter->run()
#9 /home/ispumaps/public_html/trusur_dashboards/spark(57): CodeIgniter\CLI\Console->run()
#10 {main}
