CRITICAL - 2020-06-27 06:24:31 --> Undefined offset: 0
#0 C:\xampp\htdocs\trusur_dashboards\app\Controllers\Invoice.php(219): CodeIgniter\Debug\Exceptions->errorHandler(8, 'Undefined offse...', 'C:\\xampp\\htdocs...', 219, Array)
#1 C:\xampp\htdocs\trusur_dashboards\app\Controllers\Invoice.php(143): App\Controllers\Invoice->generate_invoice_no()
#2 C:\xampp\htdocs\trusur_dashboards\vendor\codeigniter4\framework\system\CodeIgniter.php(914): App\Controllers\Invoice->add()
#3 C:\xampp\htdocs\trusur_dashboards\vendor\codeigniter4\framework\system\CodeIgniter.php(400): CodeIgniter\CodeIgniter->runController(Object(App\Controllers\Invoice))
#4 C:\xampp\htdocs\trusur_dashboards\vendor\codeigniter4\framework\system\CodeIgniter.php(308): CodeIgniter\CodeIgniter->handleRequest(NULL, Object(Config\Cache), false)
#5 C:\xampp\htdocs\trusur_dashboards\public\index.php(45): CodeIgniter\CodeIgniter->run()
#6 C:\xampp\htdocs\trusur_dashboards\vendor\codeigniter4\framework\system\Commands\Server\rewrite.php(34): require_once('C:\\xampp\\htdocs...')
#7 {main}
CRITICAL - 2020-06-27 06:25:27 --> Object of class CodeIgniter\Database\MySQLi\Result could not be converted to string
#0 [internal function]: CodeIgniter\Debug\Exceptions->errorHandler(4096, 'Object of class...', 'C:\\xampp\\htdocs...', 220, Array)
#1 C:\xampp\htdocs\trusur_dashboards\app\Controllers\Invoice.php(220): str_replace('INV/VI/2020/', '', Object(CodeIgniter\Database\MySQLi\Result))
#2 C:\xampp\htdocs\trusur_dashboards\app\Controllers\Invoice.php(143): App\Controllers\Invoice->generate_invoice_no()
#3 C:\xampp\htdocs\trusur_dashboards\vendor\codeigniter4\framework\system\CodeIgniter.php(914): App\Controllers\Invoice->add()
#4 C:\xampp\htdocs\trusur_dashboards\vendor\codeigniter4\framework\system\CodeIgniter.php(400): CodeIgniter\CodeIgniter->runController(Object(App\Controllers\Invoice))
#5 C:\xampp\htdocs\trusur_dashboards\vendor\codeigniter4\framework\system\CodeIgniter.php(308): CodeIgniter\CodeIgniter->handleRequest(NULL, Object(Config\Cache), false)
#6 C:\xampp\htdocs\trusur_dashboards\public\index.php(45): CodeIgniter\CodeIgniter->run()
#7 C:\xampp\htdocs\trusur_dashboards\vendor\codeigniter4\framework\system\Commands\Server\rewrite.php(34): require_once('C:\\xampp\\htdocs...')
#8 {main}
CRITICAL - 2020-06-27 06:32:58 --> Undefined property: App\Controllers\Invoice::$invoice_no_template
#0 C:\xampp\htdocs\trusur_dashboards\app\Controllers\Invoice.php(218): CodeIgniter\Debug\Exceptions->errorHandler(8, 'Undefined prope...', 'C:\\xampp\\htdocs...', 218, Array)
#1 C:\xampp\htdocs\trusur_dashboards\app\Controllers\Invoice.php(143): App\Controllers\Invoice->generate_invoice_no()
#2 C:\xampp\htdocs\trusur_dashboards\vendor\codeigniter4\framework\system\CodeIgniter.php(914): App\Controllers\Invoice->add()
#3 C:\xampp\htdocs\trusur_dashboards\vendor\codeigniter4\framework\system\CodeIgniter.php(400): CodeIgniter\CodeIgniter->runController(Object(App\Controllers\Invoice))
#4 C:\xampp\htdocs\trusur_dashboards\vendor\codeigniter4\framework\system\CodeIgniter.php(308): CodeIgniter\CodeIgniter->handleRequest(NULL, Object(Config\Cache), false)
#5 C:\xampp\htdocs\trusur_dashboards\public\index.php(45): CodeIgniter\CodeIgniter->run()
#6 C:\xampp\htdocs\trusur_dashboards\vendor\codeigniter4\framework\system\Commands\Server\rewrite.php(34): require_once('C:\\xampp\\htdocs...')
#7 {main}
CRITICAL - 2020-06-27 06:34:10 --> Undefined property: App\Controllers\Invoice::$invoice_no_template
#0 C:\xampp\htdocs\trusur_dashboards\app\Controllers\Invoice.php(218): CodeIgniter\Debug\Exceptions->errorHandler(8, 'Undefined prope...', 'C:\\xampp\\htdocs...', 218, Array)
#1 C:\xampp\htdocs\trusur_dashboards\app\Controllers\Invoice.php(143): App\Controllers\Invoice->generate_invoice_no()
#2 C:\xampp\htdocs\trusur_dashboards\vendor\codeigniter4\framework\system\CodeIgniter.php(914): App\Controllers\Invoice->add()
#3 C:\xampp\htdocs\trusur_dashboards\vendor\codeigniter4\framework\system\CodeIgniter.php(400): CodeIgniter\CodeIgniter->runController(Object(App\Controllers\Invoice))
#4 C:\xampp\htdocs\trusur_dashboards\vendor\codeigniter4\framework\system\CodeIgniter.php(308): CodeIgniter\CodeIgniter->handleRequest(NULL, Object(Config\Cache), false)
#5 C:\xampp\htdocs\trusur_dashboards\public\index.php(45): CodeIgniter\CodeIgniter->run()
#6 C:\xampp\htdocs\trusur_dashboards\vendor\codeigniter4\framework\system\Commands\Server\rewrite.php(34): require_once('C:\\xampp\\htdocs...')
#7 {main}
CRITICAL - 2020-06-27 09:08:33 --> Undefined variable: key
#0 C:\xampp\htdocs\trusur_dashboards\app\Views\invoices\v_js.php(71): CodeIgniter\Debug\Exceptions->errorHandler(8, 'Undefined varia...', 'C:\\xampp\\htdocs...', 71, Array)
#1 C:\xampp\htdocs\trusur_dashboards\vendor\codeigniter4\framework\system\View\View.php(246): include('C:\\xampp\\htdocs...')
#2 C:\xampp\htdocs\trusur_dashboards\vendor\codeigniter4\framework\system\Common.php(1087): CodeIgniter\View\View->render('invoices/v_js', Array, true)
#3 C:\xampp\htdocs\trusur_dashboards\app\Controllers\Invoice.php(149): view('invoices/v_js')
#4 C:\xampp\htdocs\trusur_dashboards\vendor\codeigniter4\framework\system\CodeIgniter.php(914): App\Controllers\Invoice->add()
#5 C:\xampp\htdocs\trusur_dashboards\vendor\codeigniter4\framework\system\CodeIgniter.php(400): CodeIgniter\CodeIgniter->runController(Object(App\Controllers\Invoice))
#6 C:\xampp\htdocs\trusur_dashboards\vendor\codeigniter4\framework\system\CodeIgniter.php(308): CodeIgniter\CodeIgniter->handleRequest(NULL, Object(Config\Cache), false)
#7 C:\xampp\htdocs\trusur_dashboards\public\index.php(45): CodeIgniter\CodeIgniter->run()
#8 C:\xampp\htdocs\trusur_dashboards\vendor\codeigniter4\framework\system\Commands\Server\rewrite.php(34): require_once('C:\\xampp\\htdocs...')
#9 {main}
CRITICAL - 2020-06-27 09:09:11 --> Undefined variable: key
#0 C:\xampp\htdocs\trusur_dashboards\app\Views\invoices\v_js.php(70): CodeIgniter\Debug\Exceptions->errorHandler(8, 'Undefined varia...', 'C:\\xampp\\htdocs...', 70, Array)
#1 C:\xampp\htdocs\trusur_dashboards\vendor\codeigniter4\framework\system\View\View.php(246): include('C:\\xampp\\htdocs...')
#2 C:\xampp\htdocs\trusur_dashboards\vendor\codeigniter4\framework\system\Common.php(1087): CodeIgniter\View\View->render('invoices/v_js', Array, true)
#3 C:\xampp\htdocs\trusur_dashboards\app\Controllers\Invoice.php(149): view('invoices/v_js')
#4 C:\xampp\htdocs\trusur_dashboards\vendor\codeigniter4\framework\system\CodeIgniter.php(914): App\Controllers\Invoice->add()
#5 C:\xampp\htdocs\trusur_dashboards\vendor\codeigniter4\framework\system\CodeIgniter.php(400): CodeIgniter\CodeIgniter->runController(Object(App\Controllers\Invoice))
#6 C:\xampp\htdocs\trusur_dashboards\vendor\codeigniter4\framework\system\CodeIgniter.php(308): CodeIgniter\CodeIgniter->handleRequest(NULL, Object(Config\Cache), false)
#7 C:\xampp\htdocs\trusur_dashboards\public\index.php(45): CodeIgniter\CodeIgniter->run()
#8 C:\xampp\htdocs\trusur_dashboards\vendor\codeigniter4\framework\system\Commands\Server\rewrite.php(34): require_once('C:\\xampp\\htdocs...')
#9 {main}
CRITICAL - 2020-06-27 09:09:55 --> Undefined variable: key
#0 C:\xampp\htdocs\trusur_dashboards\app\Views\invoices\v_js.php(71): CodeIgniter\Debug\Exceptions->errorHandler(8, 'Undefined varia...', 'C:\\xampp\\htdocs...', 71, Array)
#1 C:\xampp\htdocs\trusur_dashboards\vendor\codeigniter4\framework\system\View\View.php(246): include('C:\\xampp\\htdocs...')
#2 C:\xampp\htdocs\trusur_dashboards\vendor\codeigniter4\framework\system\Common.php(1087): CodeIgniter\View\View->render('invoices/v_js', Array, true)
#3 C:\xampp\htdocs\trusur_dashboards\app\Controllers\Invoice.php(149): view('invoices/v_js')
#4 C:\xampp\htdocs\trusur_dashboards\vendor\codeigniter4\framework\system\CodeIgniter.php(914): App\Controllers\Invoice->add()
#5 C:\xampp\htdocs\trusur_dashboards\vendor\codeigniter4\framework\system\CodeIgniter.php(400): CodeIgniter\CodeIgniter->runController(Object(App\Controllers\Invoice))
#6 C:\xampp\htdocs\trusur_dashboards\vendor\codeigniter4\framework\system\CodeIgniter.php(308): CodeIgniter\CodeIgniter->handleRequest(NULL, Object(Config\Cache), false)
#7 C:\xampp\htdocs\trusur_dashboards\public\index.php(45): CodeIgniter\CodeIgniter->run()
#8 C:\xampp\htdocs\trusur_dashboards\vendor\codeigniter4\framework\system\Commands\Server\rewrite.php(34): require_once('C:\\xampp\\htdocs...')
#9 {main}
CRITICAL - 2020-06-27 09:11:07 --> Undefined variable: key
#0 C:\xampp\htdocs\trusur_dashboards\app\Views\invoices\v_js.php(71): CodeIgniter\Debug\Exceptions->errorHandler(8, 'Undefined varia...', 'C:\\xampp\\htdocs...', 71, Array)
#1 C:\xampp\htdocs\trusur_dashboards\vendor\codeigniter4\framework\system\View\View.php(246): include('C:\\xampp\\htdocs...')
#2 C:\xampp\htdocs\trusur_dashboards\vendor\codeigniter4\framework\system\Common.php(1087): CodeIgniter\View\View->render('invoices/v_js', Array, true)
#3 C:\xampp\htdocs\trusur_dashboards\app\Controllers\Invoice.php(149): view('invoices/v_js')
#4 C:\xampp\htdocs\trusur_dashboards\vendor\codeigniter4\framework\system\CodeIgniter.php(914): App\Controllers\Invoice->add()
#5 C:\xampp\htdocs\trusur_dashboards\vendor\codeigniter4\framework\system\CodeIgniter.php(400): CodeIgniter\CodeIgniter->runController(Object(App\Controllers\Invoice))
#6 C:\xampp\htdocs\trusur_dashboards\vendor\codeigniter4\framework\system\CodeIgniter.php(308): CodeIgniter\CodeIgniter->handleRequest(NULL, Object(Config\Cache), false)
#7 C:\xampp\htdocs\trusur_dashboards\public\index.php(45): CodeIgniter\CodeIgniter->run()
#8 C:\xampp\htdocs\trusur_dashboards\vendor\codeigniter4\framework\system\Commands\Server\rewrite.php(34): require_once('C:\\xampp\\htdocs...')
#9 {main}
CRITICAL - 2020-06-27 09:11:40 --> Undefined variable: key
#0 C:\xampp\htdocs\trusur_dashboards\app\Views\invoices\v_js.php(61): CodeIgniter\Debug\Exceptions->errorHandler(8, 'Undefined varia...', 'C:\\xampp\\htdocs...', 61, Array)
#1 C:\xampp\htdocs\trusur_dashboards\vendor\codeigniter4\framework\system\View\View.php(246): include('C:\\xampp\\htdocs...')
#2 C:\xampp\htdocs\trusur_dashboards\vendor\codeigniter4\framework\system\Common.php(1087): CodeIgniter\View\View->render('invoices/v_js', Array, true)
#3 C:\xampp\htdocs\trusur_dashboards\app\Controllers\Invoice.php(149): view('invoices/v_js')
#4 C:\xampp\htdocs\trusur_dashboards\vendor\codeigniter4\framework\system\CodeIgniter.php(914): App\Controllers\Invoice->add()
#5 C:\xampp\htdocs\trusur_dashboards\vendor\codeigniter4\framework\system\CodeIgniter.php(400): CodeIgniter\CodeIgniter->runController(Object(App\Controllers\Invoice))
#6 C:\xampp\htdocs\trusur_dashboards\vendor\codeigniter4\framework\system\CodeIgniter.php(308): CodeIgniter\CodeIgniter->handleRequest(NULL, Object(Config\Cache), false)
#7 C:\xampp\htdocs\trusur_dashboards\public\index.php(45): CodeIgniter\CodeIgniter->run()
#8 C:\xampp\htdocs\trusur_dashboards\vendor\codeigniter4\framework\system\Commands\Server\rewrite.php(34): require_once('C:\\xampp\\htdocs...')
#9 {main}
CRITICAL - 2020-06-27 09:21:16 --> Undefined variable: key
#0 C:\xampp\htdocs\trusur_dashboards\app\Views\invoices\v_js.php(70): CodeIgniter\Debug\Exceptions->errorHandler(8, 'Undefined varia...', 'C:\\xampp\\htdocs...', 70, Array)
#1 C:\xampp\htdocs\trusur_dashboards\vendor\codeigniter4\framework\system\View\View.php(246): include('C:\\xampp\\htdocs...')
#2 C:\xampp\htdocs\trusur_dashboards\vendor\codeigniter4\framework\system\Common.php(1087): CodeIgniter\View\View->render('invoices/v_js', Array, true)
#3 C:\xampp\htdocs\trusur_dashboards\app\Controllers\Invoice.php(149): view('invoices/v_js')
#4 C:\xampp\htdocs\trusur_dashboards\vendor\codeigniter4\framework\system\CodeIgniter.php(914): App\Controllers\Invoice->add()
#5 C:\xampp\htdocs\trusur_dashboards\vendor\codeigniter4\framework\system\CodeIgniter.php(400): CodeIgniter\CodeIgniter->runController(Object(App\Controllers\Invoice))
#6 C:\xampp\htdocs\trusur_dashboards\vendor\codeigniter4\framework\system\CodeIgniter.php(308): CodeIgniter\CodeIgniter->handleRequest(NULL, Object(Config\Cache), false)
#7 C:\xampp\htdocs\trusur_dashboards\public\index.php(45): CodeIgniter\CodeIgniter->run()
#8 C:\xampp\htdocs\trusur_dashboards\vendor\codeigniter4\framework\system\Commands\Server\rewrite.php(34): require_once('C:\\xampp\\htdocs...')
#9 {main}
CRITICAL - 2020-06-27 20:49:30 --> Object of class stdClass could not be converted to string
#0 [internal function]: CodeIgniter\Debug\Exceptions->errorHandler(4096, 'Object of class...', 'C:\\xampp\\htdocs...', 443, Array)
#1 C:\xampp\htdocs\trusur_dashboards\vendor\codeigniter4\framework\system\Database\Query.php(443): strtr('INSERT INTO `in...', Array)
#2 C:\xampp\htdocs\trusur_dashboards\vendor\codeigniter4\framework\system\Database\Query.php(404): CodeIgniter\Database\Query->matchNamedBinds('INSERT INTO `in...', Array)
#3 C:\xampp\htdocs\trusur_dashboards\vendor\codeigniter4\framework\system\Database\Query.php(197): CodeIgniter\Database\Query->compileBinds()
#4 C:\xampp\htdocs\trusur_dashboards\vendor\codeigniter4\framework\system\Database\BaseConnection.php(666): CodeIgniter\Database\Query->getQuery()
#5 C:\xampp\htdocs\trusur_dashboards\vendor\codeigniter4\framework\system\Database\BaseBuilder.php(2234): CodeIgniter\Database\BaseConnection->query('INSERT INTO `in...', Array, false)
#6 C:\xampp\htdocs\trusur_dashboards\vendor\codeigniter4\framework\system\Model.php(729): CodeIgniter\Database\BaseBuilder->insert()
#7 C:\xampp\htdocs\trusur_dashboards\vendor\codeigniter4\framework\system\Model.php(557): CodeIgniter\Model->insert(Array, false)
#8 C:\xampp\htdocs\trusur_dashboards\app\Controllers\Invoice.php(117): CodeIgniter\Model->save(Array)
#9 C:\xampp\htdocs\trusur_dashboards\vendor\codeigniter4\framework\system\CodeIgniter.php(914): App\Controllers\Invoice->add()
#10 C:\xampp\htdocs\trusur_dashboards\vendor\codeigniter4\framework\system\CodeIgniter.php(400): CodeIgniter\CodeIgniter->runController(Object(App\Controllers\Invoice))
#11 C:\xampp\htdocs\trusur_dashboards\vendor\codeigniter4\framework\system\CodeIgniter.php(308): CodeIgniter\CodeIgniter->handleRequest(NULL, Object(Config\Cache), false)
#12 C:\xampp\htdocs\trusur_dashboards\public\index.php(45): CodeIgniter\CodeIgniter->run()
#13 C:\xampp\htdocs\trusur_dashboards\vendor\codeigniter4\framework\system\Commands\Server\rewrite.php(34): require_once('C:\\xampp\\htdocs...')
#14 {main}
CRITICAL - 2020-06-27 20:52:32 --> Object of class stdClass could not be converted to string
#0 [internal function]: CodeIgniter\Debug\Exceptions->errorHandler(4096, 'Object of class...', 'C:\\xampp\\htdocs...', 443, Array)
#1 C:\xampp\htdocs\trusur_dashboards\vendor\codeigniter4\framework\system\Database\Query.php(443): strtr('INSERT INTO `in...', Array)
#2 C:\xampp\htdocs\trusur_dashboards\vendor\codeigniter4\framework\system\Database\Query.php(404): CodeIgniter\Database\Query->matchNamedBinds('INSERT INTO `in...', Array)
#3 C:\xampp\htdocs\trusur_dashboards\vendor\codeigniter4\framework\system\Database\Query.php(197): CodeIgniter\Database\Query->compileBinds()
#4 C:\xampp\htdocs\trusur_dashboards\vendor\codeigniter4\framework\system\Database\BaseConnection.php(666): CodeIgniter\Database\Query->getQuery()
#5 C:\xampp\htdocs\trusur_dashboards\vendor\codeigniter4\framework\system\Database\BaseBuilder.php(2234): CodeIgniter\Database\BaseConnection->query('INSERT INTO `in...', Array, false)
#6 C:\xampp\htdocs\trusur_dashboards\vendor\codeigniter4\framework\system\Model.php(729): CodeIgniter\Database\BaseBuilder->insert()
#7 C:\xampp\htdocs\trusur_dashboards\vendor\codeigniter4\framework\system\Model.php(557): CodeIgniter\Model->insert(Array, false)
#8 C:\xampp\htdocs\trusur_dashboards\app\Controllers\Invoice.php(117): CodeIgniter\Model->save(Array)
#9 C:\xampp\htdocs\trusur_dashboards\vendor\codeigniter4\framework\system\CodeIgniter.php(914): App\Controllers\Invoice->add()
#10 C:\xampp\htdocs\trusur_dashboards\vendor\codeigniter4\framework\system\CodeIgniter.php(400): CodeIgniter\CodeIgniter->runController(Object(App\Controllers\Invoice))
#11 C:\xampp\htdocs\trusur_dashboards\vendor\codeigniter4\framework\system\CodeIgniter.php(308): CodeIgniter\CodeIgniter->handleRequest(NULL, Object(Config\Cache), false)
#12 C:\xampp\htdocs\trusur_dashboards\public\index.php(45): CodeIgniter\CodeIgniter->run()
#13 C:\xampp\htdocs\trusur_dashboards\vendor\codeigniter4\framework\system\Commands\Server\rewrite.php(34): require_once('C:\\xampp\\htdocs...')
#14 {main}
CRITICAL - 2020-06-27 20:52:59 --> Object of class stdClass could not be converted to string
#0 [internal function]: CodeIgniter\Debug\Exceptions->errorHandler(4096, 'Object of class...', 'C:\\xampp\\htdocs...', 443, Array)
#1 C:\xampp\htdocs\trusur_dashboards\vendor\codeigniter4\framework\system\Database\Query.php(443): strtr('INSERT INTO `in...', Array)
#2 C:\xampp\htdocs\trusur_dashboards\vendor\codeigniter4\framework\system\Database\Query.php(404): CodeIgniter\Database\Query->matchNamedBinds('INSERT INTO `in...', Array)
#3 C:\xampp\htdocs\trusur_dashboards\vendor\codeigniter4\framework\system\Database\Query.php(197): CodeIgniter\Database\Query->compileBinds()
#4 C:\xampp\htdocs\trusur_dashboards\vendor\codeigniter4\framework\system\Database\BaseConnection.php(666): CodeIgniter\Database\Query->getQuery()
#5 C:\xampp\htdocs\trusur_dashboards\vendor\codeigniter4\framework\system\Database\BaseBuilder.php(2234): CodeIgniter\Database\BaseConnection->query('INSERT INTO `in...', Array, false)
#6 C:\xampp\htdocs\trusur_dashboards\vendor\codeigniter4\framework\system\Model.php(729): CodeIgniter\Database\BaseBuilder->insert()
#7 C:\xampp\htdocs\trusur_dashboards\vendor\codeigniter4\framework\system\Model.php(557): CodeIgniter\Model->insert(Array, false)
#8 C:\xampp\htdocs\trusur_dashboards\app\Controllers\Invoice.php(120): CodeIgniter\Model->save(Array)
#9 C:\xampp\htdocs\trusur_dashboards\vendor\codeigniter4\framework\system\CodeIgniter.php(914): App\Controllers\Invoice->add()
#10 C:\xampp\htdocs\trusur_dashboards\vendor\codeigniter4\framework\system\CodeIgniter.php(400): CodeIgniter\CodeIgniter->runController(Object(App\Controllers\Invoice))
#11 C:\xampp\htdocs\trusur_dashboards\vendor\codeigniter4\framework\system\CodeIgniter.php(308): CodeIgniter\CodeIgniter->handleRequest(NULL, Object(Config\Cache), false)
#12 C:\xampp\htdocs\trusur_dashboards\public\index.php(45): CodeIgniter\CodeIgniter->run()
#13 C:\xampp\htdocs\trusur_dashboards\vendor\codeigniter4\framework\system\Commands\Server\rewrite.php(34): require_once('C:\\xampp\\htdocs...')
#14 {main}
CRITICAL - 2020-06-27 20:54:01 --> Object of class stdClass could not be converted to string
#0 C:\xampp\htdocs\trusur_dashboards\app\Controllers\Invoice.php(98): CodeIgniter\Debug\Exceptions->errorHandler(4096, 'Object of class...', 'C:\\xampp\\htdocs...', 98, Array)
#1 C:\xampp\htdocs\trusur_dashboards\vendor\codeigniter4\framework\system\CodeIgniter.php(914): App\Controllers\Invoice->add()
#2 C:\xampp\htdocs\trusur_dashboards\vendor\codeigniter4\framework\system\CodeIgniter.php(400): CodeIgniter\CodeIgniter->runController(Object(App\Controllers\Invoice))
#3 C:\xampp\htdocs\trusur_dashboards\vendor\codeigniter4\framework\system\CodeIgniter.php(308): CodeIgniter\CodeIgniter->handleRequest(NULL, Object(Config\Cache), false)
#4 C:\xampp\htdocs\trusur_dashboards\public\index.php(45): CodeIgniter\CodeIgniter->run()
#5 C:\xampp\htdocs\trusur_dashboards\vendor\codeigniter4\framework\system\Commands\Server\rewrite.php(34): require_once('C:\\xampp\\htdocs...')
#6 {main}
CRITICAL - 2020-06-27 20:54:14 --> Object of class stdClass could not be converted to string
#0 [internal function]: CodeIgniter\Debug\Exceptions->errorHandler(4096, 'Object of class...', 'C:\\xampp\\htdocs...', 443, Array)
#1 C:\xampp\htdocs\trusur_dashboards\vendor\codeigniter4\framework\system\Database\Query.php(443): strtr('INSERT INTO `in...', Array)
#2 C:\xampp\htdocs\trusur_dashboards\vendor\codeigniter4\framework\system\Database\Query.php(404): CodeIgniter\Database\Query->matchNamedBinds('INSERT INTO `in...', Array)
#3 C:\xampp\htdocs\trusur_dashboards\vendor\codeigniter4\framework\system\Database\Query.php(197): CodeIgniter\Database\Query->compileBinds()
#4 C:\xampp\htdocs\trusur_dashboards\vendor\codeigniter4\framework\system\Database\BaseConnection.php(666): CodeIgniter\Database\Query->getQuery()
#5 C:\xampp\htdocs\trusur_dashboards\vendor\codeigniter4\framework\system\Database\BaseBuilder.php(2234): CodeIgniter\Database\BaseConnection->query('INSERT INTO `in...', Array, false)
#6 C:\xampp\htdocs\trusur_dashboards\vendor\codeigniter4\framework\system\Model.php(729): CodeIgniter\Database\BaseBuilder->insert()
#7 C:\xampp\htdocs\trusur_dashboards\vendor\codeigniter4\framework\system\Model.php(557): CodeIgniter\Model->insert(Array, false)
#8 C:\xampp\htdocs\trusur_dashboards\app\Controllers\Invoice.php(118): CodeIgniter\Model->save(Array)
#9 C:\xampp\htdocs\trusur_dashboards\vendor\codeigniter4\framework\system\CodeIgniter.php(914): App\Controllers\Invoice->add()
#10 C:\xampp\htdocs\trusur_dashboards\vendor\codeigniter4\framework\system\CodeIgniter.php(400): CodeIgniter\CodeIgniter->runController(Object(App\Controllers\Invoice))
#11 C:\xampp\htdocs\trusur_dashboards\vendor\codeigniter4\framework\system\CodeIgniter.php(308): CodeIgniter\CodeIgniter->handleRequest(NULL, Object(Config\Cache), false)
#12 C:\xampp\htdocs\trusur_dashboards\public\index.php(45): CodeIgniter\CodeIgniter->run()
#13 C:\xampp\htdocs\trusur_dashboards\vendor\codeigniter4\framework\system\Commands\Server\rewrite.php(34): require_once('C:\\xampp\\htdocs...')
#14 {main}
CRITICAL - 2020-06-27 20:54:44 --> Object of class stdClass could not be converted to string
#0 [internal function]: CodeIgniter\Debug\Exceptions->errorHandler(4096, 'Object of class...', 'C:\\xampp\\htdocs...', 443, Array)
#1 C:\xampp\htdocs\trusur_dashboards\vendor\codeigniter4\framework\system\Database\Query.php(443): strtr('INSERT INTO `in...', Array)
#2 C:\xampp\htdocs\trusur_dashboards\vendor\codeigniter4\framework\system\Database\Query.php(404): CodeIgniter\Database\Query->matchNamedBinds('INSERT INTO `in...', Array)
#3 C:\xampp\htdocs\trusur_dashboards\vendor\codeigniter4\framework\system\Database\Query.php(197): CodeIgniter\Database\Query->compileBinds()
#4 C:\xampp\htdocs\trusur_dashboards\vendor\codeigniter4\framework\system\Database\BaseConnection.php(666): CodeIgniter\Database\Query->getQuery()
#5 C:\xampp\htdocs\trusur_dashboards\vendor\codeigniter4\framework\system\Database\BaseBuilder.php(2234): CodeIgniter\Database\BaseConnection->query('INSERT INTO `in...', Array, false)
#6 C:\xampp\htdocs\trusur_dashboards\vendor\codeigniter4\framework\system\Model.php(729): CodeIgniter\Database\BaseBuilder->insert()
#7 C:\xampp\htdocs\trusur_dashboards\vendor\codeigniter4\framework\system\Model.php(557): CodeIgniter\Model->insert(Array, false)
#8 C:\xampp\htdocs\trusur_dashboards\app\Controllers\Invoice.php(118): CodeIgniter\Model->save(Array)
#9 C:\xampp\htdocs\trusur_dashboards\vendor\codeigniter4\framework\system\CodeIgniter.php(914): App\Controllers\Invoice->add()
#10 C:\xampp\htdocs\trusur_dashboards\vendor\codeigniter4\framework\system\CodeIgniter.php(400): CodeIgniter\CodeIgniter->runController(Object(App\Controllers\Invoice))
#11 C:\xampp\htdocs\trusur_dashboards\vendor\codeigniter4\framework\system\CodeIgniter.php(308): CodeIgniter\CodeIgniter->handleRequest(NULL, Object(Config\Cache), false)
#12 C:\xampp\htdocs\trusur_dashboards\public\index.php(45): CodeIgniter\CodeIgniter->run()
#13 C:\xampp\htdocs\trusur_dashboards\vendor\codeigniter4\framework\system\Commands\Server\rewrite.php(34): require_once('C:\\xampp\\htdocs...')
#14 {main}
CRITICAL - 2020-06-27 20:55:06 --> Object of class stdClass could not be converted to string
#0 [internal function]: CodeIgniter\Debug\Exceptions->errorHandler(4096, 'Object of class...', 'C:\\xampp\\htdocs...', 443, Array)
#1 C:\xampp\htdocs\trusur_dashboards\vendor\codeigniter4\framework\system\Database\Query.php(443): strtr('INSERT INTO `in...', Array)
#2 C:\xampp\htdocs\trusur_dashboards\vendor\codeigniter4\framework\system\Database\Query.php(404): CodeIgniter\Database\Query->matchNamedBinds('INSERT INTO `in...', Array)
#3 C:\xampp\htdocs\trusur_dashboards\vendor\codeigniter4\framework\system\Database\Query.php(197): CodeIgniter\Database\Query->compileBinds()
#4 C:\xampp\htdocs\trusur_dashboards\vendor\codeigniter4\framework\system\Database\BaseConnection.php(666): CodeIgniter\Database\Query->getQuery()
#5 C:\xampp\htdocs\trusur_dashboards\vendor\codeigniter4\framework\system\Database\BaseBuilder.php(2234): CodeIgniter\Database\BaseConnection->query('INSERT INTO `in...', Array, false)
#6 C:\xampp\htdocs\trusur_dashboards\vendor\codeigniter4\framework\system\Model.php(729): CodeIgniter\Database\BaseBuilder->insert()
#7 C:\xampp\htdocs\trusur_dashboards\vendor\codeigniter4\framework\system\Model.php(557): CodeIgniter\Model->insert(Array, false)
#8 C:\xampp\htdocs\trusur_dashboards\app\Controllers\Invoice.php(118): CodeIgniter\Model->save(Array)
#9 C:\xampp\htdocs\trusur_dashboards\vendor\codeigniter4\framework\system\CodeIgniter.php(914): App\Controllers\Invoice->add()
#10 C:\xampp\htdocs\trusur_dashboards\vendor\codeigniter4\framework\system\CodeIgniter.php(400): CodeIgniter\CodeIgniter->runController(Object(App\Controllers\Invoice))
#11 C:\xampp\htdocs\trusur_dashboards\vendor\codeigniter4\framework\system\CodeIgniter.php(308): CodeIgniter\CodeIgniter->handleRequest(NULL, Object(Config\Cache), false)
#12 C:\xampp\htdocs\trusur_dashboards\public\index.php(45): CodeIgniter\CodeIgniter->run()
#13 C:\xampp\htdocs\trusur_dashboards\vendor\codeigniter4\framework\system\Commands\Server\rewrite.php(34): require_once('C:\\xampp\\htdocs...')
#14 {main}
CRITICAL - 2020-06-27 20:55:56 --> Undefined variable: generate_invoice_no
#0 C:\xampp\htdocs\trusur_dashboards\app\Views\invoices\v_edit.php(13): CodeIgniter\Debug\Exceptions->errorHandler(8, 'Undefined varia...', 'C:\\xampp\\htdocs...', 13, Array)
#1 C:\xampp\htdocs\trusur_dashboards\vendor\codeigniter4\framework\system\View\View.php(246): include('C:\\xampp\\htdocs...')
#2 C:\xampp\htdocs\trusur_dashboards\vendor\codeigniter4\framework\system\Common.php(1087): CodeIgniter\View\View->render('invoices/v_edit', Array, true)
#3 C:\xampp\htdocs\trusur_dashboards\app\Controllers\Invoice.php(204): view('invoices/v_edit')
#4 C:\xampp\htdocs\trusur_dashboards\vendor\codeigniter4\framework\system\CodeIgniter.php(914): App\Controllers\Invoice->edit('1')
#5 C:\xampp\htdocs\trusur_dashboards\vendor\codeigniter4\framework\system\CodeIgniter.php(400): CodeIgniter\CodeIgniter->runController(Object(App\Controllers\Invoice))
#6 C:\xampp\htdocs\trusur_dashboards\vendor\codeigniter4\framework\system\CodeIgniter.php(308): CodeIgniter\CodeIgniter->handleRequest(NULL, Object(Config\Cache), false)
#7 C:\xampp\htdocs\trusur_dashboards\public\index.php(45): CodeIgniter\CodeIgniter->run()
#8 C:\xampp\htdocs\trusur_dashboards\vendor\codeigniter4\framework\system\Commands\Server\rewrite.php(34): require_once('C:\\xampp\\htdocs...')
#9 {main}
CRITICAL - 2020-06-27 20:57:06 --> Cannot use object of type stdClass as array
#0 C:\xampp\htdocs\trusur_dashboards\vendor\codeigniter4\framework\system\CodeIgniter.php(914): App\Controllers\Invoice->edit('1')
#1 C:\xampp\htdocs\trusur_dashboards\vendor\codeigniter4\framework\system\CodeIgniter.php(400): CodeIgniter\CodeIgniter->runController(Object(App\Controllers\Invoice))
#2 C:\xampp\htdocs\trusur_dashboards\vendor\codeigniter4\framework\system\CodeIgniter.php(308): CodeIgniter\CodeIgniter->handleRequest(NULL, Object(Config\Cache), false)
#3 C:\xampp\htdocs\trusur_dashboards\public\index.php(45): CodeIgniter\CodeIgniter->run()
#4 C:\xampp\htdocs\trusur_dashboards\vendor\codeigniter4\framework\system\Commands\Server\rewrite.php(34): require_once('C:\\xampp\\htdocs...')
#5 {main}
CRITICAL - 2020-06-27 20:57:33 --> syntax error, unexpected ']'
#0 C:\xampp\htdocs\trusur_dashboards\vendor\codeigniter4\framework\system\Autoloader\Autoloader.php(296): CodeIgniter\Autoloader\Autoloader->requireFile('C:\\xampp\\htdocs...')
#1 C:\xampp\htdocs\trusur_dashboards\vendor\codeigniter4\framework\system\Autoloader\Autoloader.php(258): CodeIgniter\Autoloader\Autoloader->loadInNamespace('App\\Controllers...')
#2 [internal function]: CodeIgniter\Autoloader\Autoloader->loadClass('App\\Controllers...')
#3 [internal function]: spl_autoload_call('App\\Controllers...')
#4 C:\xampp\htdocs\trusur_dashboards\vendor\codeigniter4\framework\system\CodeIgniter.php(865): class_exists('\\App\\Controller...', true)
#5 C:\xampp\htdocs\trusur_dashboards\vendor\codeigniter4\framework\system\CodeIgniter.php(390): CodeIgniter\CodeIgniter->startController()
#6 C:\xampp\htdocs\trusur_dashboards\vendor\codeigniter4\framework\system\CodeIgniter.php(308): CodeIgniter\CodeIgniter->handleRequest(NULL, Object(Config\Cache), false)
#7 C:\xampp\htdocs\trusur_dashboards\public\index.php(45): CodeIgniter\CodeIgniter->run()
#8 C:\xampp\htdocs\trusur_dashboards\vendor\codeigniter4\framework\system\Commands\Server\rewrite.php(34): require_once('C:\\xampp\\htdocs...')
#9 {main}
CRITICAL - 2020-06-27 23:22:31 --> Undefined offset: 0
#0 C:\xampp\htdocs\trusur_dashboards\app\Controllers\Invoice.php(84): CodeIgniter\Debug\Exceptions->errorHandler(8, 'Undefined offse...', 'C:\\xampp\\htdocs...', 84, Array)
#1 C:\xampp\htdocs\trusur_dashboards\vendor\codeigniter4\framework\system\CodeIgniter.php(914): App\Controllers\Invoice->index()
#2 C:\xampp\htdocs\trusur_dashboards\vendor\codeigniter4\framework\system\CodeIgniter.php(400): CodeIgniter\CodeIgniter->runController(Object(App\Controllers\Invoice))
#3 C:\xampp\htdocs\trusur_dashboards\vendor\codeigniter4\framework\system\CodeIgniter.php(308): CodeIgniter\CodeIgniter->handleRequest(NULL, Object(Config\Cache), false)
#4 C:\xampp\htdocs\trusur_dashboards\public\index.php(45): CodeIgniter\CodeIgniter->run()
#5 C:\xampp\htdocs\trusur_dashboards\vendor\codeigniter4\framework\system\Commands\Server\rewrite.php(34): require_once('C:\\xampp\\htdocs...')
#6 {main}
CRITICAL - 2020-06-27 23:24:15 --> Undefined index: status
#0 C:\xampp\htdocs\trusur_dashboards\app\Views\invoices\v_list.php(166): CodeIgniter\Debug\Exceptions->errorHandler(8, 'Undefined index...', 'C:\\xampp\\htdocs...', 166, Array)
#1 C:\xampp\htdocs\trusur_dashboards\vendor\codeigniter4\framework\system\View\View.php(246): include('C:\\xampp\\htdocs...')
#2 C:\xampp\htdocs\trusur_dashboards\vendor\codeigniter4\framework\system\Common.php(1087): CodeIgniter\View\View->render('invoices/v_list', Array, true)
#3 C:\xampp\htdocs\trusur_dashboards\app\Controllers\Invoice.php(98): view('invoices/v_list')
#4 C:\xampp\htdocs\trusur_dashboards\vendor\codeigniter4\framework\system\CodeIgniter.php(914): App\Controllers\Invoice->index()
#5 C:\xampp\htdocs\trusur_dashboards\vendor\codeigniter4\framework\system\CodeIgniter.php(400): CodeIgniter\CodeIgniter->runController(Object(App\Controllers\Invoice))
#6 C:\xampp\htdocs\trusur_dashboards\vendor\codeigniter4\framework\system\CodeIgniter.php(308): CodeIgniter\CodeIgniter->handleRequest(NULL, Object(Config\Cache), false)
#7 C:\xampp\htdocs\trusur_dashboards\public\index.php(45): CodeIgniter\CodeIgniter->run()
#8 C:\xampp\htdocs\trusur_dashboards\vendor\codeigniter4\framework\system\Commands\Server\rewrite.php(34): require_once('C:\\xampp\\htdocs...')
#9 {main}
