CRITICAL - 2020-10-14 08:38:43 --> Invalid file: instrument_releases/v_list.php
#0 /home/ispumaps/public_html/trusur_dashboards/vendor/codeigniter4/framework/system/View/View.php(228): CodeIgniter\Exceptions\FrameworkException::forInvalidFile('instrument_rele...')
#1 /home/ispumaps/public_html/trusur_dashboards/vendor/codeigniter4/framework/system/Common.php(1087): CodeIgniter\View\View->render('instrument_rele...', Array, true)
#2 /home/ispumaps/public_html/trusur_dashboards/app/Controllers/Instrument_release.php(117): view('instrument_rele...')
#3 /home/ispumaps/public_html/trusur_dashboards/vendor/codeigniter4/framework/system/CodeIgniter.php(914): App\Controllers\Instrument_release->index()
#4 /home/ispumaps/public_html/trusur_dashboards/vendor/codeigniter4/framework/system/CodeIgniter.php(400): CodeIgniter\CodeIgniter->runController(Object(App\Controllers\Instrument_release))
#5 /home/ispumaps/public_html/trusur_dashboards/vendor/codeigniter4/framework/system/CodeIgniter.php(308): CodeIgniter\CodeIgniter->handleRequest(NULL, Object(Config\Cache), false)
#6 /home/ispumaps/public_html/trusur_dashboards/index.php(45): CodeIgniter\CodeIgniter->run()
#7 {main}
CRITICAL - 2020-10-14 08:38:48 --> Invalid file: instrument_releases/v_list.php
#0 /home/ispumaps/public_html/trusur_dashboards/vendor/codeigniter4/framework/system/View/View.php(228): CodeIgniter\Exceptions\FrameworkException::forInvalidFile('instrument_rele...')
#1 /home/ispumaps/public_html/trusur_dashboards/vendor/codeigniter4/framework/system/Common.php(1087): CodeIgniter\View\View->render('instrument_rele...', Array, true)
#2 /home/ispumaps/public_html/trusur_dashboards/app/Controllers/Instrument_release.php(117): view('instrument_rele...')
#3 /home/ispumaps/public_html/trusur_dashboards/vendor/codeigniter4/framework/system/CodeIgniter.php(914): App\Controllers\Instrument_release->index()
#4 /home/ispumaps/public_html/trusur_dashboards/vendor/codeigniter4/framework/system/CodeIgniter.php(400): CodeIgniter\CodeIgniter->runController(Object(App\Controllers\Instrument_release))
#5 /home/ispumaps/public_html/trusur_dashboards/vendor/codeigniter4/framework/system/CodeIgniter.php(308): CodeIgniter\CodeIgniter->handleRequest(NULL, Object(Config\Cache), false)
#6 /home/ispumaps/public_html/trusur_dashboards/index.php(45): CodeIgniter\CodeIgniter->run()
#7 {main}
CRITICAL - 2020-10-14 08:38:49 --> Invalid file: instrument_releases/v_list.php
#0 /home/ispumaps/public_html/trusur_dashboards/vendor/codeigniter4/framework/system/View/View.php(228): CodeIgniter\Exceptions\FrameworkException::forInvalidFile('instrument_rele...')
#1 /home/ispumaps/public_html/trusur_dashboards/vendor/codeigniter4/framework/system/Common.php(1087): CodeIgniter\View\View->render('instrument_rele...', Array, true)
#2 /home/ispumaps/public_html/trusur_dashboards/app/Controllers/Instrument_release.php(117): view('instrument_rele...')
#3 /home/ispumaps/public_html/trusur_dashboards/vendor/codeigniter4/framework/system/CodeIgniter.php(914): App\Controllers\Instrument_release->index()
#4 /home/ispumaps/public_html/trusur_dashboards/vendor/codeigniter4/framework/system/CodeIgniter.php(400): CodeIgniter\CodeIgniter->runController(Object(App\Controllers\Instrument_release))
#5 /home/ispumaps/public_html/trusur_dashboards/vendor/codeigniter4/framework/system/CodeIgniter.php(308): CodeIgniter\CodeIgniter->handleRequest(NULL, Object(Config\Cache), false)
#6 /home/ispumaps/public_html/trusur_dashboards/index.php(45): CodeIgniter\CodeIgniter->run()
#7 {main}
CRITICAL - 2020-10-14 08:38:50 --> Invalid file: instrument_releases/v_list.php
#0 /home/ispumaps/public_html/trusur_dashboards/vendor/codeigniter4/framework/system/View/View.php(228): CodeIgniter\Exceptions\FrameworkException::forInvalidFile('instrument_rele...')
#1 /home/ispumaps/public_html/trusur_dashboards/vendor/codeigniter4/framework/system/Common.php(1087): CodeIgniter\View\View->render('instrument_rele...', Array, true)
#2 /home/ispumaps/public_html/trusur_dashboards/app/Controllers/Instrument_release.php(117): view('instrument_rele...')
#3 /home/ispumaps/public_html/trusur_dashboards/vendor/codeigniter4/framework/system/CodeIgniter.php(914): App\Controllers\Instrument_release->index()
#4 /home/ispumaps/public_html/trusur_dashboards/vendor/codeigniter4/framework/system/CodeIgniter.php(400): CodeIgniter\CodeIgniter->runController(Object(App\Controllers\Instrument_release))
#5 /home/ispumaps/public_html/trusur_dashboards/vendor/codeigniter4/framework/system/CodeIgniter.php(308): CodeIgniter\CodeIgniter->handleRequest(NULL, Object(Config\Cache), false)
#6 /home/ispumaps/public_html/trusur_dashboards/index.php(45): CodeIgniter\CodeIgniter->run()
#7 {main}
CRITICAL - 2020-10-14 08:38:51 --> Invalid file: instrument_releases/v_list.php
#0 /home/ispumaps/public_html/trusur_dashboards/vendor/codeigniter4/framework/system/View/View.php(228): CodeIgniter\Exceptions\FrameworkException::forInvalidFile('instrument_rele...')
#1 /home/ispumaps/public_html/trusur_dashboards/vendor/codeigniter4/framework/system/Common.php(1087): CodeIgniter\View\View->render('instrument_rele...', Array, true)
#2 /home/ispumaps/public_html/trusur_dashboards/app/Controllers/Instrument_release.php(117): view('instrument_rele...')
#3 /home/ispumaps/public_html/trusur_dashboards/vendor/codeigniter4/framework/system/CodeIgniter.php(914): App\Controllers\Instrument_release->index()
#4 /home/ispumaps/public_html/trusur_dashboards/vendor/codeigniter4/framework/system/CodeIgniter.php(400): CodeIgniter\CodeIgniter->runController(Object(App\Controllers\Instrument_release))
#5 /home/ispumaps/public_html/trusur_dashboards/vendor/codeigniter4/framework/system/CodeIgniter.php(308): CodeIgniter\CodeIgniter->handleRequest(NULL, Object(Config\Cache), false)
#6 /home/ispumaps/public_html/trusur_dashboards/index.php(45): CodeIgniter\CodeIgniter->run()
#7 {main}
CRITICAL - 2020-10-14 08:38:51 --> Invalid file: instrument_releases/v_list.php
#0 /home/ispumaps/public_html/trusur_dashboards/vendor/codeigniter4/framework/system/View/View.php(228): CodeIgniter\Exceptions\FrameworkException::forInvalidFile('instrument_rele...')
#1 /home/ispumaps/public_html/trusur_dashboards/vendor/codeigniter4/framework/system/Common.php(1087): CodeIgniter\View\View->render('instrument_rele...', Array, true)
#2 /home/ispumaps/public_html/trusur_dashboards/app/Controllers/Instrument_release.php(117): view('instrument_rele...')
#3 /home/ispumaps/public_html/trusur_dashboards/vendor/codeigniter4/framework/system/CodeIgniter.php(914): App\Controllers\Instrument_release->index()
#4 /home/ispumaps/public_html/trusur_dashboards/vendor/codeigniter4/framework/system/CodeIgniter.php(400): CodeIgniter\CodeIgniter->runController(Object(App\Controllers\Instrument_release))
#5 /home/ispumaps/public_html/trusur_dashboards/vendor/codeigniter4/framework/system/CodeIgniter.php(308): CodeIgniter\CodeIgniter->handleRequest(NULL, Object(Config\Cache), false)
#6 /home/ispumaps/public_html/trusur_dashboards/index.php(45): CodeIgniter\CodeIgniter->run()
#7 {main}
CRITICAL - 2020-10-14 08:38:51 --> Invalid file: instrument_releases/v_list.php
#0 /home/ispumaps/public_html/trusur_dashboards/vendor/codeigniter4/framework/system/View/View.php(228): CodeIgniter\Exceptions\FrameworkException::forInvalidFile('instrument_rele...')
#1 /home/ispumaps/public_html/trusur_dashboards/vendor/codeigniter4/framework/system/Common.php(1087): CodeIgniter\View\View->render('instrument_rele...', Array, true)
#2 /home/ispumaps/public_html/trusur_dashboards/app/Controllers/Instrument_release.php(117): view('instrument_rele...')
#3 /home/ispumaps/public_html/trusur_dashboards/vendor/codeigniter4/framework/system/CodeIgniter.php(914): App\Controllers\Instrument_release->index()
#4 /home/ispumaps/public_html/trusur_dashboards/vendor/codeigniter4/framework/system/CodeIgniter.php(400): CodeIgniter\CodeIgniter->runController(Object(App\Controllers\Instrument_release))
#5 /home/ispumaps/public_html/trusur_dashboards/vendor/codeigniter4/framework/system/CodeIgniter.php(308): CodeIgniter\CodeIgniter->handleRequest(NULL, Object(Config\Cache), false)
#6 /home/ispumaps/public_html/trusur_dashboards/index.php(45): CodeIgniter\CodeIgniter->run()
#7 {main}
CRITICAL - 2020-10-14 08:38:51 --> Invalid file: instrument_releases/v_list.php
#0 /home/ispumaps/public_html/trusur_dashboards/vendor/codeigniter4/framework/system/View/View.php(228): CodeIgniter\Exceptions\FrameworkException::forInvalidFile('instrument_rele...')
#1 /home/ispumaps/public_html/trusur_dashboards/vendor/codeigniter4/framework/system/Common.php(1087): CodeIgniter\View\View->render('instrument_rele...', Array, true)
#2 /home/ispumaps/public_html/trusur_dashboards/app/Controllers/Instrument_release.php(117): view('instrument_rele...')
#3 /home/ispumaps/public_html/trusur_dashboards/vendor/codeigniter4/framework/system/CodeIgniter.php(914): App\Controllers\Instrument_release->index()
#4 /home/ispumaps/public_html/trusur_dashboards/vendor/codeigniter4/framework/system/CodeIgniter.php(400): CodeIgniter\CodeIgniter->runController(Object(App\Controllers\Instrument_release))
#5 /home/ispumaps/public_html/trusur_dashboards/vendor/codeigniter4/framework/system/CodeIgniter.php(308): CodeIgniter\CodeIgniter->handleRequest(NULL, Object(Config\Cache), false)
#6 /home/ispumaps/public_html/trusur_dashboards/index.php(45): CodeIgniter\CodeIgniter->run()
#7 {main}
CRITICAL - 2020-10-14 08:38:51 --> Invalid file: instrument_releases/v_list.php
#0 /home/ispumaps/public_html/trusur_dashboards/vendor/codeigniter4/framework/system/View/View.php(228): CodeIgniter\Exceptions\FrameworkException::forInvalidFile('instrument_rele...')
#1 /home/ispumaps/public_html/trusur_dashboards/vendor/codeigniter4/framework/system/Common.php(1087): CodeIgniter\View\View->render('instrument_rele...', Array, true)
#2 /home/ispumaps/public_html/trusur_dashboards/app/Controllers/Instrument_release.php(117): view('instrument_rele...')
#3 /home/ispumaps/public_html/trusur_dashboards/vendor/codeigniter4/framework/system/CodeIgniter.php(914): App\Controllers\Instrument_release->index()
#4 /home/ispumaps/public_html/trusur_dashboards/vendor/codeigniter4/framework/system/CodeIgniter.php(400): CodeIgniter\CodeIgniter->runController(Object(App\Controllers\Instrument_release))
#5 /home/ispumaps/public_html/trusur_dashboards/vendor/codeigniter4/framework/system/CodeIgniter.php(308): CodeIgniter\CodeIgniter->handleRequest(NULL, Object(Config\Cache), false)
#6 /home/ispumaps/public_html/trusur_dashboards/index.php(45): CodeIgniter\CodeIgniter->run()
#7 {main}
CRITICAL - 2020-10-14 08:38:52 --> Invalid file: instrument_releases/v_list.php
#0 /home/ispumaps/public_html/trusur_dashboards/vendor/codeigniter4/framework/system/View/View.php(228): CodeIgniter\Exceptions\FrameworkException::forInvalidFile('instrument_rele...')
#1 /home/ispumaps/public_html/trusur_dashboards/vendor/codeigniter4/framework/system/Common.php(1087): CodeIgniter\View\View->render('instrument_rele...', Array, true)
#2 /home/ispumaps/public_html/trusur_dashboards/app/Controllers/Instrument_release.php(117): view('instrument_rele...')
#3 /home/ispumaps/public_html/trusur_dashboards/vendor/codeigniter4/framework/system/CodeIgniter.php(914): App\Controllers\Instrument_release->index()
#4 /home/ispumaps/public_html/trusur_dashboards/vendor/codeigniter4/framework/system/CodeIgniter.php(400): CodeIgniter\CodeIgniter->runController(Object(App\Controllers\Instrument_release))
#5 /home/ispumaps/public_html/trusur_dashboards/vendor/codeigniter4/framework/system/CodeIgniter.php(308): CodeIgniter\CodeIgniter->handleRequest(NULL, Object(Config\Cache), false)
#6 /home/ispumaps/public_html/trusur_dashboards/index.php(45): CodeIgniter\CodeIgniter->run()
#7 {main}
CRITICAL - 2020-10-14 08:55:07 --> Invalid file: calibration_forms/v_list.php
#0 /home/ispumaps/public_html/trusur_dashboards/vendor/codeigniter4/framework/system/View/View.php(228): CodeIgniter\Exceptions\FrameworkException::forInvalidFile('calibration_for...')
#1 /home/ispumaps/public_html/trusur_dashboards/vendor/codeigniter4/framework/system/Common.php(1087): CodeIgniter\View\View->render('calibration_for...', Array, true)
#2 /home/ispumaps/public_html/trusur_dashboards/app/Controllers/Calibration_form.php(129): view('calibration_for...')
#3 /home/ispumaps/public_html/trusur_dashboards/vendor/codeigniter4/framework/system/CodeIgniter.php(914): App\Controllers\Calibration_form->index()
#4 /home/ispumaps/public_html/trusur_dashboards/vendor/codeigniter4/framework/system/CodeIgniter.php(400): CodeIgniter\CodeIgniter->runController(Object(App\Controllers\Calibration_form))
#5 /home/ispumaps/public_html/trusur_dashboards/vendor/codeigniter4/framework/system/CodeIgniter.php(308): CodeIgniter\CodeIgniter->handleRequest(NULL, Object(Config\Cache), false)
#6 /home/ispumaps/public_html/trusur_dashboards/index.php(45): CodeIgniter\CodeIgniter->run()
#7 {main}
CRITICAL - 2020-10-14 08:56:17 --> Invalid file: calibration_forms/v_list.php
#0 /home/ispumaps/public_html/trusur_dashboards/vendor/codeigniter4/framework/system/View/View.php(228): CodeIgniter\Exceptions\FrameworkException::forInvalidFile('calibration_for...')
#1 /home/ispumaps/public_html/trusur_dashboards/vendor/codeigniter4/framework/system/Common.php(1087): CodeIgniter\View\View->render('calibration_for...', Array, true)
#2 /home/ispumaps/public_html/trusur_dashboards/app/Controllers/Calibration_form.php(129): view('calibration_for...')
#3 /home/ispumaps/public_html/trusur_dashboards/vendor/codeigniter4/framework/system/CodeIgniter.php(914): App\Controllers\Calibration_form->index()
#4 /home/ispumaps/public_html/trusur_dashboards/vendor/codeigniter4/framework/system/CodeIgniter.php(400): CodeIgniter\CodeIgniter->runController(Object(App\Controllers\Calibration_form))
#5 /home/ispumaps/public_html/trusur_dashboards/vendor/codeigniter4/framework/system/CodeIgniter.php(308): CodeIgniter\CodeIgniter->handleRequest(NULL, Object(Config\Cache), false)
#6 /home/ispumaps/public_html/trusur_dashboards/index.php(45): CodeIgniter\CodeIgniter->run()
#7 {main}
CRITICAL - 2020-10-14 09:48:18 --> Invalid file: instrument_processes/v_list.php
#0 /home/ispumaps/public_html/trusur_dashboards/vendor/codeigniter4/framework/system/View/View.php(228): CodeIgniter\Exceptions\FrameworkException::forInvalidFile('instrument_proc...')
#1 /home/ispumaps/public_html/trusur_dashboards/vendor/codeigniter4/framework/system/Common.php(1087): CodeIgniter\View\View->render('instrument_proc...', Array, true)
#2 /home/ispumaps/public_html/trusur_dashboards/app/Controllers/Instrument_process.php(139): view('instrument_proc...')
#3 /home/ispumaps/public_html/trusur_dashboards/vendor/codeigniter4/framework/system/CodeIgniter.php(914): App\Controllers\Instrument_process->index()
#4 /home/ispumaps/public_html/trusur_dashboards/vendor/codeigniter4/framework/system/CodeIgniter.php(400): CodeIgniter\CodeIgniter->runController(Object(App\Controllers\Instrument_process))
#5 /home/ispumaps/public_html/trusur_dashboards/vendor/codeigniter4/framework/system/CodeIgniter.php(308): CodeIgniter\CodeIgniter->handleRequest(NULL, Object(Config\Cache), false)
#6 /home/ispumaps/public_html/trusur_dashboards/index.php(45): CodeIgniter\CodeIgniter->run()
#7 {main}
CRITICAL - 2020-10-14 09:48:46 --> Invalid file: calibration_forms/v_list.php
#0 /home/ispumaps/public_html/trusur_dashboards/vendor/codeigniter4/framework/system/View/View.php(228): CodeIgniter\Exceptions\FrameworkException::forInvalidFile('calibration_for...')
#1 /home/ispumaps/public_html/trusur_dashboards/vendor/codeigniter4/framework/system/Common.php(1087): CodeIgniter\View\View->render('calibration_for...', Array, true)
#2 /home/ispumaps/public_html/trusur_dashboards/app/Controllers/Calibration_form.php(129): view('calibration_for...')
#3 /home/ispumaps/public_html/trusur_dashboards/vendor/codeigniter4/framework/system/CodeIgniter.php(914): App\Controllers\Calibration_form->index()
#4 /home/ispumaps/public_html/trusur_dashboards/vendor/codeigniter4/framework/system/CodeIgniter.php(400): CodeIgniter\CodeIgniter->runController(Object(App\Controllers\Calibration_form))
#5 /home/ispumaps/public_html/trusur_dashboards/vendor/codeigniter4/framework/system/CodeIgniter.php(308): CodeIgniter\CodeIgniter->handleRequest(NULL, Object(Config\Cache), false)
#6 /home/ispumaps/public_html/trusur_dashboards/index.php(45): CodeIgniter\CodeIgniter->run()
#7 {main}
CRITICAL - 2020-10-14 09:48:53 --> Invalid file: calibration_verifications/v_list.php
#0 /home/ispumaps/public_html/trusur_dashboards/vendor/codeigniter4/framework/system/View/View.php(228): CodeIgniter\Exceptions\FrameworkException::forInvalidFile('calibration_ver...')
#1 /home/ispumaps/public_html/trusur_dashboards/vendor/codeigniter4/framework/system/Common.php(1087): CodeIgniter\View\View->render('calibration_ver...', Array, true)
#2 /home/ispumaps/public_html/trusur_dashboards/app/Controllers/Calibration_verification.php(128): view('calibration_ver...')
#3 /home/ispumaps/public_html/trusur_dashboards/vendor/codeigniter4/framework/system/CodeIgniter.php(914): App\Controllers\Calibration_verification->index()
#4 /home/ispumaps/public_html/trusur_dashboards/vendor/codeigniter4/framework/system/CodeIgniter.php(400): CodeIgniter\CodeIgniter->runController(Object(App\Controllers\Calibration_verification))
#5 /home/ispumaps/public_html/trusur_dashboards/vendor/codeigniter4/framework/system/CodeIgniter.php(308): CodeIgniter\CodeIgniter->handleRequest(NULL, Object(Config\Cache), false)
#6 /home/ispumaps/public_html/trusur_dashboards/index.php(45): CodeIgniter\CodeIgniter->run()
#7 {main}
