CRITICAL - 2020-09-28 07:06:55 --> Invalid argument supplied for foreach()
#0 /home/ispumaps/public_html/trusur_dashboards/app/Views/item_scopes/v_list.php(44): CodeIgniter\Debug\Exceptions->errorHandler(2, 'Invalid argumen...', '/home/ispumaps/...', 44, Array)
#1 /home/ispumaps/public_html/trusur_dashboards/vendor/codeigniter4/framework/system/View/View.php(246): include('/home/ispumaps/...')
#2 /home/ispumaps/public_html/trusur_dashboards/vendor/codeigniter4/framework/system/Common.php(1087): CodeIgniter\View\View->render('item_scopes/v_l...', Array, true)
#3 /home/ispumaps/public_html/trusur_dashboards/app/Controllers/Item_scope.php(53): view('item_scopes/v_l...')
#4 /home/ispumaps/public_html/trusur_dashboards/vendor/codeigniter4/framework/system/CodeIgniter.php(914): App\Controllers\Item_scope->index()
#5 /home/ispumaps/public_html/trusur_dashboards/vendor/codeigniter4/framework/system/CodeIgniter.php(400): CodeIgniter\CodeIgniter->runController(Object(App\Controllers\Item_scope))
#6 /home/ispumaps/public_html/trusur_dashboards/vendor/codeigniter4/framework/system/CodeIgniter.php(308): CodeIgniter\CodeIgniter->handleRequest(NULL, Object(Config\Cache), false)
#7 /home/ispumaps/public_html/trusur_dashboards/index.php(45): CodeIgniter\CodeIgniter->run()
#8 {main}
CRITICAL - 2020-09-28 07:07:05 --> Invalid argument supplied for foreach()
#0 /home/ispumaps/public_html/trusur_dashboards/app/Views/item_scopes/v_list.php(44): CodeIgniter\Debug\Exceptions->errorHandler(2, 'Invalid argumen...', '/home/ispumaps/...', 44, Array)
#1 /home/ispumaps/public_html/trusur_dashboards/vendor/codeigniter4/framework/system/View/View.php(246): include('/home/ispumaps/...')
#2 /home/ispumaps/public_html/trusur_dashboards/vendor/codeigniter4/framework/system/Common.php(1087): CodeIgniter\View\View->render('item_scopes/v_l...', Array, true)
#3 /home/ispumaps/public_html/trusur_dashboards/app/Controllers/Item_scope.php(53): view('item_scopes/v_l...')
#4 /home/ispumaps/public_html/trusur_dashboards/vendor/codeigniter4/framework/system/CodeIgniter.php(914): App\Controllers\Item_scope->index()
#5 /home/ispumaps/public_html/trusur_dashboards/vendor/codeigniter4/framework/system/CodeIgniter.php(400): CodeIgniter\CodeIgniter->runController(Object(App\Controllers\Item_scope))
#6 /home/ispumaps/public_html/trusur_dashboards/vendor/codeigniter4/framework/system/CodeIgniter.php(308): CodeIgniter\CodeIgniter->handleRequest(NULL, Object(Config\Cache), false)
#7 /home/ispumaps/public_html/trusur_dashboards/index.php(45): CodeIgniter\CodeIgniter->run()
#8 {main}
