CRITICAL - 2020-06-25 01:49:12 --> Use of undefined constant base_url - assumed 'base_url' (this will throw an Error in a future version of PHP)
#0 C:\xampp\htdocs\trusur_dashboards\app\Views\v_header.php(11): CodeIgniter\Debug\Exceptions->errorHandler(2, 'Use of undefine...', 'C:\\xampp\\htdocs...', 11, Array)
#1 C:\xampp\htdocs\trusur_dashboards\vendor\codeigniter4\framework\system\View\View.php(246): include('C:\\xampp\\htdocs...')
#2 C:\xampp\htdocs\trusur_dashboards\vendor\codeigniter4\framework\system\Common.php(1087): CodeIgniter\View\View->render('v_header', Array, true)
#3 C:\xampp\htdocs\trusur_dashboards\app\Controllers\Home.php(11): view('v_header', Array)
#4 C:\xampp\htdocs\trusur_dashboards\vendor\codeigniter4\framework\system\CodeIgniter.php(914): App\Controllers\Home->index()
#5 C:\xampp\htdocs\trusur_dashboards\vendor\codeigniter4\framework\system\CodeIgniter.php(400): CodeIgniter\CodeIgniter->runController(Object(App\Controllers\Home))
#6 C:\xampp\htdocs\trusur_dashboards\vendor\codeigniter4\framework\system\CodeIgniter.php(308): CodeIgniter\CodeIgniter->handleRequest(NULL, Object(Config\Cache), false)
#7 C:\xampp\htdocs\trusur_dashboards\public\index.php(45): CodeIgniter\CodeIgniter->run()
#8 C:\xampp\htdocs\trusur_dashboards\vendor\codeigniter4\framework\system\Commands\Server\rewrite.php(34): require_once('C:\\xampp\\htdocs...')
#9 {main}
CRITICAL - 2020-06-25 01:56:36 --> Undefined variable: __modulename
#0 C:\xampp\htdocs\trusur_dashboards\app\Views\v_menu.php(188): CodeIgniter\Debug\Exceptions->errorHandler(8, 'Undefined varia...', 'C:\\xampp\\htdocs...', 188, Array)
#1 C:\xampp\htdocs\trusur_dashboards\vendor\codeigniter4\framework\system\View\View.php(246): include('C:\\xampp\\htdocs...')
#2 C:\xampp\htdocs\trusur_dashboards\vendor\codeigniter4\framework\system\Common.php(1087): CodeIgniter\View\View->render('v_menu', Array, true)
#3 C:\xampp\htdocs\trusur_dashboards\app\Controllers\Journal.php(68): view('v_menu')
#4 C:\xampp\htdocs\trusur_dashboards\vendor\codeigniter4\framework\system\CodeIgniter.php(914): App\Controllers\Journal->add()
#5 C:\xampp\htdocs\trusur_dashboards\vendor\codeigniter4\framework\system\CodeIgniter.php(400): CodeIgniter\CodeIgniter->runController(Object(App\Controllers\Journal))
#6 C:\xampp\htdocs\trusur_dashboards\vendor\codeigniter4\framework\system\CodeIgniter.php(308): CodeIgniter\CodeIgniter->handleRequest(NULL, Object(Config\Cache), false)
#7 C:\xampp\htdocs\trusur_dashboards\public\index.php(45): CodeIgniter\CodeIgniter->run()
#8 C:\xampp\htdocs\trusur_dashboards\vendor\codeigniter4\framework\system\Commands\Server\rewrite.php(34): require_once('C:\\xampp\\htdocs...')
#9 {main}
CRITICAL - 2020-06-25 01:57:03 --> Undefined variable: __modulename
#0 C:\xampp\htdocs\trusur_dashboards\app\Views\v_menu.php(188): CodeIgniter\Debug\Exceptions->errorHandler(8, 'Undefined varia...', 'C:\\xampp\\htdocs...', 188, Array)
#1 C:\xampp\htdocs\trusur_dashboards\vendor\codeigniter4\framework\system\View\View.php(246): include('C:\\xampp\\htdocs...')
#2 C:\xampp\htdocs\trusur_dashboards\vendor\codeigniter4\framework\system\Common.php(1087): CodeIgniter\View\View->render('v_menu', Array, true)
#3 C:\xampp\htdocs\trusur_dashboards\app\Controllers\Journal.php(68): view('v_menu')
#4 C:\xampp\htdocs\trusur_dashboards\vendor\codeigniter4\framework\system\CodeIgniter.php(914): App\Controllers\Journal->add()
#5 C:\xampp\htdocs\trusur_dashboards\vendor\codeigniter4\framework\system\CodeIgniter.php(400): CodeIgniter\CodeIgniter->runController(Object(App\Controllers\Journal))
#6 C:\xampp\htdocs\trusur_dashboards\vendor\codeigniter4\framework\system\CodeIgniter.php(308): CodeIgniter\CodeIgniter->handleRequest(NULL, Object(Config\Cache), false)
#7 C:\xampp\htdocs\trusur_dashboards\public\index.php(45): CodeIgniter\CodeIgniter->run()
#8 C:\xampp\htdocs\trusur_dashboards\vendor\codeigniter4\framework\system\Commands\Server\rewrite.php(34): require_once('C:\\xampp\\htdocs...')
#9 {main}
CRITICAL - 2020-06-25 02:17:50 --> Too few arguments to function App\Controllers\Journal::edit(), 0 passed in C:\xampp\htdocs\trusur_dashboards\vendor\codeigniter4\framework\system\CodeIgniter.php on line 914 and exactly 1 expected
#0 C:\xampp\htdocs\trusur_dashboards\vendor\codeigniter4\framework\system\CodeIgniter.php(914): App\Controllers\Journal->edit()
#1 C:\xampp\htdocs\trusur_dashboards\vendor\codeigniter4\framework\system\CodeIgniter.php(400): CodeIgniter\CodeIgniter->runController(Object(App\Controllers\Journal))
#2 C:\xampp\htdocs\trusur_dashboards\vendor\codeigniter4\framework\system\CodeIgniter.php(308): CodeIgniter\CodeIgniter->handleRequest(NULL, Object(Config\Cache), false)
#3 C:\xampp\htdocs\trusur_dashboards\public\index.php(45): CodeIgniter\CodeIgniter->run()
#4 C:\xampp\htdocs\trusur_dashboards\vendor\codeigniter4\framework\system\Commands\Server\rewrite.php(34): require_once('C:\\xampp\\htdocs...')
#5 {main}
CRITICAL - 2020-06-25 02:20:06 --> Undefined index: id
#0 C:\xampp\htdocs\trusur_dashboards\app\Controllers\Journal.php(75): CodeIgniter\Debug\Exceptions->errorHandler(8, 'Undefined index...', 'C:\\xampp\\htdocs...', 75, Array)
#1 C:\xampp\htdocs\trusur_dashboards\vendor\codeigniter4\framework\system\CodeIgniter.php(914): App\Controllers\Journal->edit('$id')
#2 C:\xampp\htdocs\trusur_dashboards\vendor\codeigniter4\framework\system\CodeIgniter.php(400): CodeIgniter\CodeIgniter->runController(Object(App\Controllers\Journal))
#3 C:\xampp\htdocs\trusur_dashboards\vendor\codeigniter4\framework\system\CodeIgniter.php(308): CodeIgniter\CodeIgniter->handleRequest(NULL, Object(Config\Cache), false)
#4 C:\xampp\htdocs\trusur_dashboards\public\index.php(45): CodeIgniter\CodeIgniter->run()
#5 C:\xampp\htdocs\trusur_dashboards\vendor\codeigniter4\framework\system\Commands\Server\rewrite.php(34): require_once('C:\\xampp\\htdocs...')
#6 {main}
CRITICAL - 2020-06-25 02:26:04 --> Undefined property: App\Controllers\Journal::$id
#0 C:\xampp\htdocs\trusur_dashboards\app\Controllers\Journal.php(75): CodeIgniter\Debug\Exceptions->errorHandler(8, 'Undefined prope...', 'C:\\xampp\\htdocs...', 75, Array)
#1 C:\xampp\htdocs\trusur_dashboards\vendor\codeigniter4\framework\system\CodeIgniter.php(914): App\Controllers\Journal->edit('$id')
#2 C:\xampp\htdocs\trusur_dashboards\vendor\codeigniter4\framework\system\CodeIgniter.php(400): CodeIgniter\CodeIgniter->runController(Object(App\Controllers\Journal))
#3 C:\xampp\htdocs\trusur_dashboards\vendor\codeigniter4\framework\system\CodeIgniter.php(308): CodeIgniter\CodeIgniter->handleRequest(NULL, Object(Config\Cache), false)
#4 C:\xampp\htdocs\trusur_dashboards\public\index.php(45): CodeIgniter\CodeIgniter->run()
#5 C:\xampp\htdocs\trusur_dashboards\vendor\codeigniter4\framework\system\Commands\Server\rewrite.php(34): require_once('C:\\xampp\\htdocs...')
#6 {main}
CRITICAL - 2020-06-25 02:32:13 --> Too few arguments to function App\Controllers\Journal::edit(), 0 passed in C:\xampp\htdocs\trusur_dashboards\vendor\codeigniter4\framework\system\CodeIgniter.php on line 914 and exactly 1 expected
#0 C:\xampp\htdocs\trusur_dashboards\vendor\codeigniter4\framework\system\CodeIgniter.php(914): App\Controllers\Journal->edit()
#1 C:\xampp\htdocs\trusur_dashboards\vendor\codeigniter4\framework\system\CodeIgniter.php(400): CodeIgniter\CodeIgniter->runController(Object(App\Controllers\Journal))
#2 C:\xampp\htdocs\trusur_dashboards\vendor\codeigniter4\framework\system\CodeIgniter.php(308): CodeIgniter\CodeIgniter->handleRequest(NULL, Object(Config\Cache), false)
#3 C:\xampp\htdocs\trusur_dashboards\public\index.php(45): CodeIgniter\CodeIgniter->run()
#4 C:\xampp\htdocs\trusur_dashboards\vendor\codeigniter4\framework\system\Commands\Server\rewrite.php(34): require_once('C:\\xampp\\htdocs...')
#5 {main}
CRITICAL - 2020-06-25 02:37:31 --> Too few arguments to function App\Controllers\Journal::edit(), 0 passed in C:\xampp\htdocs\trusur_dashboards\vendor\codeigniter4\framework\system\CodeIgniter.php on line 914 and exactly 1 expected
#0 C:\xampp\htdocs\trusur_dashboards\vendor\codeigniter4\framework\system\CodeIgniter.php(914): App\Controllers\Journal->edit()
#1 C:\xampp\htdocs\trusur_dashboards\vendor\codeigniter4\framework\system\CodeIgniter.php(400): CodeIgniter\CodeIgniter->runController(Object(App\Controllers\Journal))
#2 C:\xampp\htdocs\trusur_dashboards\vendor\codeigniter4\framework\system\CodeIgniter.php(308): CodeIgniter\CodeIgniter->handleRequest(NULL, Object(Config\Cache), false)
#3 C:\xampp\htdocs\trusur_dashboards\public\index.php(45): CodeIgniter\CodeIgniter->run()
#4 C:\xampp\htdocs\trusur_dashboards\vendor\codeigniter4\framework\system\Commands\Server\rewrite.php(34): require_once('C:\\xampp\\htdocs...')
#5 {main}
CRITICAL - 2020-06-25 04:45:44 --> Undefined property: stdClass::$notes
#0 C:\xampp\htdocs\trusur_dashboards\app\Views\journals\v_journal_js.php(24): CodeIgniter\Debug\Exceptions->errorHandler(8, 'Undefined prope...', 'C:\\xampp\\htdocs...', 24, Array)
#1 C:\xampp\htdocs\trusur_dashboards\vendor\codeigniter4\framework\system\View\View.php(246): include('C:\\xampp\\htdocs...')
#2 C:\xampp\htdocs\trusur_dashboards\vendor\codeigniter4\framework\system\Common.php(1087): CodeIgniter\View\View->render('journals/v_jour...', Array, true)
#3 C:\xampp\htdocs\trusur_dashboards\app\Controllers\Journal.php(100): view('journals/v_jour...')
#4 C:\xampp\htdocs\trusur_dashboards\vendor\codeigniter4\framework\system\CodeIgniter.php(914): App\Controllers\Journal->edit('2')
#5 C:\xampp\htdocs\trusur_dashboards\vendor\codeigniter4\framework\system\CodeIgniter.php(400): CodeIgniter\CodeIgniter->runController(Object(App\Controllers\Journal))
#6 C:\xampp\htdocs\trusur_dashboards\vendor\codeigniter4\framework\system\CodeIgniter.php(308): CodeIgniter\CodeIgniter->handleRequest(NULL, Object(Config\Cache), false)
#7 C:\xampp\htdocs\trusur_dashboards\public\index.php(45): CodeIgniter\CodeIgniter->run()
#8 C:\xampp\htdocs\trusur_dashboards\vendor\codeigniter4\framework\system\Commands\Server\rewrite.php(34): require_once('C:\\xampp\\htdocs...')
#9 {main}
CRITICAL - 2020-06-25 04:45:47 --> Undefined property: stdClass::$notes
#0 C:\xampp\htdocs\trusur_dashboards\app\Views\journals\v_journal_js.php(24): CodeIgniter\Debug\Exceptions->errorHandler(8, 'Undefined prope...', 'C:\\xampp\\htdocs...', 24, Array)
#1 C:\xampp\htdocs\trusur_dashboards\vendor\codeigniter4\framework\system\View\View.php(246): include('C:\\xampp\\htdocs...')
#2 C:\xampp\htdocs\trusur_dashboards\vendor\codeigniter4\framework\system\Common.php(1087): CodeIgniter\View\View->render('journals/v_jour...', Array, true)
#3 C:\xampp\htdocs\trusur_dashboards\app\Controllers\Journal.php(100): view('journals/v_jour...')
#4 C:\xampp\htdocs\trusur_dashboards\vendor\codeigniter4\framework\system\CodeIgniter.php(914): App\Controllers\Journal->edit('2')
#5 C:\xampp\htdocs\trusur_dashboards\vendor\codeigniter4\framework\system\CodeIgniter.php(400): CodeIgniter\CodeIgniter->runController(Object(App\Controllers\Journal))
#6 C:\xampp\htdocs\trusur_dashboards\vendor\codeigniter4\framework\system\CodeIgniter.php(308): CodeIgniter\CodeIgniter->handleRequest(NULL, Object(Config\Cache), false)
#7 C:\xampp\htdocs\trusur_dashboards\public\index.php(45): CodeIgniter\CodeIgniter->run()
#8 C:\xampp\htdocs\trusur_dashboards\vendor\codeigniter4\framework\system\Commands\Server\rewrite.php(34): require_once('C:\\xampp\\htdocs...')
#9 {main}
CRITICAL - 2020-06-25 05:04:04 --> Undefined index: bank_id
#0 C:\xampp\htdocs\trusur_dashboards\app\Controllers\Journal.php(91): CodeIgniter\Debug\Exceptions->errorHandler(8, 'Undefined index...', 'C:\\xampp\\htdocs...', 91, Array)
#1 C:\xampp\htdocs\trusur_dashboards\vendor\codeigniter4\framework\system\CodeIgniter.php(914): App\Controllers\Journal->edit('4')
#2 C:\xampp\htdocs\trusur_dashboards\vendor\codeigniter4\framework\system\CodeIgniter.php(400): CodeIgniter\CodeIgniter->runController(Object(App\Controllers\Journal))
#3 C:\xampp\htdocs\trusur_dashboards\vendor\codeigniter4\framework\system\CodeIgniter.php(308): CodeIgniter\CodeIgniter->handleRequest(NULL, Object(Config\Cache), false)
#4 C:\xampp\htdocs\trusur_dashboards\public\index.php(45): CodeIgniter\CodeIgniter->run()
#5 C:\xampp\htdocs\trusur_dashboards\vendor\codeigniter4\framework\system\Commands\Server\rewrite.php(34): require_once('C:\\xampp\\htdocs...')
#6 {main}
CRITICAL - 2020-06-25 05:11:44 --> Allowed fields must be specified for model: App\Models\m_journal
#0 C:\xampp\htdocs\trusur_dashboards\vendor\codeigniter4\framework\system\Model.php(1234): CodeIgniter\Database\Exceptions\DataException::forInvalidAllowedFields('App\\Models\\m_jo...')
#1 C:\xampp\htdocs\trusur_dashboards\vendor\codeigniter4\framework\system\Model.php(845): CodeIgniter\Model->doProtectFields(Array)
#2 C:\xampp\htdocs\trusur_dashboards\app\Controllers\Journal.php(94): CodeIgniter\Model->update(Array, Array)
#3 C:\xampp\htdocs\trusur_dashboards\vendor\codeigniter4\framework\system\CodeIgniter.php(914): App\Controllers\Journal->edit('4')
#4 C:\xampp\htdocs\trusur_dashboards\vendor\codeigniter4\framework\system\CodeIgniter.php(400): CodeIgniter\CodeIgniter->runController(Object(App\Controllers\Journal))
#5 C:\xampp\htdocs\trusur_dashboards\vendor\codeigniter4\framework\system\CodeIgniter.php(308): CodeIgniter\CodeIgniter->handleRequest(NULL, Object(Config\Cache), false)
#6 C:\xampp\htdocs\trusur_dashboards\public\index.php(45): CodeIgniter\CodeIgniter->run()
#7 C:\xampp\htdocs\trusur_dashboards\vendor\codeigniter4\framework\system\Commands\Server\rewrite.php(34): require_once('C:\\xampp\\htdocs...')
#8 {main}
CRITICAL - 2020-06-25 05:12:39 --> Allowed fields must be specified for model: App\Models\m_journal
#0 C:\xampp\htdocs\trusur_dashboards\vendor\codeigniter4\framework\system\Model.php(1234): CodeIgniter\Database\Exceptions\DataException::forInvalidAllowedFields('App\\Models\\m_jo...')
#1 C:\xampp\htdocs\trusur_dashboards\vendor\codeigniter4\framework\system\Model.php(845): CodeIgniter\Model->doProtectFields(Array)
#2 C:\xampp\htdocs\trusur_dashboards\app\Controllers\Journal.php(94): CodeIgniter\Model->update(Array, Array)
#3 C:\xampp\htdocs\trusur_dashboards\vendor\codeigniter4\framework\system\CodeIgniter.php(914): App\Controllers\Journal->edit('4')
#4 C:\xampp\htdocs\trusur_dashboards\vendor\codeigniter4\framework\system\CodeIgniter.php(400): CodeIgniter\CodeIgniter->runController(Object(App\Controllers\Journal))
#5 C:\xampp\htdocs\trusur_dashboards\vendor\codeigniter4\framework\system\CodeIgniter.php(308): CodeIgniter\CodeIgniter->handleRequest(NULL, Object(Config\Cache), false)
#6 C:\xampp\htdocs\trusur_dashboards\public\index.php(45): CodeIgniter\CodeIgniter->run()
#7 C:\xampp\htdocs\trusur_dashboards\vendor\codeigniter4\framework\system\Commands\Server\rewrite.php(34): require_once('C:\\xampp\\htdocs...')
#8 {main}
CRITICAL - 2020-06-25 05:35:32 --> Undefined variable: currencies
#0 C:\xampp\htdocs\trusur_dashboards\app\Views\journals\v_journal_edit.php(26): CodeIgniter\Debug\Exceptions->errorHandler(8, 'Undefined varia...', 'C:\\xampp\\htdocs...', 26, Array)
#1 C:\xampp\htdocs\trusur_dashboards\vendor\codeigniter4\framework\system\View\View.php(246): include('C:\\xampp\\htdocs...')
#2 C:\xampp\htdocs\trusur_dashboards\vendor\codeigniter4\framework\system\Common.php(1087): CodeIgniter\View\View->render('journals/v_jour...', Array, true)
#3 C:\xampp\htdocs\trusur_dashboards\app\Controllers\Journal.php(102): view('journals/v_jour...')
#4 C:\xampp\htdocs\trusur_dashboards\vendor\codeigniter4\framework\system\CodeIgniter.php(914): App\Controllers\Journal->add()
#5 C:\xampp\htdocs\trusur_dashboards\vendor\codeigniter4\framework\system\CodeIgniter.php(400): CodeIgniter\CodeIgniter->runController(Object(App\Controllers\Journal))
#6 C:\xampp\htdocs\trusur_dashboards\vendor\codeigniter4\framework\system\CodeIgniter.php(308): CodeIgniter\CodeIgniter->handleRequest(NULL, Object(Config\Cache), false)
#7 C:\xampp\htdocs\trusur_dashboards\public\index.php(45): CodeIgniter\CodeIgniter->run()
#8 C:\xampp\htdocs\trusur_dashboards\vendor\codeigniter4\framework\system\Commands\Server\rewrite.php(34): require_once('C:\\xampp\\htdocs...')
#9 {main}
CRITICAL - 2020-06-25 05:37:42 --> Column 'bank_id' cannot be null
#0 C:\xampp\htdocs\trusur_dashboards\vendor\codeigniter4\framework\system\Database\MySQLi\Connection.php(331): mysqli->query('INSERT INTO `jo...')
#1 C:\xampp\htdocs\trusur_dashboards\vendor\codeigniter4\framework\system\Database\BaseConnection.php(738): CodeIgniter\Database\MySQLi\Connection->execute('INSERT INTO `jo...')
#2 C:\xampp\htdocs\trusur_dashboards\vendor\codeigniter4\framework\system\Database\BaseConnection.php(666): CodeIgniter\Database\BaseConnection->simpleQuery('INSERT INTO `jo...')
#3 C:\xampp\htdocs\trusur_dashboards\vendor\codeigniter4\framework\system\Database\BaseBuilder.php(2234): CodeIgniter\Database\BaseConnection->query('INSERT INTO `jo...', Array, false)
#4 C:\xampp\htdocs\trusur_dashboards\vendor\codeigniter4\framework\system\Model.php(729): CodeIgniter\Database\BaseBuilder->insert()
#5 C:\xampp\htdocs\trusur_dashboards\vendor\codeigniter4\framework\system\Model.php(557): CodeIgniter\Model->insert(Array, false)
#6 C:\xampp\htdocs\trusur_dashboards\app\Controllers\Journal.php(83): CodeIgniter\Model->save(Array)
#7 C:\xampp\htdocs\trusur_dashboards\vendor\codeigniter4\framework\system\CodeIgniter.php(914): App\Controllers\Journal->add()
#8 C:\xampp\htdocs\trusur_dashboards\vendor\codeigniter4\framework\system\CodeIgniter.php(400): CodeIgniter\CodeIgniter->runController(Object(App\Controllers\Journal))
#9 C:\xampp\htdocs\trusur_dashboards\vendor\codeigniter4\framework\system\CodeIgniter.php(308): CodeIgniter\CodeIgniter->handleRequest(NULL, Object(Config\Cache), false)
#10 C:\xampp\htdocs\trusur_dashboards\public\index.php(45): CodeIgniter\CodeIgniter->run()
#11 C:\xampp\htdocs\trusur_dashboards\vendor\codeigniter4\framework\system\Commands\Server\rewrite.php(34): require_once('C:\\xampp\\htdocs...')
#12 {main}
CRITICAL - 2020-06-25 05:38:51 --> Column 'bank_id' cannot be null
#0 C:\xampp\htdocs\trusur_dashboards\vendor\codeigniter4\framework\system\Database\MySQLi\Connection.php(331): mysqli->query('INSERT INTO `jo...')
#1 C:\xampp\htdocs\trusur_dashboards\vendor\codeigniter4\framework\system\Database\BaseConnection.php(738): CodeIgniter\Database\MySQLi\Connection->execute('INSERT INTO `jo...')
#2 C:\xampp\htdocs\trusur_dashboards\vendor\codeigniter4\framework\system\Database\BaseConnection.php(666): CodeIgniter\Database\BaseConnection->simpleQuery('INSERT INTO `jo...')
#3 C:\xampp\htdocs\trusur_dashboards\vendor\codeigniter4\framework\system\Database\BaseBuilder.php(2234): CodeIgniter\Database\BaseConnection->query('INSERT INTO `jo...', Array, false)
#4 C:\xampp\htdocs\trusur_dashboards\vendor\codeigniter4\framework\system\Model.php(729): CodeIgniter\Database\BaseBuilder->insert()
#5 C:\xampp\htdocs\trusur_dashboards\vendor\codeigniter4\framework\system\Model.php(557): CodeIgniter\Model->insert(Array, false)
#6 C:\xampp\htdocs\trusur_dashboards\app\Controllers\Journal.php(84): CodeIgniter\Model->save(Array)
#7 C:\xampp\htdocs\trusur_dashboards\vendor\codeigniter4\framework\system\CodeIgniter.php(914): App\Controllers\Journal->add()
#8 C:\xampp\htdocs\trusur_dashboards\vendor\codeigniter4\framework\system\CodeIgniter.php(400): CodeIgniter\CodeIgniter->runController(Object(App\Controllers\Journal))
#9 C:\xampp\htdocs\trusur_dashboards\vendor\codeigniter4\framework\system\CodeIgniter.php(308): CodeIgniter\CodeIgniter->handleRequest(NULL, Object(Config\Cache), false)
#10 C:\xampp\htdocs\trusur_dashboards\public\index.php(45): CodeIgniter\CodeIgniter->run()
#11 C:\xampp\htdocs\trusur_dashboards\vendor\codeigniter4\framework\system\Commands\Server\rewrite.php(34): require_once('C:\\xampp\\htdocs...')
#12 {main}
CRITICAL - 2020-06-25 05:39:24 --> Column 'bank_id' cannot be null
#0 C:\xampp\htdocs\trusur_dashboards\vendor\codeigniter4\framework\system\Database\MySQLi\Connection.php(331): mysqli->query('INSERT INTO `jo...')
#1 C:\xampp\htdocs\trusur_dashboards\vendor\codeigniter4\framework\system\Database\BaseConnection.php(738): CodeIgniter\Database\MySQLi\Connection->execute('INSERT INTO `jo...')
#2 C:\xampp\htdocs\trusur_dashboards\vendor\codeigniter4\framework\system\Database\BaseConnection.php(666): CodeIgniter\Database\BaseConnection->simpleQuery('INSERT INTO `jo...')
#3 C:\xampp\htdocs\trusur_dashboards\vendor\codeigniter4\framework\system\Database\BaseBuilder.php(2234): CodeIgniter\Database\BaseConnection->query('INSERT INTO `jo...', Array, false)
#4 C:\xampp\htdocs\trusur_dashboards\vendor\codeigniter4\framework\system\Model.php(729): CodeIgniter\Database\BaseBuilder->insert()
#5 C:\xampp\htdocs\trusur_dashboards\vendor\codeigniter4\framework\system\Model.php(557): CodeIgniter\Model->insert(Array, false)
#6 C:\xampp\htdocs\trusur_dashboards\app\Controllers\Journal.php(83): CodeIgniter\Model->save(Array)
#7 C:\xampp\htdocs\trusur_dashboards\vendor\codeigniter4\framework\system\CodeIgniter.php(914): App\Controllers\Journal->add()
#8 C:\xampp\htdocs\trusur_dashboards\vendor\codeigniter4\framework\system\CodeIgniter.php(400): CodeIgniter\CodeIgniter->runController(Object(App\Controllers\Journal))
#9 C:\xampp\htdocs\trusur_dashboards\vendor\codeigniter4\framework\system\CodeIgniter.php(308): CodeIgniter\CodeIgniter->handleRequest(NULL, Object(Config\Cache), false)
#10 C:\xampp\htdocs\trusur_dashboards\public\index.php(45): CodeIgniter\CodeIgniter->run()
#11 C:\xampp\htdocs\trusur_dashboards\vendor\codeigniter4\framework\system\Commands\Server\rewrite.php(34): require_once('C:\\xampp\\htdocs...')
#12 {main}
CRITICAL - 2020-06-25 05:40:33 --> Column 'bank_id' cannot be null
#0 C:\xampp\htdocs\trusur_dashboards\vendor\codeigniter4\framework\system\Database\MySQLi\Connection.php(331): mysqli->query('INSERT INTO `jo...')
#1 C:\xampp\htdocs\trusur_dashboards\vendor\codeigniter4\framework\system\Database\BaseConnection.php(738): CodeIgniter\Database\MySQLi\Connection->execute('INSERT INTO `jo...')
#2 C:\xampp\htdocs\trusur_dashboards\vendor\codeigniter4\framework\system\Database\BaseConnection.php(666): CodeIgniter\Database\BaseConnection->simpleQuery('INSERT INTO `jo...')
#3 C:\xampp\htdocs\trusur_dashboards\vendor\codeigniter4\framework\system\Database\BaseBuilder.php(2234): CodeIgniter\Database\BaseConnection->query('INSERT INTO `jo...', Array, false)
#4 C:\xampp\htdocs\trusur_dashboards\vendor\codeigniter4\framework\system\Model.php(729): CodeIgniter\Database\BaseBuilder->insert()
#5 C:\xampp\htdocs\trusur_dashboards\vendor\codeigniter4\framework\system\Model.php(557): CodeIgniter\Model->insert(Array, false)
#6 C:\xampp\htdocs\trusur_dashboards\app\Controllers\Journal.php(83): CodeIgniter\Model->save(Array)
#7 C:\xampp\htdocs\trusur_dashboards\vendor\codeigniter4\framework\system\CodeIgniter.php(914): App\Controllers\Journal->add()
#8 C:\xampp\htdocs\trusur_dashboards\vendor\codeigniter4\framework\system\CodeIgniter.php(400): CodeIgniter\CodeIgniter->runController(Object(App\Controllers\Journal))
#9 C:\xampp\htdocs\trusur_dashboards\vendor\codeigniter4\framework\system\CodeIgniter.php(308): CodeIgniter\CodeIgniter->handleRequest(NULL, Object(Config\Cache), false)
#10 C:\xampp\htdocs\trusur_dashboards\public\index.php(45): CodeIgniter\CodeIgniter->run()
#11 C:\xampp\htdocs\trusur_dashboards\vendor\codeigniter4\framework\system\Commands\Server\rewrite.php(34): require_once('C:\\xampp\\htdocs...')
#12 {main}
CRITICAL - 2020-06-25 05:41:52 --> Column 'bank_id' cannot be null
#0 C:\xampp\htdocs\trusur_dashboards\vendor\codeigniter4\framework\system\Database\MySQLi\Connection.php(331): mysqli->query('INSERT INTO `jo...')
#1 C:\xampp\htdocs\trusur_dashboards\vendor\codeigniter4\framework\system\Database\BaseConnection.php(738): CodeIgniter\Database\MySQLi\Connection->execute('INSERT INTO `jo...')
#2 C:\xampp\htdocs\trusur_dashboards\vendor\codeigniter4\framework\system\Database\BaseConnection.php(666): CodeIgniter\Database\BaseConnection->simpleQuery('INSERT INTO `jo...')
#3 C:\xampp\htdocs\trusur_dashboards\vendor\codeigniter4\framework\system\Database\BaseBuilder.php(2234): CodeIgniter\Database\BaseConnection->query('INSERT INTO `jo...', Array, false)
#4 C:\xampp\htdocs\trusur_dashboards\vendor\codeigniter4\framework\system\Model.php(729): CodeIgniter\Database\BaseBuilder->insert()
#5 C:\xampp\htdocs\trusur_dashboards\vendor\codeigniter4\framework\system\Model.php(557): CodeIgniter\Model->insert(Array, false)
#6 C:\xampp\htdocs\trusur_dashboards\app\Controllers\Journal.php(84): CodeIgniter\Model->save(Array)
#7 C:\xampp\htdocs\trusur_dashboards\vendor\codeigniter4\framework\system\CodeIgniter.php(914): App\Controllers\Journal->add()
#8 C:\xampp\htdocs\trusur_dashboards\vendor\codeigniter4\framework\system\CodeIgniter.php(400): CodeIgniter\CodeIgniter->runController(Object(App\Controllers\Journal))
#9 C:\xampp\htdocs\trusur_dashboards\vendor\codeigniter4\framework\system\CodeIgniter.php(308): CodeIgniter\CodeIgniter->handleRequest(NULL, Object(Config\Cache), false)
#10 C:\xampp\htdocs\trusur_dashboards\public\index.php(45): CodeIgniter\CodeIgniter->run()
#11 C:\xampp\htdocs\trusur_dashboards\vendor\codeigniter4\framework\system\Commands\Server\rewrite.php(34): require_once('C:\\xampp\\htdocs...')
#12 {main}
CRITICAL - 2020-06-25 05:43:20 --> Undefined variable: id
#0 C:\xampp\htdocs\trusur_dashboards\app\Controllers\Journal.php(95): CodeIgniter\Debug\Exceptions->errorHandler(8, 'Undefined varia...', 'C:\\xampp\\htdocs...', 95, Array)
#1 C:\xampp\htdocs\trusur_dashboards\vendor\codeigniter4\framework\system\CodeIgniter.php(914): App\Controllers\Journal->add()
#2 C:\xampp\htdocs\trusur_dashboards\vendor\codeigniter4\framework\system\CodeIgniter.php(400): CodeIgniter\CodeIgniter->runController(Object(App\Controllers\Journal))
#3 C:\xampp\htdocs\trusur_dashboards\vendor\codeigniter4\framework\system\CodeIgniter.php(308): CodeIgniter\CodeIgniter->handleRequest(NULL, Object(Config\Cache), false)
#4 C:\xampp\htdocs\trusur_dashboards\public\index.php(45): CodeIgniter\CodeIgniter->run()
#5 C:\xampp\htdocs\trusur_dashboards\vendor\codeigniter4\framework\system\Commands\Server\rewrite.php(34): require_once('C:\\xampp\\htdocs...')
#6 {main}
CRITICAL - 2020-06-25 06:36:48 --> syntax error, unexpected ')', expecting ']'
#0 C:\xampp\htdocs\trusur_dashboards\vendor\codeigniter4\framework\system\Autoloader\Autoloader.php(296): CodeIgniter\Autoloader\Autoloader->requireFile('C:\\xampp\\htdocs...')
#1 C:\xampp\htdocs\trusur_dashboards\vendor\codeigniter4\framework\system\Autoloader\Autoloader.php(258): CodeIgniter\Autoloader\Autoloader->loadInNamespace('App\\Controllers...')
#2 [internal function]: CodeIgniter\Autoloader\Autoloader->loadClass('App\\Controllers...')
#3 [internal function]: spl_autoload_call('App\\Controllers...')
#4 C:\xampp\htdocs\trusur_dashboards\vendor\codeigniter4\framework\system\CodeIgniter.php(865): class_exists('\\App\\Controller...', true)
#5 C:\xampp\htdocs\trusur_dashboards\vendor\codeigniter4\framework\system\CodeIgniter.php(390): CodeIgniter\CodeIgniter->startController()
#6 C:\xampp\htdocs\trusur_dashboards\vendor\codeigniter4\framework\system\CodeIgniter.php(308): CodeIgniter\CodeIgniter->handleRequest(NULL, Object(Config\Cache), false)
#7 C:\xampp\htdocs\trusur_dashboards\public\index.php(45): CodeIgniter\CodeIgniter->run()
#8 C:\xampp\htdocs\trusur_dashboards\vendor\codeigniter4\framework\system\Commands\Server\rewrite.php(34): require_once('C:\\xampp\\htdocs...')
#9 {main}
CRITICAL - 2020-06-25 06:38:36 --> syntax error, unexpected ')', expecting ']'
#0 C:\xampp\htdocs\trusur_dashboards\vendor\codeigniter4\framework\system\Autoloader\Autoloader.php(296): CodeIgniter\Autoloader\Autoloader->requireFile('C:\\xampp\\htdocs...')
#1 C:\xampp\htdocs\trusur_dashboards\vendor\codeigniter4\framework\system\Autoloader\Autoloader.php(258): CodeIgniter\Autoloader\Autoloader->loadInNamespace('App\\Controllers...')
#2 [internal function]: CodeIgniter\Autoloader\Autoloader->loadClass('App\\Controllers...')
#3 [internal function]: spl_autoload_call('App\\Controllers...')
#4 C:\xampp\htdocs\trusur_dashboards\vendor\codeigniter4\framework\system\CodeIgniter.php(865): class_exists('\\App\\Controller...', true)
#5 C:\xampp\htdocs\trusur_dashboards\vendor\codeigniter4\framework\system\CodeIgniter.php(390): CodeIgniter\CodeIgniter->startController()
#6 C:\xampp\htdocs\trusur_dashboards\vendor\codeigniter4\framework\system\CodeIgniter.php(308): CodeIgniter\CodeIgniter->handleRequest(NULL, Object(Config\Cache), false)
#7 C:\xampp\htdocs\trusur_dashboards\public\index.php(45): CodeIgniter\CodeIgniter->run()
#8 C:\xampp\htdocs\trusur_dashboards\vendor\codeigniter4\framework\system\Commands\Server\rewrite.php(34): require_once('C:\\xampp\\htdocs...')
#9 {main}
CRITICAL - 2020-06-25 06:38:43 --> syntax error, unexpected ')', expecting ']'
#0 C:\xampp\htdocs\trusur_dashboards\vendor\codeigniter4\framework\system\Autoloader\Autoloader.php(296): CodeIgniter\Autoloader\Autoloader->requireFile('C:\\xampp\\htdocs...')
#1 C:\xampp\htdocs\trusur_dashboards\vendor\codeigniter4\framework\system\Autoloader\Autoloader.php(258): CodeIgniter\Autoloader\Autoloader->loadInNamespace('App\\Controllers...')
#2 [internal function]: CodeIgniter\Autoloader\Autoloader->loadClass('App\\Controllers...')
#3 [internal function]: spl_autoload_call('App\\Controllers...')
#4 C:\xampp\htdocs\trusur_dashboards\vendor\codeigniter4\framework\system\CodeIgniter.php(865): class_exists('\\App\\Controller...', true)
#5 C:\xampp\htdocs\trusur_dashboards\vendor\codeigniter4\framework\system\CodeIgniter.php(390): CodeIgniter\CodeIgniter->startController()
#6 C:\xampp\htdocs\trusur_dashboards\vendor\codeigniter4\framework\system\CodeIgniter.php(308): CodeIgniter\CodeIgniter->handleRequest(NULL, Object(Config\Cache), false)
#7 C:\xampp\htdocs\trusur_dashboards\public\index.php(45): CodeIgniter\CodeIgniter->run()
#8 C:\xampp\htdocs\trusur_dashboards\vendor\codeigniter4\framework\system\Commands\Server\rewrite.php(34): require_once('C:\\xampp\\htdocs...')
#9 {main}
CRITICAL - 2020-06-25 06:38:50 --> Undefined index: flash_message
#0 C:\xampp\htdocs\trusur_dashboards\app\Views\journals\v_journal_edit.php(7): CodeIgniter\Debug\Exceptions->errorHandler(8, 'Undefined index...', 'C:\\xampp\\htdocs...', 7, Array)
#1 C:\xampp\htdocs\trusur_dashboards\vendor\codeigniter4\framework\system\View\View.php(246): include('C:\\xampp\\htdocs...')
#2 C:\xampp\htdocs\trusur_dashboards\vendor\codeigniter4\framework\system\Common.php(1087): CodeIgniter\View\View->render('journals/v_jour...', Array, true)
#3 C:\xampp\htdocs\trusur_dashboards\app\Controllers\Journal.php(150): view('journals/v_jour...')
#4 C:\xampp\htdocs\trusur_dashboards\vendor\codeigniter4\framework\system\CodeIgniter.php(914): App\Controllers\Journal->edit('13')
#5 C:\xampp\htdocs\trusur_dashboards\vendor\codeigniter4\framework\system\CodeIgniter.php(400): CodeIgniter\CodeIgniter->runController(Object(App\Controllers\Journal))
#6 C:\xampp\htdocs\trusur_dashboards\vendor\codeigniter4\framework\system\CodeIgniter.php(308): CodeIgniter\CodeIgniter->handleRequest(NULL, Object(Config\Cache), false)
#7 C:\xampp\htdocs\trusur_dashboards\public\index.php(45): CodeIgniter\CodeIgniter->run()
#8 C:\xampp\htdocs\trusur_dashboards\vendor\codeigniter4\framework\system\Commands\Server\rewrite.php(34): require_once('C:\\xampp\\htdocs...')
#9 {main}
CRITICAL - 2020-06-25 06:41:03 --> Undefined index: flash_message
#0 C:\xampp\htdocs\trusur_dashboards\app\Views\journals\v_journal_edit.php(7): CodeIgniter\Debug\Exceptions->errorHandler(8, 'Undefined index...', 'C:\\xampp\\htdocs...', 7, Array)
#1 C:\xampp\htdocs\trusur_dashboards\vendor\codeigniter4\framework\system\View\View.php(246): include('C:\\xampp\\htdocs...')
#2 C:\xampp\htdocs\trusur_dashboards\vendor\codeigniter4\framework\system\Common.php(1087): CodeIgniter\View\View->render('journals/v_jour...', Array, true)
#3 C:\xampp\htdocs\trusur_dashboards\app\Controllers\Journal.php(150): view('journals/v_jour...')
#4 C:\xampp\htdocs\trusur_dashboards\vendor\codeigniter4\framework\system\CodeIgniter.php(914): App\Controllers\Journal->edit('13')
#5 C:\xampp\htdocs\trusur_dashboards\vendor\codeigniter4\framework\system\CodeIgniter.php(400): CodeIgniter\CodeIgniter->runController(Object(App\Controllers\Journal))
#6 C:\xampp\htdocs\trusur_dashboards\vendor\codeigniter4\framework\system\CodeIgniter.php(308): CodeIgniter\CodeIgniter->handleRequest(NULL, Object(Config\Cache), false)
#7 C:\xampp\htdocs\trusur_dashboards\public\index.php(45): CodeIgniter\CodeIgniter->run()
#8 C:\xampp\htdocs\trusur_dashboards\vendor\codeigniter4\framework\system\Commands\Server\rewrite.php(34): require_once('C:\\xampp\\htdocs...')
#9 {main}
CRITICAL - 2020-06-25 06:41:21 --> Undefined index: flash_message
#0 C:\xampp\htdocs\trusur_dashboards\app\Views\journals\v_journal_edit.php(7): CodeIgniter\Debug\Exceptions->errorHandler(8, 'Undefined index...', 'C:\\xampp\\htdocs...', 7, Array)
#1 C:\xampp\htdocs\trusur_dashboards\vendor\codeigniter4\framework\system\View\View.php(246): include('C:\\xampp\\htdocs...')
#2 C:\xampp\htdocs\trusur_dashboards\vendor\codeigniter4\framework\system\Common.php(1087): CodeIgniter\View\View->render('journals/v_jour...', Array, true)
#3 C:\xampp\htdocs\trusur_dashboards\app\Controllers\Journal.php(150): view('journals/v_jour...')
#4 C:\xampp\htdocs\trusur_dashboards\vendor\codeigniter4\framework\system\CodeIgniter.php(914): App\Controllers\Journal->edit('13')
#5 C:\xampp\htdocs\trusur_dashboards\vendor\codeigniter4\framework\system\CodeIgniter.php(400): CodeIgniter\CodeIgniter->runController(Object(App\Controllers\Journal))
#6 C:\xampp\htdocs\trusur_dashboards\vendor\codeigniter4\framework\system\CodeIgniter.php(308): CodeIgniter\CodeIgniter->handleRequest(NULL, Object(Config\Cache), false)
#7 C:\xampp\htdocs\trusur_dashboards\public\index.php(45): CodeIgniter\CodeIgniter->run()
#8 C:\xampp\htdocs\trusur_dashboards\vendor\codeigniter4\framework\system\Commands\Server\rewrite.php(34): require_once('C:\\xampp\\htdocs...')
#9 {main}
CRITICAL - 2020-06-25 07:06:59 --> Undefined variable: id
#0 C:\xampp\htdocs\trusur_dashboards\app\Views\journals\v_journals.php(137): CodeIgniter\Debug\Exceptions->errorHandler(8, 'Undefined varia...', 'C:\\xampp\\htdocs...', 137, Array)
#1 C:\xampp\htdocs\trusur_dashboards\vendor\codeigniter4\framework\system\View\View.php(246): include('C:\\xampp\\htdocs...')
#2 C:\xampp\htdocs\trusur_dashboards\vendor\codeigniter4\framework\system\Common.php(1087): CodeIgniter\View\View->render('journals/v_jour...', Array, true)
#3 C:\xampp\htdocs\trusur_dashboards\app\Controllers\Journal.php(68): view('journals/v_jour...')
#4 C:\xampp\htdocs\trusur_dashboards\vendor\codeigniter4\framework\system\CodeIgniter.php(914): App\Controllers\Journal->index()
#5 C:\xampp\htdocs\trusur_dashboards\vendor\codeigniter4\framework\system\CodeIgniter.php(400): CodeIgniter\CodeIgniter->runController(Object(App\Controllers\Journal))
#6 C:\xampp\htdocs\trusur_dashboards\vendor\codeigniter4\framework\system\CodeIgniter.php(308): CodeIgniter\CodeIgniter->handleRequest(NULL, Object(Config\Cache), false)
#7 C:\xampp\htdocs\trusur_dashboards\public\index.php(45): CodeIgniter\CodeIgniter->run()
#8 C:\xampp\htdocs\trusur_dashboards\vendor\codeigniter4\framework\system\Commands\Server\rewrite.php(34): require_once('C:\\xampp\\htdocs...')
#9 {main}
CRITICAL - 2020-06-25 08:37:08 --> Undefined property: App\Controllers\Bank::$journals
#0 C:\xampp\htdocs\trusur_dashboards\app\Controllers\Bank.php(53): CodeIgniter\Debug\Exceptions->errorHandler(8, 'Undefined prope...', 'C:\\xampp\\htdocs...', 53, Array)
#1 C:\xampp\htdocs\trusur_dashboards\vendor\codeigniter4\framework\system\CodeIgniter.php(914): App\Controllers\Bank->index()
#2 C:\xampp\htdocs\trusur_dashboards\vendor\codeigniter4\framework\system\CodeIgniter.php(400): CodeIgniter\CodeIgniter->runController(Object(App\Controllers\Bank))
#3 C:\xampp\htdocs\trusur_dashboards\vendor\codeigniter4\framework\system\CodeIgniter.php(308): CodeIgniter\CodeIgniter->handleRequest(NULL, Object(Config\Cache), false)
#4 C:\xampp\htdocs\trusur_dashboards\public\index.php(45): CodeIgniter\CodeIgniter->run()
#5 C:\xampp\htdocs\trusur_dashboards\vendor\codeigniter4\framework\system\Commands\Server\rewrite.php(34): require_once('C:\\xampp\\htdocs...')
#6 {main}
CRITICAL - 2020-06-25 08:37:27 --> Undefined property: App\Controllers\Bank::$journals
#0 C:\xampp\htdocs\trusur_dashboards\app\Controllers\Bank.php(52): CodeIgniter\Debug\Exceptions->errorHandler(8, 'Undefined prope...', 'C:\\xampp\\htdocs...', 52, Array)
#1 C:\xampp\htdocs\trusur_dashboards\vendor\codeigniter4\framework\system\CodeIgniter.php(914): App\Controllers\Bank->index()
#2 C:\xampp\htdocs\trusur_dashboards\vendor\codeigniter4\framework\system\CodeIgniter.php(400): CodeIgniter\CodeIgniter->runController(Object(App\Controllers\Bank))
#3 C:\xampp\htdocs\trusur_dashboards\vendor\codeigniter4\framework\system\CodeIgniter.php(308): CodeIgniter\CodeIgniter->handleRequest(NULL, Object(Config\Cache), false)
#4 C:\xampp\htdocs\trusur_dashboards\public\index.php(45): CodeIgniter\CodeIgniter->run()
#5 C:\xampp\htdocs\trusur_dashboards\vendor\codeigniter4\framework\system\Commands\Server\rewrite.php(34): require_once('C:\\xampp\\htdocs...')
#6 {main}
CRITICAL - 2020-06-25 08:37:43 --> Undefined variable: journal_detail
#0 C:\xampp\htdocs\trusur_dashboards\app\Controllers\Journal.php(63): CodeIgniter\Debug\Exceptions->errorHandler(8, 'Undefined varia...', 'C:\\xampp\\htdocs...', 63, Array)
#1 C:\xampp\htdocs\trusur_dashboards\vendor\codeigniter4\framework\system\CodeIgniter.php(914): App\Controllers\Journal->index()
#2 C:\xampp\htdocs\trusur_dashboards\vendor\codeigniter4\framework\system\CodeIgniter.php(400): CodeIgniter\CodeIgniter->runController(Object(App\Controllers\Journal))
#3 C:\xampp\htdocs\trusur_dashboards\vendor\codeigniter4\framework\system\CodeIgniter.php(308): CodeIgniter\CodeIgniter->handleRequest(NULL, Object(Config\Cache), false)
#4 C:\xampp\htdocs\trusur_dashboards\public\index.php(45): CodeIgniter\CodeIgniter->run()
#5 C:\xampp\htdocs\trusur_dashboards\vendor\codeigniter4\framework\system\Commands\Server\rewrite.php(34): require_once('C:\\xampp\\htdocs...')
#6 {main}
CRITICAL - 2020-06-25 08:37:56 --> Undefined property: App\Controllers\Bank::$journals
#0 C:\xampp\htdocs\trusur_dashboards\app\Controllers\Bank.php(52): CodeIgniter\Debug\Exceptions->errorHandler(8, 'Undefined prope...', 'C:\\xampp\\htdocs...', 52, Array)
#1 C:\xampp\htdocs\trusur_dashboards\vendor\codeigniter4\framework\system\CodeIgniter.php(914): App\Controllers\Bank->index()
#2 C:\xampp\htdocs\trusur_dashboards\vendor\codeigniter4\framework\system\CodeIgniter.php(400): CodeIgniter\CodeIgniter->runController(Object(App\Controllers\Bank))
#3 C:\xampp\htdocs\trusur_dashboards\vendor\codeigniter4\framework\system\CodeIgniter.php(308): CodeIgniter\CodeIgniter->handleRequest(NULL, Object(Config\Cache), false)
#4 C:\xampp\htdocs\trusur_dashboards\public\index.php(45): CodeIgniter\CodeIgniter->run()
#5 {main}
CRITICAL - 2020-06-25 08:39:14 --> Undefined variable: bank_detail
#0 C:\xampp\htdocs\trusur_dashboards\app\Controllers\Bank.php(67): CodeIgniter\Debug\Exceptions->errorHandler(8, 'Undefined varia...', 'C:\\xampp\\htdocs...', 67, Array)
#1 C:\xampp\htdocs\trusur_dashboards\vendor\codeigniter4\framework\system\CodeIgniter.php(914): App\Controllers\Bank->index()
#2 C:\xampp\htdocs\trusur_dashboards\vendor\codeigniter4\framework\system\CodeIgniter.php(400): CodeIgniter\CodeIgniter->runController(Object(App\Controllers\Bank))
#3 C:\xampp\htdocs\trusur_dashboards\vendor\codeigniter4\framework\system\CodeIgniter.php(308): CodeIgniter\CodeIgniter->handleRequest(NULL, Object(Config\Cache), false)
#4 C:\xampp\htdocs\trusur_dashboards\public\index.php(45): CodeIgniter\CodeIgniter->run()
#5 {main}
CRITICAL - 2020-06-25 08:39:41 --> Undefined variable: journals
#0 C:\xampp\htdocs\trusur_dashboards\app\Views\banks\v_list.php(102): CodeIgniter\Debug\Exceptions->errorHandler(8, 'Undefined varia...', 'C:\\xampp\\htdocs...', 102, Array)
#1 C:\xampp\htdocs\trusur_dashboards\vendor\codeigniter4\framework\system\View\View.php(246): include('C:\\xampp\\htdocs...')
#2 C:\xampp\htdocs\trusur_dashboards\vendor\codeigniter4\framework\system\Common.php(1087): CodeIgniter\View\View->render('banks/v_list', Array, true)
#3 C:\xampp\htdocs\trusur_dashboards\app\Controllers\Bank.php(71): view('banks/v_list')
#4 C:\xampp\htdocs\trusur_dashboards\vendor\codeigniter4\framework\system\CodeIgniter.php(914): App\Controllers\Bank->index()
#5 C:\xampp\htdocs\trusur_dashboards\vendor\codeigniter4\framework\system\CodeIgniter.php(400): CodeIgniter\CodeIgniter->runController(Object(App\Controllers\Bank))
#6 C:\xampp\htdocs\trusur_dashboards\vendor\codeigniter4\framework\system\CodeIgniter.php(308): CodeIgniter\CodeIgniter->handleRequest(NULL, Object(Config\Cache), false)
#7 C:\xampp\htdocs\trusur_dashboards\public\index.php(45): CodeIgniter\CodeIgniter->run()
#8 {main}
CRITICAL - 2020-06-25 08:40:00 --> Invalid argument supplied for foreach()
#0 C:\xampp\htdocs\trusur_dashboards\app\Views\banks\v_list.php(102): CodeIgniter\Debug\Exceptions->errorHandler(2, 'Invalid argumen...', 'C:\\xampp\\htdocs...', 102, Array)
#1 C:\xampp\htdocs\trusur_dashboards\vendor\codeigniter4\framework\system\View\View.php(246): include('C:\\xampp\\htdocs...')
#2 C:\xampp\htdocs\trusur_dashboards\vendor\codeigniter4\framework\system\Common.php(1087): CodeIgniter\View\View->render('banks/v_list', Array, true)
#3 C:\xampp\htdocs\trusur_dashboards\app\Controllers\Bank.php(71): view('banks/v_list')
#4 C:\xampp\htdocs\trusur_dashboards\vendor\codeigniter4\framework\system\CodeIgniter.php(914): App\Controllers\Bank->index()
#5 C:\xampp\htdocs\trusur_dashboards\vendor\codeigniter4\framework\system\CodeIgniter.php(400): CodeIgniter\CodeIgniter->runController(Object(App\Controllers\Bank))
#6 C:\xampp\htdocs\trusur_dashboards\vendor\codeigniter4\framework\system\CodeIgniter.php(308): CodeIgniter\CodeIgniter->handleRequest(NULL, Object(Config\Cache), false)
#7 C:\xampp\htdocs\trusur_dashboards\public\index.php(45): CodeIgniter\CodeIgniter->run()
#8 {main}
CRITICAL - 2020-06-25 19:08:54 --> Undefined variable: banks
#0 C:\xampp\htdocs\trusur_dashboards\app\Views\banks\v_edit.php(43): CodeIgniter\Debug\Exceptions->errorHandler(8, 'Undefined varia...', 'C:\\xampp\\htdocs...', 43, Array)
#1 C:\xampp\htdocs\trusur_dashboards\vendor\codeigniter4\framework\system\View\View.php(246): include('C:\\xampp\\htdocs...')
#2 C:\xampp\htdocs\trusur_dashboards\vendor\codeigniter4\framework\system\Common.php(1087): CodeIgniter\View\View->render('banks/v_edit', Array, true)
#3 C:\xampp\htdocs\trusur_dashboards\app\Controllers\Bank.php(95): view('banks/v_edit')
#4 C:\xampp\htdocs\trusur_dashboards\vendor\codeigniter4\framework\system\CodeIgniter.php(914): App\Controllers\Bank->add()
#5 C:\xampp\htdocs\trusur_dashboards\vendor\codeigniter4\framework\system\CodeIgniter.php(400): CodeIgniter\CodeIgniter->runController(Object(App\Controllers\Bank))
#6 C:\xampp\htdocs\trusur_dashboards\vendor\codeigniter4\framework\system\CodeIgniter.php(308): CodeIgniter\CodeIgniter->handleRequest(NULL, Object(Config\Cache), false)
#7 C:\xampp\htdocs\trusur_dashboards\public\index.php(45): CodeIgniter\CodeIgniter->run()
#8 C:\xampp\htdocs\trusur_dashboards\vendor\codeigniter4\framework\system\Commands\Server\rewrite.php(34): require_once('C:\\xampp\\htdocs...')
#9 {main}
CRITICAL - 2020-06-25 19:36:45 --> Undefined property: stdClass::$descritpion
#0 C:\xampp\htdocs\trusur_dashboards\app\Views\banks\v_edit.php(21): CodeIgniter\Debug\Exceptions->errorHandler(8, 'Undefined prope...', 'C:\\xampp\\htdocs...', 21, Array)
#1 C:\xampp\htdocs\trusur_dashboards\vendor\codeigniter4\framework\system\View\View.php(246): include('C:\\xampp\\htdocs...')
#2 C:\xampp\htdocs\trusur_dashboards\vendor\codeigniter4\framework\system\Common.php(1087): CodeIgniter\View\View->render('banks/v_edit', Array, true)
#3 C:\xampp\htdocs\trusur_dashboards\app\Controllers\Bank.php(95): view('banks/v_edit')
#4 C:\xampp\htdocs\trusur_dashboards\vendor\codeigniter4\framework\system\CodeIgniter.php(914): App\Controllers\Bank->add()
#5 C:\xampp\htdocs\trusur_dashboards\vendor\codeigniter4\framework\system\CodeIgniter.php(400): CodeIgniter\CodeIgniter->runController(Object(App\Controllers\Bank))
#6 C:\xampp\htdocs\trusur_dashboards\vendor\codeigniter4\framework\system\CodeIgniter.php(308): CodeIgniter\CodeIgniter->handleRequest(NULL, Object(Config\Cache), false)
#7 C:\xampp\htdocs\trusur_dashboards\public\index.php(45): CodeIgniter\CodeIgniter->run()
#8 C:\xampp\htdocs\trusur_dashboards\vendor\codeigniter4\framework\system\Commands\Server\rewrite.php(34): require_once('C:\\xampp\\htdocs...')
#9 {main}
